This file contains any messages produced by compilers while
running configure, to aid debugging if configure makes a mistake.

It was created by netcanft configure 1.1.0, which was
generated by GNU Autoconf 2.68.  Invocation command line was

  $ ./configure 

## --------- ##
## Platform. ##
## --------- ##

hostname = powerball
uname -m = x86_64
uname -r = 3.8.0-35-generic
uname -s = Linux
uname -v = #52~precise1-Ubuntu SMP Thu Jan 30 17:24:40 UTC 2014

/usr/bin/uname -p = unknown
/bin/uname -X     = unknown

/bin/arch              = unknown
/usr/bin/arch -k       = unknown
/usr/convex/getsysinfo = unknown
/usr/bin/hostinfo      = unknown
/bin/machine           = unknown
/usr/bin/oslevel       = unknown
/bin/universe          = unknown

PATH: /usr/lib/lightdm/lightdm
PATH: /usr/local/sbin
PATH: /usr/local/bin
PATH: /usr/sbin
PATH: /usr/bin
PATH: /sbin
PATH: /bin
PATH: /usr/games


## ----------- ##
## Core tests. ##
## ----------- ##

configure:1907: loading site script /usr/local/share/config.site
| CPPFLAGS="-I/usr/local/include"
| LDFLAGS="-L/usr/local/lib"
| FCFLAGS="-I/usr/local/include -g -O2 -pipe"
| CFLAGS="-g -O2 -pipe"
configure:2048: checking for a BSD-compatible install
configure:2116: result: /usr/bin/install -c
configure:2127: checking whether build environment is sane
configure:2177: result: yes
configure:2318: checking for a thread-safe mkdir -p
configure:2357: result: /bin/mkdir -p
configure:2370: checking for gawk
configure:2386: found /usr/bin/gawk
configure:2397: result: gawk
configure:2408: checking whether make sets $(MAKE)
configure:2430: result: yes
configure:2528: checking for style of include used by make
configure:2556: result: GNU
configure:2627: checking for gcc
configure:2654: result: /usr/bin/gcc-4.8
configure:2883: checking for C compiler version
configure:2892: /usr/bin/gcc-4.8 --version >&5
gcc-4.8 (Ubuntu 4.8.1-2ubuntu1~12.04) 4.8.1
Copyright (C) 2013 Free Software Foundation, Inc.
This is free software; see the source for copying conditions.  There is NO
warranty; not even for MERCHANTABILITY or FITNESS FOR A PARTICULAR PURPOSE.

configure:2903: $? = 0
configure:2892: /usr/bin/gcc-4.8 -v >&5
Using built-in specs.
COLLECT_GCC=/usr/bin/gcc-4.8
COLLECT_LTO_WRAPPER=/usr/lib/gcc/x86_64-linux-gnu/4.8/lto-wrapper
Target: x86_64-linux-gnu
Configured with: ../src/configure -v --with-pkgversion='Ubuntu 4.8.1-2ubuntu1~12.04' --with-bugurl=file:///usr/share/doc/gcc-4.8/README.Bugs --enable-languages=c,c++,java,go,d,fortran,objc,obj-c++ --prefix=/usr --program-suffix=-4.8 --enable-shared --enable-linker-build-id --libexecdir=/usr/lib --without-included-gettext --enable-threads=posix --with-gxx-include-dir=/usr/include/c++/4.8 --libdir=/usr/lib --enable-nls --with-sysroot=/ --enable-clocale=gnu --enable-libstdcxx-debug --enable-libstdcxx-time=yes --enable-gnu-unique-object --enable-plugin --with-system-zlib --disable-browser-plugin --enable-java-awt=gtk --enable-gtk-cairo --with-java-home=/usr/lib/jvm/java-1.5.0-gcj-4.8-amd64/jre --enable-java-home --with-jvm-root-dir=/usr/lib/jvm/java-1.5.0-gcj-4.8-amd64 --with-jvm-jar-dir=/usr/lib/jvm-exports/java-1.5.0-gcj-4.8-amd64 --with-arch-directory=amd64 --with-ecj-jar=/usr/share/java/eclipse-ecj.jar --enable-objc-gc --enable-multiarch --disable-werror --with-arch-32=i686 --with-abi=m64 --with-multilib-list=m32,m64 --with-tune=generic --enable-checking=release --build=x86_64-linux-gnu --host=x86_64-linux-gnu --target=x86_64-linux-gnu
Thread model: posix
gcc version 4.8.1 (Ubuntu 4.8.1-2ubuntu1~12.04) 
configure:2903: $? = 0
configure:2892: /usr/bin/gcc-4.8 -V >&5
gcc-4.8: error: unrecognized command line option '-V'
gcc-4.8: fatal error: no input files
compilation terminated.
configure:2903: $? = 4
configure:2892: /usr/bin/gcc-4.8 -qversion >&5
gcc-4.8: error: unrecognized command line option '-qversion'
gcc-4.8: fatal error: no input files
compilation terminated.
configure:2903: $? = 4
configure:2923: checking whether the C compiler works
configure:2945: /usr/bin/gcc-4.8 -g -O2 -pipe -I/usr/local/include -L/usr/local/lib conftest.c  >&5
configure:2949: $? = 0
configure:2997: result: yes
configure:3000: checking for C compiler default output file name
configure:3002: result: a.out
configure:3008: checking for suffix of executables
configure:3015: /usr/bin/gcc-4.8 -o conftest -g -O2 -pipe -I/usr/local/include -L/usr/local/lib conftest.c  >&5
configure:3019: $? = 0
configure:3041: result: 
configure:3063: checking whether we are cross compiling
configure:3071: /usr/bin/gcc-4.8 -o conftest -g -O2 -pipe -I/usr/local/include -L/usr/local/lib conftest.c  >&5
configure:3075: $? = 0
configure:3082: ./conftest
configure:3086: $? = 0
configure:3101: result: no
configure:3106: checking for suffix of object files
configure:3128: /usr/bin/gcc-4.8 -c -g -O2 -pipe -I/usr/local/include conftest.c >&5
configure:3132: $? = 0
configure:3153: result: o
configure:3157: checking whether we are using the GNU C compiler
configure:3176: /usr/bin/gcc-4.8 -c -g -O2 -pipe -I/usr/local/include conftest.c >&5
configure:3176: $? = 0
configure:3185: result: yes
configure:3194: checking whether /usr/bin/gcc-4.8 accepts -g
configure:3214: /usr/bin/gcc-4.8 -c -g -I/usr/local/include conftest.c >&5
configure:3214: $? = 0
configure:3255: result: yes
configure:3272: checking for /usr/bin/gcc-4.8 option to accept ISO C89
configure:3336: /usr/bin/gcc-4.8  -c -g -O2 -pipe -I/usr/local/include conftest.c >&5
configure:3336: $? = 0
configure:3349: result: none needed
configure:3371: checking dependency style of /usr/bin/gcc-4.8
configure:3482: result: gcc3
configure:3503: checking how to run the C preprocessor
configure:3534: /usr/bin/gcc-4.8 -E -I/usr/local/include conftest.c
configure:3534: $? = 0
configure:3548: /usr/bin/gcc-4.8 -E -I/usr/local/include conftest.c
conftest.c:11:28: fatal error: ac_nonexistent.h: No such file or directory
 #include <ac_nonexistent.h>
                            ^
compilation terminated.
configure:3548: $? = 1
configure: failed program was:
| /* confdefs.h */
| #define PACKAGE_NAME "netcanft"
| #define PACKAGE_TARNAME "netcanft"
| #define PACKAGE_VERSION "1.1.0"
| #define PACKAGE_STRING "netcanft 1.1.0"
| #define PACKAGE_BUGREPORT "ntd@gatech.edu"
| #define PACKAGE_URL ""
| #define PACKAGE "netcanft"
| #define VERSION "1.1.0"
| /* end confdefs.h.  */
| #include <ac_nonexistent.h>
configure:3573: result: /usr/bin/gcc-4.8 -E
configure:3593: /usr/bin/gcc-4.8 -E -I/usr/local/include conftest.c
configure:3593: $? = 0
configure:3607: /usr/bin/gcc-4.8 -E -I/usr/local/include conftest.c
conftest.c:11:28: fatal error: ac_nonexistent.h: No such file or directory
 #include <ac_nonexistent.h>
                            ^
compilation terminated.
configure:3607: $? = 1
configure: failed program was:
| /* confdefs.h */
| #define PACKAGE_NAME "netcanft"
| #define PACKAGE_TARNAME "netcanft"
| #define PACKAGE_VERSION "1.1.0"
| #define PACKAGE_STRING "netcanft 1.1.0"
| #define PACKAGE_BUGREPORT "ntd@gatech.edu"
| #define PACKAGE_URL ""
| #define PACKAGE "netcanft"
| #define VERSION "1.1.0"
| /* end confdefs.h.  */
| #include <ac_nonexistent.h>
configure:3636: checking for grep that handles long lines and -e
configure:3694: result: /bin/grep
configure:3699: checking for egrep
configure:3761: result: /bin/grep -E
configure:3766: checking for ANSI C header files
configure:3786: /usr/bin/gcc-4.8 -c -g -O2 -pipe -I/usr/local/include conftest.c >&5
configure:3786: $? = 0
configure:3859: /usr/bin/gcc-4.8 -o conftest -g -O2 -pipe -I/usr/local/include -L/usr/local/lib conftest.c  >&5
configure:3859: $? = 0
configure:3859: ./conftest
configure:3859: $? = 0
configure:3870: result: yes
configure:3883: checking for sys/types.h
configure:3883: /usr/bin/gcc-4.8 -c -g -O2 -pipe -I/usr/local/include conftest.c >&5
configure:3883: $? = 0
configure:3883: result: yes
configure:3883: checking for sys/stat.h
configure:3883: /usr/bin/gcc-4.8 -c -g -O2 -pipe -I/usr/local/include conftest.c >&5
configure:3883: $? = 0
configure:3883: result: yes
configure:3883: checking for stdlib.h
configure:3883: /usr/bin/gcc-4.8 -c -g -O2 -pipe -I/usr/local/include conftest.c >&5
configure:3883: $? = 0
configure:3883: result: yes
configure:3883: checking for string.h
configure:3883: /usr/bin/gcc-4.8 -c -g -O2 -pipe -I/usr/local/include conftest.c >&5
configure:3883: $? = 0
configure:3883: result: yes
configure:3883: checking for memory.h
configure:3883: /usr/bin/gcc-4.8 -c -g -O2 -pipe -I/usr/local/include conftest.c >&5
configure:3883: $? = 0
configure:3883: result: yes
configure:3883: checking for strings.h
configure:3883: /usr/bin/gcc-4.8 -c -g -O2 -pipe -I/usr/local/include conftest.c >&5
configure:3883: $? = 0
configure:3883: result: yes
configure:3883: checking for inttypes.h
configure:3883: /usr/bin/gcc-4.8 -c -g -O2 -pipe -I/usr/local/include conftest.c >&5
configure:3883: $? = 0
configure:3883: result: yes
configure:3883: checking for stdint.h
configure:3883: /usr/bin/gcc-4.8 -c -g -O2 -pipe -I/usr/local/include conftest.c >&5
configure:3883: $? = 0
configure:3883: result: yes
configure:3883: checking for unistd.h
configure:3883: /usr/bin/gcc-4.8 -c -g -O2 -pipe -I/usr/local/include conftest.c >&5
configure:3883: $? = 0
configure:3883: result: yes
configure:3896: checking minix/config.h usability
configure:3896: /usr/bin/gcc-4.8 -c -g -O2 -pipe -I/usr/local/include conftest.c >&5
conftest.c:54:26: fatal error: minix/config.h: No such file or directory
 #include <minix/config.h>
                          ^
compilation terminated.
configure:3896: $? = 1
configure: failed program was:
| /* confdefs.h */
| #define PACKAGE_NAME "netcanft"
| #define PACKAGE_TARNAME "netcanft"
| #define PACKAGE_VERSION "1.1.0"
| #define PACKAGE_STRING "netcanft 1.1.0"
| #define PACKAGE_BUGREPORT "ntd@gatech.edu"
| #define PACKAGE_URL ""
| #define PACKAGE "netcanft"
| #define VERSION "1.1.0"
| #define STDC_HEADERS 1
| #define HAVE_SYS_TYPES_H 1
| #define HAVE_SYS_STAT_H 1
| #define HAVE_STDLIB_H 1
| #define HAVE_STRING_H 1
| #define HAVE_MEMORY_H 1
| #define HAVE_STRINGS_H 1
| #define HAVE_INTTYPES_H 1
| #define HAVE_STDINT_H 1
| #define HAVE_UNISTD_H 1
| /* end confdefs.h.  */
| #include <stdio.h>
| #ifdef HAVE_SYS_TYPES_H
| # include <sys/types.h>
| #endif
| #ifdef HAVE_SYS_STAT_H
| # include <sys/stat.h>
| #endif
| #ifdef STDC_HEADERS
| # include <stdlib.h>
| # include <stddef.h>
| #else
| # ifdef HAVE_STDLIB_H
| #  include <stdlib.h>
| # endif
| #endif
| #ifdef HAVE_STRING_H
| # if !defined STDC_HEADERS && defined HAVE_MEMORY_H
| #  include <memory.h>
| # endif
| # include <string.h>
| #endif
| #ifdef HAVE_STRINGS_H
| # include <strings.h>
| #endif
| #ifdef HAVE_INTTYPES_H
| # include <inttypes.h>
| #endif
| #ifdef HAVE_STDINT_H
| # include <stdint.h>
| #endif
| #ifdef HAVE_UNISTD_H
| # include <unistd.h>
| #endif
| #include <minix/config.h>
configure:3896: result: no
configure:3896: checking minix/config.h presence
configure:3896: /usr/bin/gcc-4.8 -E -I/usr/local/include conftest.c
conftest.c:21:26: fatal error: minix/config.h: No such file or directory
 #include <minix/config.h>
                          ^
compilation terminated.
configure:3896: $? = 1
configure: failed program was:
| /* confdefs.h */
| #define PACKAGE_NAME "netcanft"
| #define PACKAGE_TARNAME "netcanft"
| #define PACKAGE_VERSION "1.1.0"
| #define PACKAGE_STRING "netcanft 1.1.0"
| #define PACKAGE_BUGREPORT "ntd@gatech.edu"
| #define PACKAGE_URL ""
| #define PACKAGE "netcanft"
| #define VERSION "1.1.0"
| #define STDC_HEADERS 1
| #define HAVE_SYS_TYPES_H 1
| #define HAVE_SYS_STAT_H 1
| #define HAVE_STDLIB_H 1
| #define HAVE_STRING_H 1
| #define HAVE_MEMORY_H 1
| #define HAVE_STRINGS_H 1
| #define HAVE_INTTYPES_H 1
| #define HAVE_STDINT_H 1
| #define HAVE_UNISTD_H 1
| /* end confdefs.h.  */
| #include <minix/config.h>
configure:3896: result: no
configure:3896: checking for minix/config.h
configure:3896: result: no
configure:3917: checking whether it is safe to define __EXTENSIONS__
configure:3935: /usr/bin/gcc-4.8 -c -g -O2 -pipe -I/usr/local/include conftest.c >&5
configure:3935: $? = 0
configure:3942: result: yes
configure:4004: checking for gcc
configure:4031: result: /usr/bin/gcc-4.8
configure:4260: checking for C compiler version
configure:4269: /usr/bin/gcc-4.8 --version >&5
gcc-4.8 (Ubuntu 4.8.1-2ubuntu1~12.04) 4.8.1
Copyright (C) 2013 Free Software Foundation, Inc.
This is free software; see the source for copying conditions.  There is NO
warranty; not even for MERCHANTABILITY or FITNESS FOR A PARTICULAR PURPOSE.

configure:4280: $? = 0
configure:4269: /usr/bin/gcc-4.8 -v >&5
Using built-in specs.
COLLECT_GCC=/usr/bin/gcc-4.8
COLLECT_LTO_WRAPPER=/usr/lib/gcc/x86_64-linux-gnu/4.8/lto-wrapper
Target: x86_64-linux-gnu
Configured with: ../src/configure -v --with-pkgversion='Ubuntu 4.8.1-2ubuntu1~12.04' --with-bugurl=file:///usr/share/doc/gcc-4.8/README.Bugs --enable-languages=c,c++,java,go,d,fortran,objc,obj-c++ --prefix=/usr --program-suffix=-4.8 --enable-shared --enable-linker-build-id --libexecdir=/usr/lib --without-included-gettext --enable-threads=posix --with-gxx-include-dir=/usr/include/c++/4.8 --libdir=/usr/lib --enable-nls --with-sysroot=/ --enable-clocale=gnu --enable-libstdcxx-debug --enable-libstdcxx-time=yes --enable-gnu-unique-object --enable-plugin --with-system-zlib --disable-browser-plugin --enable-java-awt=gtk --enable-gtk-cairo --with-java-home=/usr/lib/jvm/java-1.5.0-gcj-4.8-amd64/jre --enable-java-home --with-jvm-root-dir=/usr/lib/jvm/java-1.5.0-gcj-4.8-amd64 --with-jvm-jar-dir=/usr/lib/jvm-exports/java-1.5.0-gcj-4.8-amd64 --with-arch-directory=amd64 --with-ecj-jar=/usr/share/java/eclipse-ecj.jar --enable-objc-gc --enable-multiarch --disable-werror --with-arch-32=i686 --with-abi=m64 --with-multilib-list=m32,m64 --with-tune=generic --enable-checking=release --build=x86_64-linux-gnu --host=x86_64-linux-gnu --target=x86_64-linux-gnu
Thread model: posix
gcc version 4.8.1 (Ubuntu 4.8.1-2ubuntu1~12.04) 
configure:4280: $? = 0
configure:4269: /usr/bin/gcc-4.8 -V >&5
gcc-4.8: error: unrecognized command line option '-V'
gcc-4.8: fatal error: no input files
compilation terminated.
configure:4280: $? = 4
configure:4269: /usr/bin/gcc-4.8 -qversion >&5
gcc-4.8: error: unrecognized command line option '-qversion'
gcc-4.8: fatal error: no input files
compilation terminated.
configure:4280: $? = 4
configure:4284: checking whether we are using the GNU C compiler
configure:4312: result: yes
configure:4321: checking whether /usr/bin/gcc-4.8 accepts -g
configure:4382: result: yes
configure:4399: checking for /usr/bin/gcc-4.8 option to accept ISO C89
configure:4476: result: none needed
configure:4498: checking dependency style of /usr/bin/gcc-4.8
configure:4609: result: gcc3
configure:4624: checking for /usr/bin/gcc-4.8 option to accept ISO C99
configure:4773: /usr/bin/gcc-4.8  -c -g -O2 -pipe -I/usr/local/include conftest.c >&5
conftest.c:76:29: error: expected ';', ',' or ')' before 'text'
 test_restrict (ccp restrict text)
                             ^
conftest.c: In function 'main':
conftest.c:130:18: error: expected '=', ',', ';', 'asm' or '__attribute__' before 'newvar'
   char *restrict newvar = "Another string";
                  ^
conftest.c:130:18: error: 'newvar' undeclared (first use in this function)
conftest.c:130:18: note: each undeclared identifier is reported only once for each function it appears in
conftest.c:140:3: error: 'for' loop initial declarations are only allowed in C99 mode
   for (int i = 0; i < ia->datasize; ++i)
   ^
conftest.c:140:3: note: use option -std=c99 or -std=gnu99 to compile your code
configure:4773: $? = 1
configure: failed program was:
| /* confdefs.h */
| #define PACKAGE_NAME "netcanft"
| #define PACKAGE_TARNAME "netcanft"
| #define PACKAGE_VERSION "1.1.0"
| #define PACKAGE_STRING "netcanft 1.1.0"
| #define PACKAGE_BUGREPORT "ntd@gatech.edu"
| #define PACKAGE_URL ""
| #define PACKAGE "netcanft"
| #define VERSION "1.1.0"
| #define STDC_HEADERS 1
| #define HAVE_SYS_TYPES_H 1
| #define HAVE_SYS_STAT_H 1
| #define HAVE_STDLIB_H 1
| #define HAVE_STRING_H 1
| #define HAVE_MEMORY_H 1
| #define HAVE_STRINGS_H 1
| #define HAVE_INTTYPES_H 1
| #define HAVE_STDINT_H 1
| #define HAVE_UNISTD_H 1
| #define __EXTENSIONS__ 1
| #define _ALL_SOURCE 1
| #define _GNU_SOURCE 1
| #define _POSIX_PTHREAD_SEMANTICS 1
| #define _TANDEM_SOURCE 1
| /* end confdefs.h.  */
| #include <stdarg.h>
| #include <stdbool.h>
| #include <stdlib.h>
| #include <wchar.h>
| #include <stdio.h>
| 
| // Check varargs macros.  These examples are taken from C99 6.10.3.5.
| #define debug(...) fprintf (stderr, __VA_ARGS__)
| #define showlist(...) puts (#__VA_ARGS__)
| #define report(test,...) ((test) ? puts (#test) : printf (__VA_ARGS__))
| static void
| test_varargs_macros (void)
| {
|   int x = 1234;
|   int y = 5678;
|   debug ("Flag");
|   debug ("X = %d\n", x);
|   showlist (The first, second, and third items.);
|   report (x>y, "x is %d but y is %d", x, y);
| }
| 
| // Check long long types.
| #define BIG64 18446744073709551615ull
| #define BIG32 4294967295ul
| #define BIG_OK (BIG64 / BIG32 == 4294967297ull && BIG64 % BIG32 == 0)
| #if !BIG_OK
|   your preprocessor is broken;
| #endif
| #if BIG_OK
| #else
|   your preprocessor is broken;
| #endif
| static long long int bignum = -9223372036854775807LL;
| static unsigned long long int ubignum = BIG64;
| 
| struct incomplete_array
| {
|   int datasize;
|   double data[];
| };
| 
| struct named_init {
|   int number;
|   const wchar_t *name;
|   double average;
| };
| 
| typedef const char *ccp;
| 
| static inline int
| test_restrict (ccp restrict text)
| {
|   // See if C++-style comments work.
|   // Iterate through items via the restricted pointer.
|   // Also check for declarations in for loops.
|   for (unsigned int i = 0; *(text+i) != '\0'; ++i)
|     continue;
|   return 0;
| }
| 
| // Check varargs and va_copy.
| static void
| test_varargs (const char *format, ...)
| {
|   va_list args;
|   va_start (args, format);
|   va_list args_copy;
|   va_copy (args_copy, args);
| 
|   const char *str;
|   int number;
|   float fnumber;
| 
|   while (*format)
|     {
|       switch (*format++)
| 	{
| 	case 's': // string
| 	  str = va_arg (args_copy, const char *);
| 	  break;
| 	case 'd': // int
| 	  number = va_arg (args_copy, int);
| 	  break;
| 	case 'f': // float
| 	  fnumber = va_arg (args_copy, double);
| 	  break;
| 	default:
| 	  break;
| 	}
|     }
|   va_end (args_copy);
|   va_end (args);
| }
| 
| int
| main ()
| {
| 
|   // Check bool.
|   _Bool success = false;
| 
|   // Check restrict.
|   if (test_restrict ("String literal") == 0)
|     success = true;
|   char *restrict newvar = "Another string";
| 
|   // Check varargs.
|   test_varargs ("s, d' f .", "string", 65, 34.234);
|   test_varargs_macros ();
| 
|   // Check flexible array members.
|   struct incomplete_array *ia =
|     malloc (sizeof (struct incomplete_array) + (sizeof (double) * 10));
|   ia->datasize = 10;
|   for (int i = 0; i < ia->datasize; ++i)
|     ia->data[i] = i * 1.234;
| 
|   // Check named initializers.
|   struct named_init ni = {
|     .number = 34,
|     .name = L"Test wide string",
|     .average = 543.34343,
|   };
| 
|   ni.number = 58;
| 
|   int dynamic_array[ni.number];
|   dynamic_array[ni.number - 1] = 543;
| 
|   // work around unused variable warnings
|   return (!success || bignum == 0LL || ubignum == 0uLL || newvar[0] == 'x'
| 	  || dynamic_array[ni.number - 1] != 543);
| 
|   ;
|   return 0;
| }
configure:4773: /usr/bin/gcc-4.8 -std=gnu99 -c -g -O2 -pipe -I/usr/local/include conftest.c >&5
configure:4773: $? = 0
configure:4793: result: -std=gnu99
configure:4802: checking for C/C++ restrict keyword
configure:4827: /usr/bin/gcc-4.8 -std=gnu99 -c -g -O2 -pipe -I/usr/local/include conftest.c >&5
configure:4827: $? = 0
configure:4835: result: __restrict
configure:4848: checking for inline
configure:4864: /usr/bin/gcc-4.8 -std=gnu99 -c -g -O2 -pipe -I/usr/local/include conftest.c >&5
configure:4864: $? = 0
configure:4872: result: inline
configure:4890: checking for an ANSI C-conforming const
configure:4955: /usr/bin/gcc-4.8 -std=gnu99 -c -g -O2 -pipe -I/usr/local/include conftest.c >&5
configure:4955: $? = 0
configure:4962: result: yes
configure:4978: checking CFLAGS for maximum warnings
configure:4998: /usr/bin/gcc-4.8 -std=gnu99 -c -g -O2 -pipe -warn all  -warn all -I/usr/local/include conftest.c >&5
gcc-4.8: error: all: No such file or directory
gcc-4.8: error: all: No such file or directory
gcc-4.8: error: unrecognized command line option '-warn'
gcc-4.8: error: unrecognized command line option '-warn'
configure:4998: $? = 1
configure: failed program was:
| /* confdefs.h */
| #define PACKAGE_NAME "netcanft"
| #define PACKAGE_TARNAME "netcanft"
| #define PACKAGE_VERSION "1.1.0"
| #define PACKAGE_STRING "netcanft 1.1.0"
| #define PACKAGE_BUGREPORT "ntd@gatech.edu"
| #define PACKAGE_URL ""
| #define PACKAGE "netcanft"
| #define VERSION "1.1.0"
| #define STDC_HEADERS 1
| #define HAVE_SYS_TYPES_H 1
| #define HAVE_SYS_STAT_H 1
| #define HAVE_STDLIB_H 1
| #define HAVE_STRING_H 1
| #define HAVE_MEMORY_H 1
| #define HAVE_STRINGS_H 1
| #define HAVE_INTTYPES_H 1
| #define HAVE_STDINT_H 1
| #define HAVE_UNISTD_H 1
| #define __EXTENSIONS__ 1
| #define _ALL_SOURCE 1
| #define _GNU_SOURCE 1
| #define _POSIX_PTHREAD_SEMANTICS 1
| #define _TANDEM_SOURCE 1
| #define restrict __restrict
| /* end confdefs.h.  */
| 
| int
| main ()
| {
| 
|   ;
|   return 0;
| }
configure:4998: /usr/bin/gcc-4.8 -std=gnu99 -c -g -O2 -pipe -pedantic  -Wall -I/usr/local/include conftest.c >&5
configure:4998: $? = 0
configure:5006: result: -Wall
configure:5021: : CFLAGS="$CFLAGS $ac_cv_cflags_warn_all"
configure:5024: $? = 0
configure:5051: checking whether C compiler accepts -Wextra
configure:5070: /usr/bin/gcc-4.8 -std=gnu99 -c   -Wextra -I/usr/local/include conftest.c >&5
configure:5070: $? = 0
configure:5078: result: yes
configure:5097: checking whether C compiler accepts -Wconversion
configure:5116: /usr/bin/gcc-4.8 -std=gnu99 -c   -Wconversion -I/usr/local/include conftest.c >&5
configure:5116: $? = 0
configure:5124: result: yes
configure:5143: checking whether C compiler accepts -Wpointer-arith
configure:5162: /usr/bin/gcc-4.8 -std=gnu99 -c   -Wpointer-arith -I/usr/local/include conftest.c >&5
configure:5162: $? = 0
configure:5170: result: yes
configure:5189: checking whether C compiler accepts -Wfloat-equal
configure:5208: /usr/bin/gcc-4.8 -std=gnu99 -c   -Wfloat-equal -I/usr/local/include conftest.c >&5
configure:5208: $? = 0
configure:5216: result: yes
configure:5235: checking whether C compiler accepts -Wshadow
configure:5254: /usr/bin/gcc-4.8 -std=gnu99 -c   -Wshadow -I/usr/local/include conftest.c >&5
configure:5254: $? = 0
configure:5262: result: yes
configure:5281: checking whether C compiler accepts -Wwrite-strings
configure:5300: /usr/bin/gcc-4.8 -std=gnu99 -c   -Wwrite-strings -I/usr/local/include conftest.c >&5
configure:5300: $? = 0
configure:5308: result: yes
configure:5327: checking whether C compiler accepts -Wc++-compat
configure:5346: /usr/bin/gcc-4.8 -std=gnu99 -c   -Wc++-compat -I/usr/local/include conftest.c >&5
configure:5346: $? = 0
configure:5354: result: yes
configure:5512: creating ./config.status

## ---------------------- ##
## Running config.status. ##
## ---------------------- ##

This file was extended by netcanft config.status 1.1.0, which was
generated by GNU Autoconf 2.68.  Invocation command line was

  CONFIG_FILES    = 
  CONFIG_HEADERS  = 
  CONFIG_LINKS    = 
  CONFIG_COMMANDS = 
  $ ./config.status 

on powerball

config.status:866: creating Makefile
config.status:866: creating config.h
config.status:1095: executing depfiles commands

## ---------------- ##
## Cache variables. ##
## ---------------- ##

ac_cv_c_compiler_gnu=yes
ac_cv_c_const=yes
ac_cv_c_inline=inline
ac_cv_c_restrict=__restrict
ac_cv_cflags_warn_all=-Wall
ac_cv_env_CC_set=set
ac_cv_env_CC_value=/usr/bin/gcc-4.8
ac_cv_env_CFLAGS_set=
ac_cv_env_CFLAGS_value=
ac_cv_env_CPPFLAGS_set=
ac_cv_env_CPPFLAGS_value=
ac_cv_env_CPP_set=
ac_cv_env_CPP_value=
ac_cv_env_LDFLAGS_set=
ac_cv_env_LDFLAGS_value=
ac_cv_env_LIBS_set=
ac_cv_env_LIBS_value=
ac_cv_env_build_alias_set=
ac_cv_env_build_alias_value=
ac_cv_env_host_alias_set=
ac_cv_env_host_alias_value=
ac_cv_env_target_alias_set=
ac_cv_env_target_alias_value=
ac_cv_header_inttypes_h=yes
ac_cv_header_memory_h=yes
ac_cv_header_minix_config_h=no
ac_cv_header_stdc=yes
ac_cv_header_stdint_h=yes
ac_cv_header_stdlib_h=yes
ac_cv_header_string_h=yes
ac_cv_header_strings_h=yes
ac_cv_header_sys_stat_h=yes
ac_cv_header_sys_types_h=yes
ac_cv_header_unistd_h=yes
ac_cv_objext=o
ac_cv_path_EGREP='/bin/grep -E'
ac_cv_path_GREP=/bin/grep
ac_cv_path_install='/usr/bin/install -c'
ac_cv_path_mkdir=/bin/mkdir
ac_cv_prog_AWK=gawk
ac_cv_prog_CPP='/usr/bin/gcc-4.8 -E'
ac_cv_prog_ac_ct_CC=/usr/bin/gcc-4.8
ac_cv_prog_cc_c89=
ac_cv_prog_cc_c99=-std=gnu99
ac_cv_prog_cc_g=yes
ac_cv_prog_make_make_set=yes
ac_cv_safe_to_define___extensions__=yes
am_cv_CC_dependencies_compiler_type=gcc3
ax_cv_check_cflags___Wconversion=yes
ax_cv_check_cflags___Wcpp_compat=yes
ax_cv_check_cflags___Wextra=yes
ax_cv_check_cflags___Wfloat_equal=yes
ax_cv_check_cflags___Wpointer_arith=yes
ax_cv_check_cflags___Wshadow=yes
ax_cv_check_cflags___Wwrite_strings=yes

## ----------------- ##
## Output variables. ##
## ----------------- ##

ACLOCAL='${SHELL} /home/powerball/rpi_robotics_work/gatech_powerball_port/netcanft/missing --run aclocal-1.11'
AMDEPBACKSLASH='\'
AMDEP_FALSE='#'
AMDEP_TRUE=''
AMTAR='$${TAR-tar}'
AUTOCONF='${SHELL} /home/powerball/rpi_robotics_work/gatech_powerball_port/netcanft/missing --run autoconf'
AUTOHEADER='${SHELL} /home/powerball/rpi_robotics_work/gatech_powerball_port/netcanft/missing --run autoheader'
AUTOMAKE='${SHELL} /home/powerball/rpi_robotics_work/gatech_powerball_port/netcanft/missing --run automake-1.11'
AWK='gawk'
CC='/usr/bin/gcc-4.8 -std=gnu99'
CCDEPMODE='depmode=gcc3'
CFLAGS='-Wc++-compat -Wwrite-strings -Wshadow -Wfloat-equal -Wpointer-arith -Wconversion -Wextra -g -O2 -pipe -Wall'
CPP='/usr/bin/gcc-4.8 -E'
CPPFLAGS='-I/usr/local/include'
CYGPATH_W='echo'
DEFS='-DHAVE_CONFIG_H'
DEPDIR='.deps'
ECHO_C=''
ECHO_N='-n'
ECHO_T=''
EGREP='/bin/grep -E'
EXEEXT=''
GREP='/bin/grep'
INSTALL_DATA='${INSTALL} -m 644'
INSTALL_PROGRAM='${INSTALL}'
INSTALL_SCRIPT='${INSTALL}'
INSTALL_STRIP_PROGRAM='$(install_sh) -c -s'
LDFLAGS='-L/usr/local/lib'
LIBOBJS=''
LIBS=''
LTLIBOBJS=''
MAKEINFO='${SHELL} /home/powerball/rpi_robotics_work/gatech_powerball_port/netcanft/missing --run makeinfo'
MKDIR_P='/bin/mkdir -p'
OBJEXT='o'
PACKAGE='netcanft'
PACKAGE_BUGREPORT='ntd@gatech.edu'
PACKAGE_NAME='netcanft'
PACKAGE_STRING='netcanft 1.1.0'
PACKAGE_TARNAME='netcanft'
PACKAGE_URL=''
PACKAGE_VERSION='1.1.0'
PATH_SEPARATOR=':'
SET_MAKE=''
SHELL='/bin/bash'
STRIP=''
VERSION='1.1.0'
ac_ct_CC='/usr/bin/gcc-4.8'
am__EXEEXT_FALSE=''
am__EXEEXT_TRUE='#'
am__fastdepCC_FALSE='#'
am__fastdepCC_TRUE=''
am__include='include'
am__isrc=''
am__leading_dot='.'
am__nodep='_no'
am__quote=''
am__tar='$${TAR-tar} chof - "$$tardir"'
am__untar='$${TAR-tar} xf -'
bindir='${exec_prefix}/bin'
build_alias=''
datadir='${datarootdir}'
datarootdir='${prefix}/share'
docdir='${datarootdir}/doc/${PACKAGE_TARNAME}'
dvidir='${docdir}'
exec_prefix='${prefix}'
host_alias=''
htmldir='${docdir}'
includedir='${prefix}/include'
infodir='${datarootdir}/info'
install_sh='${SHELL} /home/powerball/rpi_robotics_work/gatech_powerball_port/netcanft/install-sh'
libdir='${exec_prefix}/lib'
libexecdir='${exec_prefix}/libexec'
localedir='${datarootdir}/locale'
localstatedir='${prefix}/var'
mandir='${datarootdir}/man'
mkdir_p='/bin/mkdir -p'
oldincludedir='/usr/include'
pdfdir='${docdir}'
prefix='/usr/local'
program_transform_name='s,x,x,'
psdir='${docdir}'
sbindir='${exec_prefix}/sbin'
sharedstatedir='${prefix}/com'
sysconfdir='${prefix}/etc'
target_alias=''

## ----------- ##
## confdefs.h. ##
## ----------- ##

/* confdefs.h */
#define PACKAGE_NAME "netcanft"
#define PACKAGE_TARNAME "netcanft"
#define PACKAGE_VERSION "1.1.0"
#define PACKAGE_STRING "netcanft 1.1.0"
#define PACKAGE_BUGREPORT "ntd@gatech.edu"
#define PACKAGE_URL ""
#define PACKAGE "netcanft"
#define VERSION "1.1.0"
#define STDC_HEADERS 1
#define HAVE_SYS_TYPES_H 1
#define HAVE_SYS_STAT_H 1
#define HAVE_STDLIB_H 1
#define HAVE_STRING_H 1
#define HAVE_MEMORY_H 1
#define HAVE_STRINGS_H 1
#define HAVE_INTTYPES_H 1
#define HAVE_STDINT_H 1
#define HAVE_UNISTD_H 1
#define __EXTENSIONS__ 1
#define _ALL_SOURCE 1
#define _GNU_SOURCE 1
#define _POSIX_PTHREAD_SEMANTICS 1
#define _TANDEM_SOURCE 1
#define restrict __restrict

configure: exit 0
