This file contains any messages produced by compilers while
running configure, to aid debugging if configure makes a mistake.

It was created by ach configure 1.2.0, which was
generated by GNU Autoconf 2.68.  Invocation command line was

  $ ./configure 

## --------- ##
## Platform. ##
## --------- ##

hostname = powerball
uname -m = i686
uname -r = 3.5.0-44-generic
uname -s = Linux
uname -v = #67~precise1-Ubuntu SMP Wed Nov 13 16:20:03 UTC 2013

/usr/bin/uname -p = unknown
/bin/uname -X     = unknown

/bin/arch              = unknown
/usr/bin/arch -k       = unknown
/usr/convex/getsysinfo = unknown
/usr/bin/hostinfo      = unknown
/bin/machine           = unknown
/usr/bin/oslevel       = unknown
/bin/universe          = unknown

PATH: /usr/lib/lightdm/lightdm
PATH: /usr/local/sbin
PATH: /usr/local/bin
PATH: /usr/sbin
PATH: /usr/bin
PATH: /sbin
PATH: /bin
PATH: /usr/games


## ----------- ##
## Core tests. ##
## ----------- ##

configure:2524: checking for a BSD-compatible install
configure:2592: result: /usr/bin/install -c
configure:2603: checking whether build environment is sane
configure:2653: result: yes
configure:2794: checking for a thread-safe mkdir -p
configure:2833: result: /bin/mkdir -p
configure:2846: checking for gawk
configure:2876: result: no
configure:2846: checking for mawk
configure:2862: found /usr/bin/mawk
configure:2873: result: mawk
configure:2884: checking whether make sets $(MAKE)
configure:2906: result: yes
configure:3004: checking for style of include used by make
configure:3032: result: GNU
configure:3103: checking for gcc
configure:3119: found /usr/bin/gcc
configure:3130: result: gcc
configure:3359: checking for C compiler version
configure:3368: gcc --version >&5
gcc (Ubuntu/Linaro 4.6.3-1ubuntu5) 4.6.3
Copyright (C) 2011 Free Software Foundation, Inc.
This is free software; see the source for copying conditions.  There is NO
warranty; not even for MERCHANTABILITY or FITNESS FOR A PARTICULAR PURPOSE.

configure:3379: $? = 0
configure:3368: gcc -v >&5
Using built-in specs.
COLLECT_GCC=gcc
COLLECT_LTO_WRAPPER=/usr/lib/gcc/i686-linux-gnu/4.6/lto-wrapper
Target: i686-linux-gnu
Configured with: ../src/configure -v --with-pkgversion='Ubuntu/Linaro 4.6.3-1ubuntu5' --with-bugurl=file:///usr/share/doc/gcc-4.6/README.Bugs --enable-languages=c,c++,fortran,objc,obj-c++ --prefix=/usr --program-suffix=-4.6 --enable-shared --enable-linker-build-id --with-system-zlib --libexecdir=/usr/lib --without-included-gettext --enable-threads=posix --with-gxx-include-dir=/usr/include/c++/4.6 --libdir=/usr/lib --enable-nls --with-sysroot=/ --enable-clocale=gnu --enable-libstdcxx-debug --enable-libstdcxx-time=yes --enable-gnu-unique-object --enable-plugin --enable-objc-gc --enable-targets=all --disable-werror --with-arch-32=i686 --with-tune=generic --enable-checking=release --build=i686-linux-gnu --host=i686-linux-gnu --target=i686-linux-gnu
Thread model: posix
gcc version 4.6.3 (Ubuntu/Linaro 4.6.3-1ubuntu5) 
configure:3379: $? = 0
configure:3368: gcc -V >&5
gcc: error: unrecognized option '-V'
gcc: fatal error: no input files
compilation terminated.
configure:3379: $? = 4
configure:3368: gcc -qversion >&5
gcc: error: unrecognized option '-qversion'
gcc: fatal error: no input files
compilation terminated.
configure:3379: $? = 4
configure:3399: checking whether the C compiler works
configure:3421: gcc    conftest.c  >&5
configure:3425: $? = 0
configure:3473: result: yes
configure:3476: checking for C compiler default output file name
configure:3478: result: a.out
configure:3484: checking for suffix of executables
configure:3491: gcc -o conftest    conftest.c  >&5
configure:3495: $? = 0
configure:3517: result: 
configure:3539: checking whether we are cross compiling
configure:3547: gcc -o conftest    conftest.c  >&5
configure:3551: $? = 0
configure:3558: ./conftest
configure:3562: $? = 0
configure:3577: result: no
configure:3582: checking for suffix of object files
configure:3604: gcc -c   conftest.c >&5
configure:3608: $? = 0
configure:3629: result: o
configure:3633: checking whether we are using the GNU C compiler
configure:3652: gcc -c   conftest.c >&5
configure:3652: $? = 0
configure:3661: result: yes
configure:3670: checking whether gcc accepts -g
configure:3690: gcc -c -g  conftest.c >&5
configure:3690: $? = 0
configure:3731: result: yes
configure:3748: checking for gcc option to accept ISO C89
configure:3812: gcc  -c -g -O2  conftest.c >&5
configure:3812: $? = 0
configure:3825: result: none needed
configure:3847: checking dependency style of gcc
configure:3958: result: gcc3
configure:3979: checking how to run the C preprocessor
configure:4010: gcc -E  conftest.c
configure:4010: $? = 0
configure:4024: gcc -E  conftest.c
conftest.c:11:28: fatal error: ac_nonexistent.h: No such file or directory
compilation terminated.
configure:4024: $? = 1
configure: failed program was:
| /* confdefs.h */
| #define PACKAGE_NAME "ach"
| #define PACKAGE_TARNAME "ach"
| #define PACKAGE_VERSION "1.2.0"
| #define PACKAGE_STRING "ach 1.2.0"
| #define PACKAGE_BUGREPORT "ntd@gatech.edu"
| #define PACKAGE_URL ""
| #define PACKAGE "ach"
| #define VERSION "1.2.0"
| /* end confdefs.h.  */
| #include <ac_nonexistent.h>
configure:4049: result: gcc -E
configure:4069: gcc -E  conftest.c
configure:4069: $? = 0
configure:4083: gcc -E  conftest.c
conftest.c:11:28: fatal error: ac_nonexistent.h: No such file or directory
compilation terminated.
configure:4083: $? = 1
configure: failed program was:
| /* confdefs.h */
| #define PACKAGE_NAME "ach"
| #define PACKAGE_TARNAME "ach"
| #define PACKAGE_VERSION "1.2.0"
| #define PACKAGE_STRING "ach 1.2.0"
| #define PACKAGE_BUGREPORT "ntd@gatech.edu"
| #define PACKAGE_URL ""
| #define PACKAGE "ach"
| #define VERSION "1.2.0"
| /* end confdefs.h.  */
| #include <ac_nonexistent.h>
configure:4112: checking for grep that handles long lines and -e
configure:4170: result: /bin/grep
configure:4175: checking for egrep
configure:4237: result: /bin/grep -E
configure:4242: checking for ANSI C header files
configure:4262: gcc -c -g -O2  conftest.c >&5
configure:4262: $? = 0
configure:4335: gcc -o conftest -g -O2   conftest.c  >&5
configure:4335: $? = 0
configure:4335: ./conftest
configure:4335: $? = 0
configure:4346: result: yes
configure:4359: checking for sys/types.h
configure:4359: gcc -c -g -O2  conftest.c >&5
configure:4359: $? = 0
configure:4359: result: yes
configure:4359: checking for sys/stat.h
configure:4359: gcc -c -g -O2  conftest.c >&5
configure:4359: $? = 0
configure:4359: result: yes
configure:4359: checking for stdlib.h
configure:4359: gcc -c -g -O2  conftest.c >&5
configure:4359: $? = 0
configure:4359: result: yes
configure:4359: checking for string.h
configure:4359: gcc -c -g -O2  conftest.c >&5
configure:4359: $? = 0
configure:4359: result: yes
configure:4359: checking for memory.h
configure:4359: gcc -c -g -O2  conftest.c >&5
configure:4359: $? = 0
configure:4359: result: yes
configure:4359: checking for strings.h
configure:4359: gcc -c -g -O2  conftest.c >&5
configure:4359: $? = 0
configure:4359: result: yes
configure:4359: checking for inttypes.h
configure:4359: gcc -c -g -O2  conftest.c >&5
configure:4359: $? = 0
configure:4359: result: yes
configure:4359: checking for stdint.h
configure:4359: gcc -c -g -O2  conftest.c >&5
configure:4359: $? = 0
configure:4359: result: yes
configure:4359: checking for unistd.h
configure:4359: gcc -c -g -O2  conftest.c >&5
configure:4359: $? = 0
configure:4359: result: yes
configure:4372: checking minix/config.h usability
configure:4372: gcc -c -g -O2  conftest.c >&5
conftest.c:54:26: fatal error: minix/config.h: No such file or directory
compilation terminated.
configure:4372: $? = 1
configure: failed program was:
| /* confdefs.h */
| #define PACKAGE_NAME "ach"
| #define PACKAGE_TARNAME "ach"
| #define PACKAGE_VERSION "1.2.0"
| #define PACKAGE_STRING "ach 1.2.0"
| #define PACKAGE_BUGREPORT "ntd@gatech.edu"
| #define PACKAGE_URL ""
| #define PACKAGE "ach"
| #define VERSION "1.2.0"
| #define STDC_HEADERS 1
| #define HAVE_SYS_TYPES_H 1
| #define HAVE_SYS_STAT_H 1
| #define HAVE_STDLIB_H 1
| #define HAVE_STRING_H 1
| #define HAVE_MEMORY_H 1
| #define HAVE_STRINGS_H 1
| #define HAVE_INTTYPES_H 1
| #define HAVE_STDINT_H 1
| #define HAVE_UNISTD_H 1
| /* end confdefs.h.  */
| #include <stdio.h>
| #ifdef HAVE_SYS_TYPES_H
| # include <sys/types.h>
| #endif
| #ifdef HAVE_SYS_STAT_H
| # include <sys/stat.h>
| #endif
| #ifdef STDC_HEADERS
| # include <stdlib.h>
| # include <stddef.h>
| #else
| # ifdef HAVE_STDLIB_H
| #  include <stdlib.h>
| # endif
| #endif
| #ifdef HAVE_STRING_H
| # if !defined STDC_HEADERS && defined HAVE_MEMORY_H
| #  include <memory.h>
| # endif
| # include <string.h>
| #endif
| #ifdef HAVE_STRINGS_H
| # include <strings.h>
| #endif
| #ifdef HAVE_INTTYPES_H
| # include <inttypes.h>
| #endif
| #ifdef HAVE_STDINT_H
| # include <stdint.h>
| #endif
| #ifdef HAVE_UNISTD_H
| # include <unistd.h>
| #endif
| #include <minix/config.h>
configure:4372: result: no
configure:4372: checking minix/config.h presence
configure:4372: gcc -E  conftest.c
conftest.c:21:26: fatal error: minix/config.h: No such file or directory
compilation terminated.
configure:4372: $? = 1
configure: failed program was:
| /* confdefs.h */
| #define PACKAGE_NAME "ach"
| #define PACKAGE_TARNAME "ach"
| #define PACKAGE_VERSION "1.2.0"
| #define PACKAGE_STRING "ach 1.2.0"
| #define PACKAGE_BUGREPORT "ntd@gatech.edu"
| #define PACKAGE_URL ""
| #define PACKAGE "ach"
| #define VERSION "1.2.0"
| #define STDC_HEADERS 1
| #define HAVE_SYS_TYPES_H 1
| #define HAVE_SYS_STAT_H 1
| #define HAVE_STDLIB_H 1
| #define HAVE_STRING_H 1
| #define HAVE_MEMORY_H 1
| #define HAVE_STRINGS_H 1
| #define HAVE_INTTYPES_H 1
| #define HAVE_STDINT_H 1
| #define HAVE_UNISTD_H 1
| /* end confdefs.h.  */
| #include <minix/config.h>
configure:4372: result: no
configure:4372: checking for minix/config.h
configure:4372: result: no
configure:4393: checking whether it is safe to define __EXTENSIONS__
configure:4411: gcc -c -g -O2  conftest.c >&5
configure:4411: $? = 0
configure:4418: result: yes
configure:4480: checking for gcc
configure:4507: result: gcc
configure:4736: checking for C compiler version
configure:4745: gcc --version >&5
gcc (Ubuntu/Linaro 4.6.3-1ubuntu5) 4.6.3
Copyright (C) 2011 Free Software Foundation, Inc.
This is free software; see the source for copying conditions.  There is NO
warranty; not even for MERCHANTABILITY or FITNESS FOR A PARTICULAR PURPOSE.

configure:4756: $? = 0
configure:4745: gcc -v >&5
Using built-in specs.
COLLECT_GCC=gcc
COLLECT_LTO_WRAPPER=/usr/lib/gcc/i686-linux-gnu/4.6/lto-wrapper
Target: i686-linux-gnu
Configured with: ../src/configure -v --with-pkgversion='Ubuntu/Linaro 4.6.3-1ubuntu5' --with-bugurl=file:///usr/share/doc/gcc-4.6/README.Bugs --enable-languages=c,c++,fortran,objc,obj-c++ --prefix=/usr --program-suffix=-4.6 --enable-shared --enable-linker-build-id --with-system-zlib --libexecdir=/usr/lib --without-included-gettext --enable-threads=posix --with-gxx-include-dir=/usr/include/c++/4.6 --libdir=/usr/lib --enable-nls --with-sysroot=/ --enable-clocale=gnu --enable-libstdcxx-debug --enable-libstdcxx-time=yes --enable-gnu-unique-object --enable-plugin --enable-objc-gc --enable-targets=all --disable-werror --with-arch-32=i686 --with-tune=generic --enable-checking=release --build=i686-linux-gnu --host=i686-linux-gnu --target=i686-linux-gnu
Thread model: posix
gcc version 4.6.3 (Ubuntu/Linaro 4.6.3-1ubuntu5) 
configure:4756: $? = 0
configure:4745: gcc -V >&5
gcc: error: unrecognized option '-V'
gcc: fatal error: no input files
compilation terminated.
configure:4756: $? = 4
configure:4745: gcc -qversion >&5
gcc: error: unrecognized option '-qversion'
gcc: fatal error: no input files
compilation terminated.
configure:4756: $? = 4
configure:4760: checking whether we are using the GNU C compiler
configure:4788: result: yes
configure:4797: checking whether gcc accepts -g
configure:4858: result: yes
configure:4875: checking for gcc option to accept ISO C89
configure:4952: result: none needed
configure:4974: checking dependency style of gcc
configure:5085: result: gcc3
configure:5100: checking for gcc option to accept ISO C99
configure:5249: gcc  -c -g -O2  conftest.c >&5
conftest.c:76:29: error: expected ';', ',' or ')' before 'text'
conftest.c: In function 'main':
conftest.c:130:18: error: expected '=', ',', ';', 'asm' or '__attribute__' before 'newvar'
conftest.c:130:18: error: 'newvar' undeclared (first use in this function)
conftest.c:130:18: note: each undeclared identifier is reported only once for each function it appears in
conftest.c:140:3: error: 'for' loop initial declarations are only allowed in C99 mode
conftest.c:140:3: note: use option -std=c99 or -std=gnu99 to compile your code
configure:5249: $? = 1
configure: failed program was:
| /* confdefs.h */
| #define PACKAGE_NAME "ach"
| #define PACKAGE_TARNAME "ach"
| #define PACKAGE_VERSION "1.2.0"
| #define PACKAGE_STRING "ach 1.2.0"
| #define PACKAGE_BUGREPORT "ntd@gatech.edu"
| #define PACKAGE_URL ""
| #define PACKAGE "ach"
| #define VERSION "1.2.0"
| #define STDC_HEADERS 1
| #define HAVE_SYS_TYPES_H 1
| #define HAVE_SYS_STAT_H 1
| #define HAVE_STDLIB_H 1
| #define HAVE_STRING_H 1
| #define HAVE_MEMORY_H 1
| #define HAVE_STRINGS_H 1
| #define HAVE_INTTYPES_H 1
| #define HAVE_STDINT_H 1
| #define HAVE_UNISTD_H 1
| #define __EXTENSIONS__ 1
| #define _ALL_SOURCE 1
| #define _GNU_SOURCE 1
| #define _POSIX_PTHREAD_SEMANTICS 1
| #define _TANDEM_SOURCE 1
| /* end confdefs.h.  */
| #include <stdarg.h>
| #include <stdbool.h>
| #include <stdlib.h>
| #include <wchar.h>
| #include <stdio.h>
| 
| // Check varargs macros.  These examples are taken from C99 6.10.3.5.
| #define debug(...) fprintf (stderr, __VA_ARGS__)
| #define showlist(...) puts (#__VA_ARGS__)
| #define report(test,...) ((test) ? puts (#test) : printf (__VA_ARGS__))
| static void
| test_varargs_macros (void)
| {
|   int x = 1234;
|   int y = 5678;
|   debug ("Flag");
|   debug ("X = %d\n", x);
|   showlist (The first, second, and third items.);
|   report (x>y, "x is %d but y is %d", x, y);
| }
| 
| // Check long long types.
| #define BIG64 18446744073709551615ull
| #define BIG32 4294967295ul
| #define BIG_OK (BIG64 / BIG32 == 4294967297ull && BIG64 % BIG32 == 0)
| #if !BIG_OK
|   your preprocessor is broken;
| #endif
| #if BIG_OK
| #else
|   your preprocessor is broken;
| #endif
| static long long int bignum = -9223372036854775807LL;
| static unsigned long long int ubignum = BIG64;
| 
| struct incomplete_array
| {
|   int datasize;
|   double data[];
| };
| 
| struct named_init {
|   int number;
|   const wchar_t *name;
|   double average;
| };
| 
| typedef const char *ccp;
| 
| static inline int
| test_restrict (ccp restrict text)
| {
|   // See if C++-style comments work.
|   // Iterate through items via the restricted pointer.
|   // Also check for declarations in for loops.
|   for (unsigned int i = 0; *(text+i) != '\0'; ++i)
|     continue;
|   return 0;
| }
| 
| // Check varargs and va_copy.
| static void
| test_varargs (const char *format, ...)
| {
|   va_list args;
|   va_start (args, format);
|   va_list args_copy;
|   va_copy (args_copy, args);
| 
|   const char *str;
|   int number;
|   float fnumber;
| 
|   while (*format)
|     {
|       switch (*format++)
| 	{
| 	case 's': // string
| 	  str = va_arg (args_copy, const char *);
| 	  break;
| 	case 'd': // int
| 	  number = va_arg (args_copy, int);
| 	  break;
| 	case 'f': // float
| 	  fnumber = va_arg (args_copy, double);
| 	  break;
| 	default:
| 	  break;
| 	}
|     }
|   va_end (args_copy);
|   va_end (args);
| }
| 
| int
| main ()
| {
| 
|   // Check bool.
|   _Bool success = false;
| 
|   // Check restrict.
|   if (test_restrict ("String literal") == 0)
|     success = true;
|   char *restrict newvar = "Another string";
| 
|   // Check varargs.
|   test_varargs ("s, d' f .", "string", 65, 34.234);
|   test_varargs_macros ();
| 
|   // Check flexible array members.
|   struct incomplete_array *ia =
|     malloc (sizeof (struct incomplete_array) + (sizeof (double) * 10));
|   ia->datasize = 10;
|   for (int i = 0; i < ia->datasize; ++i)
|     ia->data[i] = i * 1.234;
| 
|   // Check named initializers.
|   struct named_init ni = {
|     .number = 34,
|     .name = L"Test wide string",
|     .average = 543.34343,
|   };
| 
|   ni.number = 58;
| 
|   int dynamic_array[ni.number];
|   dynamic_array[ni.number - 1] = 543;
| 
|   // work around unused variable warnings
|   return (!success || bignum == 0LL || ubignum == 0uLL || newvar[0] == 'x'
| 	  || dynamic_array[ni.number - 1] != 543);
| 
|   ;
|   return 0;
| }
configure:5249: gcc -std=gnu99 -c -g -O2  conftest.c >&5
configure:5249: $? = 0
configure:5269: result: -std=gnu99
configure:5335: checking for g++
configure:5351: found /usr/bin/g++
configure:5362: result: g++
configure:5389: checking for C++ compiler version
configure:5398: g++ --version >&5
g++ (Ubuntu/Linaro 4.6.3-1ubuntu5) 4.6.3
Copyright (C) 2011 Free Software Foundation, Inc.
This is free software; see the source for copying conditions.  There is NO
warranty; not even for MERCHANTABILITY or FITNESS FOR A PARTICULAR PURPOSE.

configure:5409: $? = 0
configure:5398: g++ -v >&5
Using built-in specs.
COLLECT_GCC=g++
COLLECT_LTO_WRAPPER=/usr/lib/gcc/i686-linux-gnu/4.6/lto-wrapper
Target: i686-linux-gnu
Configured with: ../src/configure -v --with-pkgversion='Ubuntu/Linaro 4.6.3-1ubuntu5' --with-bugurl=file:///usr/share/doc/gcc-4.6/README.Bugs --enable-languages=c,c++,fortran,objc,obj-c++ --prefix=/usr --program-suffix=-4.6 --enable-shared --enable-linker-build-id --with-system-zlib --libexecdir=/usr/lib --without-included-gettext --enable-threads=posix --with-gxx-include-dir=/usr/include/c++/4.6 --libdir=/usr/lib --enable-nls --with-sysroot=/ --enable-clocale=gnu --enable-libstdcxx-debug --enable-libstdcxx-time=yes --enable-gnu-unique-object --enable-plugin --enable-objc-gc --enable-targets=all --disable-werror --with-arch-32=i686 --with-tune=generic --enable-checking=release --build=i686-linux-gnu --host=i686-linux-gnu --target=i686-linux-gnu
Thread model: posix
gcc version 4.6.3 (Ubuntu/Linaro 4.6.3-1ubuntu5) 
configure:5409: $? = 0
configure:5398: g++ -V >&5
g++: error: unrecognized option '-V'
g++: fatal error: no input files
compilation terminated.
configure:5409: $? = 4
configure:5398: g++ -qversion >&5
g++: error: unrecognized option '-qversion'
g++: fatal error: no input files
compilation terminated.
configure:5409: $? = 4
configure:5413: checking whether we are using the GNU C++ compiler
configure:5432: g++ -c   conftest.cpp >&5
configure:5432: $? = 0
configure:5441: result: yes
configure:5450: checking whether g++ accepts -g
configure:5470: g++ -c -g  conftest.cpp >&5
configure:5470: $? = 0
configure:5511: result: yes
configure:5536: checking dependency style of g++
configure:5647: result: gcc3
configure:5691: checking build system type
configure:5705: result: i686-pc-linux-gnu
configure:5725: checking host system type
configure:5738: result: i686-pc-linux-gnu
configure:5779: checking how to print strings
configure:5806: result: printf
configure:5827: checking for a sed that does not truncate output
configure:5891: result: /bin/sed
configure:5909: checking for fgrep
configure:5971: result: /bin/grep -F
configure:6006: checking for ld used by gcc -std=gnu99
configure:6073: result: /usr/bin/ld
configure:6080: checking if the linker (/usr/bin/ld) is GNU ld
configure:6095: result: yes
configure:6107: checking for BSD- or MS-compatible name lister (nm)
configure:6156: result: /usr/bin/nm -B
configure:6286: checking the name lister (/usr/bin/nm -B) interface
configure:6293: gcc -std=gnu99 -c -g -O2  conftest.c >&5
configure:6296: /usr/bin/nm -B "conftest.o"
configure:6299: output
00000000 B some_variable
configure:6306: result: BSD nm
configure:6309: checking whether ln -s works
configure:6313: result: yes
configure:6321: checking the maximum length of command line arguments
configure:6451: result: 1572864
configure:6468: checking whether the shell understands some XSI constructs
configure:6478: result: yes
configure:6482: checking whether the shell understands "+="
configure:6488: result: yes
configure:6523: checking how to convert i686-pc-linux-gnu file names to i686-pc-linux-gnu format
configure:6563: result: func_convert_file_noop
configure:6570: checking how to convert i686-pc-linux-gnu file names to toolchain format
configure:6590: result: func_convert_file_noop
configure:6597: checking for /usr/bin/ld option to reload object files
configure:6604: result: -r
configure:6678: checking for objdump
configure:6694: found /usr/bin/objdump
configure:6705: result: objdump
configure:6737: checking how to recognize dependent libraries
configure:6939: result: pass_all
configure:7024: checking for dlltool
configure:7054: result: no
configure:7084: checking how to associate runtime and link libraries
configure:7111: result: printf %s\n
configure:7171: checking for ar
configure:7187: found /usr/bin/ar
configure:7198: result: ar
configure:7235: checking for archiver @FILE support
configure:7252: gcc -std=gnu99 -c -g -O2  conftest.c >&5
configure:7252: $? = 0
configure:7255: ar cru libconftest.a @conftest.lst >&5
configure:7258: $? = 0
configure:7263: ar cru libconftest.a @conftest.lst >&5
ar: conftest.o: No such file or directory
configure:7266: $? = 1
configure:7278: result: @
configure:7336: checking for strip
configure:7352: found /usr/bin/strip
configure:7363: result: strip
configure:7435: checking for ranlib
configure:7451: found /usr/bin/ranlib
configure:7462: result: ranlib
configure:7564: checking command to parse /usr/bin/nm -B output from gcc -std=gnu99 object
configure:7684: gcc -std=gnu99 -c -g -O2  conftest.c >&5
configure:7687: $? = 0
configure:7691: /usr/bin/nm -B conftest.o \| sed -n -e 's/^.*[ ]\([ABCDGIRSTW][ABCDGIRSTW]*\)[ ][ ]*\([_A-Za-z][_A-Za-z0-9]*\)$/\1 \2 \2/p' | sed '/ __gnu_lto/d' \> conftest.nm
configure:7694: $? = 0
configure:7760: gcc -std=gnu99 -o conftest -g -O2   conftest.c conftstm.o >&5
configure:7763: $? = 0
configure:7801: result: ok
configure:7838: checking for sysroot
configure:7868: result: no
configure:8124: checking for mt
configure:8140: found /bin/mt
configure:8151: result: mt
configure:8174: checking if mt is a manifest tool
configure:8180: mt '-?'
configure:8188: result: no
configure:8827: checking for dlfcn.h
configure:8827: gcc -std=gnu99 -c -g -O2  conftest.c >&5
configure:8827: $? = 0
configure:8827: result: yes
configure:9044: checking for objdir
configure:9059: result: .libs
configure:9330: checking if gcc -std=gnu99 supports -fno-rtti -fno-exceptions
configure:9348: gcc -std=gnu99 -c -g -O2  -fno-rtti -fno-exceptions conftest.c >&5
cc1: warning: command line option '-fno-rtti' is valid for C++/ObjC++ but not for C [enabled by default]
configure:9352: $? = 0
configure:9365: result: no
configure:9692: checking for gcc -std=gnu99 option to produce PIC
configure:9699: result: -fPIC -DPIC
configure:9707: checking if gcc -std=gnu99 PIC flag -fPIC -DPIC works
configure:9725: gcc -std=gnu99 -c -g -O2  -fPIC -DPIC -DPIC conftest.c >&5
configure:9729: $? = 0
configure:9742: result: yes
configure:9771: checking if gcc -std=gnu99 static flag -static works
configure:9799: result: yes
configure:9814: checking if gcc -std=gnu99 supports -c -o file.o
configure:9835: gcc -std=gnu99 -c -g -O2  -o out/conftest2.o conftest.c >&5
configure:9839: $? = 0
configure:9861: result: yes
configure:9869: checking if gcc -std=gnu99 supports -c -o file.o
configure:9916: result: yes
configure:9949: checking whether the gcc -std=gnu99 linker (/usr/bin/ld) supports shared libraries
configure:11106: result: yes
configure:11143: checking whether -lc should be explicitly linked in
configure:11151: gcc -std=gnu99 -c -g -O2  conftest.c >&5
configure:11154: $? = 0
configure:11169: gcc -std=gnu99 -shared  -fPIC -DPIC conftest.o  -v -Wl,-soname -Wl,conftest -o conftest 2\>\&1 \| /bin/grep  -lc  \>/dev/null 2\>\&1
configure:11172: $? = 0
configure:11186: result: no
configure:11346: checking dynamic linker characteristics
configure:11857: gcc -std=gnu99 -o conftest -g -O2   -Wl,-rpath -Wl,/foo conftest.c  >&5
configure:11857: $? = 0
configure:12091: result: GNU/Linux ld.so
configure:12198: checking how to hardcode library paths into programs
configure:12223: result: immediate
configure:12763: checking whether stripping libraries is possible
configure:12768: result: yes
configure:12803: checking if libtool supports shared libraries
configure:12805: result: yes
configure:12808: checking whether to build shared libraries
configure:12829: result: yes
configure:12832: checking whether to build static libraries
configure:12836: result: yes
configure:12859: checking how to run the C++ preprocessor
configure:12886: g++ -E  conftest.cpp
configure:12886: $? = 0
configure:12900: g++ -E  conftest.cpp
conftest.cpp:28:28: fatal error: ac_nonexistent.h: No such file or directory
compilation terminated.
configure:12900: $? = 1
configure: failed program was:
| /* confdefs.h */
| #define PACKAGE_NAME "ach"
| #define PACKAGE_TARNAME "ach"
| #define PACKAGE_VERSION "1.2.0"
| #define PACKAGE_STRING "ach 1.2.0"
| #define PACKAGE_BUGREPORT "ntd@gatech.edu"
| #define PACKAGE_URL ""
| #define PACKAGE "ach"
| #define VERSION "1.2.0"
| #define STDC_HEADERS 1
| #define HAVE_SYS_TYPES_H 1
| #define HAVE_SYS_STAT_H 1
| #define HAVE_STDLIB_H 1
| #define HAVE_STRING_H 1
| #define HAVE_MEMORY_H 1
| #define HAVE_STRINGS_H 1
| #define HAVE_INTTYPES_H 1
| #define HAVE_STDINT_H 1
| #define HAVE_UNISTD_H 1
| #define __EXTENSIONS__ 1
| #define _ALL_SOURCE 1
| #define _GNU_SOURCE 1
| #define _POSIX_PTHREAD_SEMANTICS 1
| #define _TANDEM_SOURCE 1
| #define HAVE_DLFCN_H 1
| #define LT_OBJDIR ".libs/"
| /* end confdefs.h.  */
| #include <ac_nonexistent.h>
configure:12925: result: g++ -E
configure:12945: g++ -E  conftest.cpp
configure:12945: $? = 0
configure:12959: g++ -E  conftest.cpp
conftest.cpp:28:28: fatal error: ac_nonexistent.h: No such file or directory
compilation terminated.
configure:12959: $? = 1
configure: failed program was:
| /* confdefs.h */
| #define PACKAGE_NAME "ach"
| #define PACKAGE_TARNAME "ach"
| #define PACKAGE_VERSION "1.2.0"
| #define PACKAGE_STRING "ach 1.2.0"
| #define PACKAGE_BUGREPORT "ntd@gatech.edu"
| #define PACKAGE_URL ""
| #define PACKAGE "ach"
| #define VERSION "1.2.0"
| #define STDC_HEADERS 1
| #define HAVE_SYS_TYPES_H 1
| #define HAVE_SYS_STAT_H 1
| #define HAVE_STDLIB_H 1
| #define HAVE_STRING_H 1
| #define HAVE_MEMORY_H 1
| #define HAVE_STRINGS_H 1
| #define HAVE_INTTYPES_H 1
| #define HAVE_STDINT_H 1
| #define HAVE_UNISTD_H 1
| #define __EXTENSIONS__ 1
| #define _ALL_SOURCE 1
| #define _GNU_SOURCE 1
| #define _POSIX_PTHREAD_SEMANTICS 1
| #define _TANDEM_SOURCE 1
| #define HAVE_DLFCN_H 1
| #define LT_OBJDIR ".libs/"
| /* end confdefs.h.  */
| #include <ac_nonexistent.h>
configure:13128: checking for ld used by g++
configure:13195: result: /usr/bin/ld
configure:13202: checking if the linker (/usr/bin/ld) is GNU ld
configure:13217: result: yes
configure:13272: checking whether the g++ linker (/usr/bin/ld) supports shared libraries
configure:14277: result: yes
configure:14313: g++ -c -g -O2  conftest.cpp >&5
configure:14316: $? = 0
configure:14836: checking for g++ option to produce PIC
configure:14843: result: -fPIC -DPIC
configure:14851: checking if g++ PIC flag -fPIC -DPIC works
configure:14869: g++ -c -g -O2  -fPIC -DPIC -DPIC conftest.cpp >&5
configure:14873: $? = 0
configure:14886: result: yes
configure:14909: checking if g++ static flag -static works
configure:14937: result: yes
configure:14949: checking if g++ supports -c -o file.o
configure:14970: g++ -c -g -O2  -o out/conftest2.o conftest.cpp >&5
configure:14974: $? = 0
configure:14996: result: yes
configure:15001: checking if g++ supports -c -o file.o
configure:15048: result: yes
configure:15078: checking whether the g++ linker (/usr/bin/ld) supports shared libraries
configure:15117: result: yes
configure:15258: checking dynamic linker characteristics
configure:15937: result: GNU/Linux ld.so
configure:15990: checking how to hardcode library paths into programs
configure:16015: result: immediate
configure:16078: checking for C/C++ restrict keyword
configure:16103: gcc -std=gnu99 -c -g -O2  conftest.c >&5
configure:16103: $? = 0
configure:16111: result: __restrict
configure:16124: checking for inline
configure:16140: gcc -std=gnu99 -c -g -O2  conftest.c >&5
configure:16140: $? = 0
configure:16148: result: inline
configure:16166: checking for an ANSI C-conforming const
configure:16231: gcc -std=gnu99 -c -g -O2  conftest.c >&5
configure:16231: $? = 0
configure:16238: result: yes
configure:16253: checking whether PRIuPTR is declared
configure:16253: gcc -std=gnu99 -c -g -O2  conftest.c >&5
configure:16253: $? = 0
configure:16253: result: yes
configure:16268: checking for library containing pthread_mutex_lock
configure:16299: gcc -std=gnu99 -o conftest -g -O2   conftest.c  >&5
configure:16299: $? = 0
configure:16316: result: none required
configure:16324: checking for library containing pthread_mutexattr_setpshared
configure:16355: gcc -std=gnu99 -o conftest -g -O2   conftest.c  >&5
/tmp/ccChYqbp.o: In function `main':
/home/bryant/rpi_robotics_work/gatech_powerball_port/ach/conftest.c:40: undefined reference to `pthread_mutexattr_setpshared'
collect2: ld returned 1 exit status
configure:16355: $? = 1
configure: failed program was:
| /* confdefs.h */
| #define PACKAGE_NAME "ach"
| #define PACKAGE_TARNAME "ach"
| #define PACKAGE_VERSION "1.2.0"
| #define PACKAGE_STRING "ach 1.2.0"
| #define PACKAGE_BUGREPORT "ntd@gatech.edu"
| #define PACKAGE_URL ""
| #define PACKAGE "ach"
| #define VERSION "1.2.0"
| #define STDC_HEADERS 1
| #define HAVE_SYS_TYPES_H 1
| #define HAVE_SYS_STAT_H 1
| #define HAVE_STDLIB_H 1
| #define HAVE_STRING_H 1
| #define HAVE_MEMORY_H 1
| #define HAVE_STRINGS_H 1
| #define HAVE_INTTYPES_H 1
| #define HAVE_STDINT_H 1
| #define HAVE_UNISTD_H 1
| #define __EXTENSIONS__ 1
| #define _ALL_SOURCE 1
| #define _GNU_SOURCE 1
| #define _POSIX_PTHREAD_SEMANTICS 1
| #define _TANDEM_SOURCE 1
| #define HAVE_DLFCN_H 1
| #define LT_OBJDIR ".libs/"
| #define restrict __restrict
| /* end confdefs.h.  */
| 
| /* Override any GCC internal prototype to avoid an error.
|    Use char because int might match the return type of a GCC
|    builtin and then its argument prototype would still apply.  */
| #ifdef __cplusplus
| extern "C"
| #endif
| char pthread_mutexattr_setpshared ();
| int
| main ()
| {
| return pthread_mutexattr_setpshared ();
|   ;
|   return 0;
| }
configure:16355: gcc -std=gnu99 -o conftest -g -O2   conftest.c -lpthread   >&5
configure:16355: $? = 0
configure:16372: result: -lpthread
configure:16380: checking for library containing clock_gettime
configure:16411: gcc -std=gnu99 -o conftest -g -O2   conftest.c -lpthread  >&5
/tmp/cclpWLxy.o: In function `main':
/home/bryant/rpi_robotics_work/gatech_powerball_port/ach/conftest.c:40: undefined reference to `clock_gettime'
collect2: ld returned 1 exit status
configure:16411: $? = 1
configure: failed program was:
| /* confdefs.h */
| #define PACKAGE_NAME "ach"
| #define PACKAGE_TARNAME "ach"
| #define PACKAGE_VERSION "1.2.0"
| #define PACKAGE_STRING "ach 1.2.0"
| #define PACKAGE_BUGREPORT "ntd@gatech.edu"
| #define PACKAGE_URL ""
| #define PACKAGE "ach"
| #define VERSION "1.2.0"
| #define STDC_HEADERS 1
| #define HAVE_SYS_TYPES_H 1
| #define HAVE_SYS_STAT_H 1
| #define HAVE_STDLIB_H 1
| #define HAVE_STRING_H 1
| #define HAVE_MEMORY_H 1
| #define HAVE_STRINGS_H 1
| #define HAVE_INTTYPES_H 1
| #define HAVE_STDINT_H 1
| #define HAVE_UNISTD_H 1
| #define __EXTENSIONS__ 1
| #define _ALL_SOURCE 1
| #define _GNU_SOURCE 1
| #define _POSIX_PTHREAD_SEMANTICS 1
| #define _TANDEM_SOURCE 1
| #define HAVE_DLFCN_H 1
| #define LT_OBJDIR ".libs/"
| #define restrict __restrict
| /* end confdefs.h.  */
| 
| /* Override any GCC internal prototype to avoid an error.
|    Use char because int might match the return type of a GCC
|    builtin and then its argument prototype would still apply.  */
| #ifdef __cplusplus
| extern "C"
| #endif
| char clock_gettime ();
| int
| main ()
| {
| return clock_gettime ();
|   ;
|   return 0;
| }
configure:16411: gcc -std=gnu99 -o conftest -g -O2   conftest.c -lrt  -lpthread  >&5
configure:16411: $? = 0
configure:16428: result: -lrt
configure:16436: checking for library containing shm_open
configure:16467: gcc -std=gnu99 -o conftest -g -O2   conftest.c -lrt -lpthread  >&5
configure:16467: $? = 0
configure:16484: result: none required
configure:16494: checking whether _POSIX_THREAD_PROCESS_SHARED is declared
configure:16494: gcc -std=gnu99 -c -g -O2  conftest.c >&5
configure:16494: $? = 0
configure:16494: result: yes
configure:16507: checking for priority-inherit mutex
configure:16563: gcc -std=gnu99 -o conftest -g -O2   conftest.c -lrt -lpthread  >&5
configure:16563: $? = 0
configure:16563: ./conftest
configure:16563: $? = 0
configure:16577: checking for robust mutex
configure:16641: gcc -std=gnu99 -o conftest -g -O2   conftest.c -lrt -lpthread  >&5
configure:16641: $? = 0
configure:16641: ./conftest
configure:16641: $? = 0
configure:16655: checking for error-checking mutex
configure:16727: gcc -std=gnu99 -o conftest -g -O2   conftest.c -lrt -lpthread  >&5
configure:16727: $? = 0
configure:16727: ./conftest
configure:16727: $? = 0
configure:16758: checking CFLAGS for maximum warnings
configure:16778: gcc -std=gnu99 -c -g -O2 -warn all  -warn all  conftest.c >&5
gcc: error: all: No such file or directory
gcc: error: all: No such file or directory
gcc: error: unrecognized option '-warn'
gcc: error: unrecognized option '-warn'
configure:16778: $? = 1
configure: failed program was:
| /* confdefs.h */
| #define PACKAGE_NAME "ach"
| #define PACKAGE_TARNAME "ach"
| #define PACKAGE_VERSION "1.2.0"
| #define PACKAGE_STRING "ach 1.2.0"
| #define PACKAGE_BUGREPORT "ntd@gatech.edu"
| #define PACKAGE_URL ""
| #define PACKAGE "ach"
| #define VERSION "1.2.0"
| #define STDC_HEADERS 1
| #define HAVE_SYS_TYPES_H 1
| #define HAVE_SYS_STAT_H 1
| #define HAVE_STDLIB_H 1
| #define HAVE_STRING_H 1
| #define HAVE_MEMORY_H 1
| #define HAVE_STRINGS_H 1
| #define HAVE_INTTYPES_H 1
| #define HAVE_STDINT_H 1
| #define HAVE_UNISTD_H 1
| #define __EXTENSIONS__ 1
| #define _ALL_SOURCE 1
| #define _GNU_SOURCE 1
| #define _POSIX_PTHREAD_SEMANTICS 1
| #define _TANDEM_SOURCE 1
| #define HAVE_DLFCN_H 1
| #define LT_OBJDIR ".libs/"
| #define restrict __restrict
| #define HAVE_MUTEX_PRIORITY_INHERIT 1
| #define HAVE_MUTEX_ROBUST 1
| #define HAVE_MUTEX_ERROR_CHECK 1
| /* end confdefs.h.  */
| 
| int
| main ()
| {
| 
|   ;
|   return 0;
| }
configure:16778: gcc -std=gnu99 -c -g -O2 -pedantic  -Wall  conftest.c >&5
configure:16778: $? = 0
configure:16786: result: -Wall
configure:16801: : CFLAGS="$CFLAGS $ac_cv_cflags_warn_all"
configure:16804: $? = 0
configure:16840: checking whether C compiler accepts -Wextra
configure:16859: gcc -std=gnu99 -c   -Wextra  conftest.c >&5
configure:16859: $? = 0
configure:16867: result: yes
configure:16886: checking whether C compiler accepts -Wconversion
configure:16905: gcc -std=gnu99 -c   -Wconversion  conftest.c >&5
configure:16905: $? = 0
configure:16913: result: yes
configure:16932: checking whether C compiler accepts -Wpointer-arith
configure:16951: gcc -std=gnu99 -c   -Wpointer-arith  conftest.c >&5
configure:16951: $? = 0
configure:16959: result: yes
configure:16978: checking whether C compiler accepts -Wfloat-equal
configure:16997: gcc -std=gnu99 -c   -Wfloat-equal  conftest.c >&5
configure:16997: $? = 0
configure:17005: result: yes
configure:17024: checking whether C compiler accepts -Wshadow
configure:17043: gcc -std=gnu99 -c   -Wshadow  conftest.c >&5
configure:17043: $? = 0
configure:17051: result: yes
configure:17070: checking whether C compiler accepts -Wwrite-strings
configure:17089: gcc -std=gnu99 -c   -Wwrite-strings  conftest.c >&5
configure:17089: $? = 0
configure:17097: result: yes
configure:17116: checking whether C compiler accepts -Wc++-compat
configure:17135: gcc -std=gnu99 -c   -Wc++-compat  conftest.c >&5
configure:17135: $? = 0
configure:17143: result: yes
configure:17169: checking whether C++ compiler accepts -Wextra
configure:17188: g++ -c   -Wextra  conftest.cpp >&5
configure:17188: $? = 0
configure:17196: result: yes
configure:17215: checking whether C++ compiler accepts -Wconversion
configure:17234: g++ -c   -Wconversion  conftest.cpp >&5
configure:17234: $? = 0
configure:17242: result: yes
configure:17261: checking whether C++ compiler accepts -Wpointer-arith
configure:17280: g++ -c   -Wpointer-arith  conftest.cpp >&5
configure:17280: $? = 0
configure:17288: result: yes
configure:17307: checking whether C++ compiler accepts -Wfloat-equal
configure:17326: g++ -c   -Wfloat-equal  conftest.cpp >&5
configure:17326: $? = 0
configure:17334: result: yes
configure:17353: checking whether C++ compiler accepts -Wshadow
configure:17372: g++ -c   -Wshadow  conftest.cpp >&5
configure:17372: $? = 0
configure:17380: result: yes
configure:17399: checking whether C++ compiler accepts -Wwrite-strings
configure:17418: g++ -c   -Wwrite-strings  conftest.cpp >&5
configure:17418: $? = 0
configure:17426: result: yes
configure:17569: checking whether C compiler accepts -DNDEBUG
configure:17588: gcc -std=gnu99 -c   -DNDEBUG  conftest.c >&5
configure:17588: $? = 0
configure:17596: result: yes
configure:17621: checking whether C++ compiler accepts -DNDEBUG
configure:17640: g++ -c   -DNDEBUG  conftest.cpp >&5
configure:17640: $? = 0
configure:17648: result: yes
configure:17771: checking for doxygen
configure:17789: found /usr/bin/doxygen
configure:17801: result: /usr/bin/doxygen
configure:17877: checking for perl
configure:17895: found /usr/bin/perl
configure:17907: result: /usr/bin/perl
configure:19507: checking for help2man
configure:19537: result: no
configure:19549: checking for man2html
configure:19579: result: no
configure:19591: checking for db2html
configure:19621: result: no
configure:19656: checking for ./doc/man/ach.1
configure:19670: result: yes
configure:19677: checking for ./doc/man/ach.html
configure:19691: result: yes
configure:19698: checking for ./doc/manual/ach-manual.html
configure:19712: result: yes
configure:20349: checking for java
configure:20379: result: no
configure:20349: checking for kaffe
configure:20379: result: no
configure:20393: checking for javac
configure:20423: result: no
configure:20393: checking for gcj
configure:20423: result: no
configure:20393: checking for jikes
configure:20423: result: no
configure:20393: checking for guavac
configure:20423: result: no
configure:20437: checking for javah
configure:20467: result: no
configure:20481: checking for jar
configure:20511: result: no
configure:21059: creating ./config.status

## ---------------------- ##
## Running config.status. ##
## ---------------------- ##

This file was extended by ach config.status 1.2.0, which was
generated by GNU Autoconf 2.68.  Invocation command line was

  CONFIG_FILES    = 
  CONFIG_HEADERS  = 
  CONFIG_LINKS    = 
  CONFIG_COMMANDS = 
  $ ./config.status 

on powerball

config.status:1249: creating Makefile
config.status:1249: creating doc/Makefile
config.status:1249: creating python/setup.py
config.status:1249: creating ach.pc
config.status:1249: creating config.h
config.status:1430: config.h is unchanged
config.status:1478: executing depfiles commands
config.status:1478: executing libtool commands
configure:23566: 
configure:23568: CONFIGURATION SUMMARY
configure:23570: =====================
configure:23572: DEBUG:           no
configure:23574: PREFIX:          /usr/local
configure:23576: PYTHON VERSION:  none
configure:23578: BUILD JAVA LIB:  no

## ---------------- ##
## Cache variables. ##
## ---------------- ##

ac_cv_build=i686-pc-linux-gnu
ac_cv_c_compiler_gnu=yes
ac_cv_c_const=yes
ac_cv_c_inline=inline
ac_cv_c_restrict=__restrict
ac_cv_cflags_warn_all=-Wall
ac_cv_cxx_compiler_gnu=yes
ac_cv_env_CCC_set=
ac_cv_env_CCC_value=
ac_cv_env_CC_set=
ac_cv_env_CC_value=
ac_cv_env_CFLAGS_set=
ac_cv_env_CFLAGS_value=
ac_cv_env_CPPFLAGS_set=
ac_cv_env_CPPFLAGS_value=
ac_cv_env_CPP_set=
ac_cv_env_CPP_value=
ac_cv_env_CXXCPP_set=
ac_cv_env_CXXCPP_value=
ac_cv_env_CXXFLAGS_set=
ac_cv_env_CXXFLAGS_value=
ac_cv_env_CXX_set=
ac_cv_env_CXX_value=
ac_cv_env_DOXYGEN_PAPER_SIZE_set=
ac_cv_env_DOXYGEN_PAPER_SIZE_value=
ac_cv_env_LDFLAGS_set=
ac_cv_env_LDFLAGS_value=
ac_cv_env_LIBS_set=
ac_cv_env_LIBS_value=
ac_cv_env_PYTHON_VERSION_set=
ac_cv_env_PYTHON_VERSION_value=
ac_cv_env_PYTHON_set=
ac_cv_env_PYTHON_value=
ac_cv_env_build_alias_set=
ac_cv_env_build_alias_value=
ac_cv_env_host_alias_set=
ac_cv_env_host_alias_value=
ac_cv_env_target_alias_set=
ac_cv_env_target_alias_value=
ac_cv_file___doc_man_ach_1=yes
ac_cv_file___doc_man_ach_html=yes
ac_cv_file___doc_manual_ach_manual_html=yes
ac_cv_have_decl_PRIuPTR=yes
ac_cv_have_decl__POSIX_THREAD_PROCESS_SHARED=yes
ac_cv_header_dlfcn_h=yes
ac_cv_header_inttypes_h=yes
ac_cv_header_memory_h=yes
ac_cv_header_minix_config_h=no
ac_cv_header_stdc=yes
ac_cv_header_stdint_h=yes
ac_cv_header_stdlib_h=yes
ac_cv_header_string_h=yes
ac_cv_header_strings_h=yes
ac_cv_header_sys_stat_h=yes
ac_cv_header_sys_types_h=yes
ac_cv_header_unistd_h=yes
ac_cv_host=i686-pc-linux-gnu
ac_cv_objext=o
ac_cv_path_EGREP='/bin/grep -E'
ac_cv_path_FGREP='/bin/grep -F'
ac_cv_path_GREP=/bin/grep
ac_cv_path_SED=/bin/sed
ac_cv_path_ac_pt_DX_DOXYGEN=/usr/bin/doxygen
ac_cv_path_ac_pt_DX_PERL=/usr/bin/perl
ac_cv_path_install='/usr/bin/install -c'
ac_cv_path_mkdir=/bin/mkdir
ac_cv_prog_AWK=mawk
ac_cv_prog_CPP='gcc -E'
ac_cv_prog_CXXCPP='g++ -E'
ac_cv_prog_ac_ct_AR=ar
ac_cv_prog_ac_ct_CC=gcc
ac_cv_prog_ac_ct_CXX=g++
ac_cv_prog_ac_ct_MANIFEST_TOOL=mt
ac_cv_prog_ac_ct_OBJDUMP=objdump
ac_cv_prog_ac_ct_RANLIB=ranlib
ac_cv_prog_ac_ct_STRIP=strip
ac_cv_prog_cc_c89=
ac_cv_prog_cc_c99=-std=gnu99
ac_cv_prog_cc_g=yes
ac_cv_prog_cxx_g=yes
ac_cv_prog_make_make_set=yes
ac_cv_safe_to_define___extensions__=yes
ac_cv_search_clock_gettime=-lrt
ac_cv_search_pthread_mutex_lock='none required'
ac_cv_search_pthread_mutexattr_setpshared=-lpthread
ac_cv_search_shm_open='none required'
am_cv_CC_dependencies_compiler_type=gcc3
am_cv_CXX_dependencies_compiler_type=gcc3
ax_cv_check_cflags___DNDEBUG=yes
ax_cv_check_cflags___Wconversion=yes
ax_cv_check_cflags___Wcpp_compat=yes
ax_cv_check_cflags___Wextra=yes
ax_cv_check_cflags___Wfloat_equal=yes
ax_cv_check_cflags___Wpointer_arith=yes
ax_cv_check_cflags___Wshadow=yes
ax_cv_check_cflags___Wwrite_strings=yes
ax_cv_check_cxxflags___DNDEBUG=yes
ax_cv_check_cxxflags___Wconversion=yes
ax_cv_check_cxxflags___Wextra=yes
ax_cv_check_cxxflags___Wfloat_equal=yes
ax_cv_check_cxxflags___Wpointer_arith=yes
ax_cv_check_cxxflags___Wshadow=yes
ax_cv_check_cxxflags___Wwrite_strings=yes
lt_cv_ar_at_file=@
lt_cv_archive_cmds_need_lc=no
lt_cv_deplibs_check_method=pass_all
lt_cv_file_magic_cmd='$MAGIC_CMD'
lt_cv_file_magic_test_file=
lt_cv_ld_reload_flag=-r
lt_cv_nm_interface='BSD nm'
lt_cv_objdir=.libs
lt_cv_path_LD=/usr/bin/ld
lt_cv_path_LDCXX=/usr/bin/ld
lt_cv_path_NM='/usr/bin/nm -B'
lt_cv_path_mainfest_tool=no
lt_cv_prog_compiler_c_o=yes
lt_cv_prog_compiler_c_o_CXX=yes
lt_cv_prog_compiler_pic='-fPIC -DPIC'
lt_cv_prog_compiler_pic_CXX='-fPIC -DPIC'
lt_cv_prog_compiler_pic_works=yes
lt_cv_prog_compiler_pic_works_CXX=yes
lt_cv_prog_compiler_rtti_exceptions=no
lt_cv_prog_compiler_static_works=yes
lt_cv_prog_compiler_static_works_CXX=yes
lt_cv_prog_gnu_ld=yes
lt_cv_prog_gnu_ldcxx=yes
lt_cv_sharedlib_from_linklib_cmd='printf %s\n'
lt_cv_shlibpath_overrides_runpath=no
lt_cv_sys_global_symbol_pipe='sed -n -e '\''s/^.*[	 ]\([ABCDGIRSTW][ABCDGIRSTW]*\)[	 ][	 ]*\([_A-Za-z][_A-Za-z0-9]*\)$/\1 \2 \2/p'\'' | sed '\''/ __gnu_lto/d'\'''
lt_cv_sys_global_symbol_to_c_name_address='sed -n -e '\''s/^: \([^ ]*\)[ ]*$/  {\"\1\", (void *) 0},/p'\'' -e '\''s/^[ABCDGIRSTW]* \([^ ]*\) \([^ ]*\)$/  {"\2", (void *) \&\2},/p'\'''
lt_cv_sys_global_symbol_to_c_name_address_lib_prefix='sed -n -e '\''s/^: \([^ ]*\)[ ]*$/  {\"\1\", (void *) 0},/p'\'' -e '\''s/^[ABCDGIRSTW]* \([^ ]*\) \(lib[^ ]*\)$/  {"\2", (void *) \&\2},/p'\'' -e '\''s/^[ABCDGIRSTW]* \([^ ]*\) \([^ ]*\)$/  {"lib\2", (void *) \&\2},/p'\'''
lt_cv_sys_global_symbol_to_cdecl='sed -n -e '\''s/^T .* \(.*\)$/extern int \1();/p'\'' -e '\''s/^[ABCDGIRSTW]* .* \(.*\)$/extern char \1;/p'\'''
lt_cv_sys_max_cmd_len=1572864
lt_cv_to_host_file_cmd=func_convert_file_noop
lt_cv_to_tool_file_cmd=func_convert_file_noop

## ----------------- ##
## Output variables. ##
## ----------------- ##

ACLOCAL='${SHELL} /home/bryant/rpi_robotics_work/gatech_powerball_port/ach/missing --run aclocal-1.11'
AMDEPBACKSLASH='\'
AMDEP_FALSE='#'
AMDEP_TRUE=''
AMTAR='$${TAR-tar}'
AR='ar'
AUTOCONF='${SHELL} /home/bryant/rpi_robotics_work/gatech_powerball_port/ach/missing --run autoconf'
AUTOHEADER='${SHELL} /home/bryant/rpi_robotics_work/gatech_powerball_port/ach/missing --run autoheader'
AUTOMAKE='${SHELL} /home/bryant/rpi_robotics_work/gatech_powerball_port/ach/missing --run automake-1.11'
AWK='mawk'
CC='gcc -std=gnu99'
CCDEPMODE='depmode=gcc3'
CFLAGS='-DNDEBUG -Wc++-compat -Wwrite-strings -Wshadow -Wfloat-equal -Wpointer-arith -Wconversion -Wextra -g -O2 -Wall'
CPP='gcc -E'
CPPFLAGS=''
CXX='g++'
CXXCPP='g++ -E'
CXXDEPMODE='depmode=gcc3'
CXXFLAGS='-DNDEBUG -Wwrite-strings -Wshadow -Wfloat-equal -Wpointer-arith -Wconversion -Wextra -g -O2'
CYGPATH_W='echo'
DB2HTML=''
DEFS='-DHAVE_CONFIG_H'
DEPDIR='.deps'
DLLTOOL='false'
DOXYGEN_PAPER_SIZE=''
DSYMUTIL=''
DUMPBIN=''
DX_COND_chi_FALSE=''
DX_COND_chi_TRUE='#'
DX_COND_chm_FALSE=''
DX_COND_chm_TRUE='#'
DX_COND_doc_FALSE='#'
DX_COND_doc_TRUE=''
DX_COND_dot_FALSE=''
DX_COND_dot_TRUE='#'
DX_COND_html_FALSE='#'
DX_COND_html_TRUE=''
DX_COND_latex_FALSE=''
DX_COND_latex_TRUE='#'
DX_COND_man_FALSE=''
DX_COND_man_TRUE='#'
DX_COND_pdf_FALSE=''
DX_COND_pdf_TRUE='#'
DX_COND_ps_FALSE=''
DX_COND_ps_TRUE='#'
DX_COND_rtf_FALSE=''
DX_COND_rtf_TRUE='#'
DX_COND_xml_FALSE=''
DX_COND_xml_TRUE='#'
DX_CONFIG='Doxyfile'
DX_DOCDIR='doxygen-doc'
DX_DOT=''
DX_DOXYGEN='/usr/bin/doxygen'
DX_DVIPS=''
DX_EGREP=''
DX_ENV=' SRCDIR='\''.'\'' PROJECT='\''ach'\'' DOCDIR='\''doxygen-doc'\'' VERSION='\''1.2.0'\'' PERL_PATH='\''/usr/bin/perl'\'' HAVE_DOT='\''NO'\'' GENERATE_MAN='\''NO'\'' GENERATE_RTF='\''NO'\'' GENERATE_XML='\''NO'\'' GENERATE_HTMLHELP='\''NO'\'' GENERATE_CHI='\''NO'\'' GENERATE_HTML='\''YES'\'' GENERATE_LATEX='\''NO'\'''
DX_FLAG_chi='0'
DX_FLAG_chm='0'
DX_FLAG_doc='1'
DX_FLAG_dot='0'
DX_FLAG_html='1'
DX_FLAG_man='0'
DX_FLAG_pdf='0'
DX_FLAG_ps='0'
DX_FLAG_rtf='0'
DX_FLAG_xml='0'
DX_HHC=''
DX_LATEX=''
DX_MAKEINDEX=''
DX_PDFLATEX=''
DX_PERL='/usr/bin/perl'
DX_PROJECT='ach'
ECHO_C=''
ECHO_N='-n'
ECHO_T=''
EGREP='/bin/grep -E'
EXEEXT=''
FGREP='/bin/grep -F'
GREP='/bin/grep'
HAVE_DB2HTML_FALSE=''
HAVE_DB2HTML_TRUE='#'
HAVE_HELP2MAN_FALSE=''
HAVE_HELP2MAN_TRUE='#'
HAVE_JAVAC_FALSE=''
HAVE_JAVAC_TRUE='#'
HAVE_MAN2HTML_FALSE=''
HAVE_MAN2HTML_TRUE='#'
HAVE_MANHTML_FALSE='#'
HAVE_MANHTML_TRUE=''
HAVE_MANPAGES_FALSE='#'
HAVE_MANPAGES_TRUE=''
HAVE_MANUAL_FALSE='#'
HAVE_MANUAL_TRUE=''
HAVE_PYTHON_FALSE=''
HAVE_PYTHON_TRUE='#'
HELP2MAN=''
INSTALL_DATA='${INSTALL} -m 644'
INSTALL_PROGRAM='${INSTALL}'
INSTALL_SCRIPT='${INSTALL}'
INSTALL_STRIP_PROGRAM='$(install_sh) -c -s'
JAR=''
JAVA=''
JAVAC=''
JAVAH=''
JNICPPFLAGS=''
LD='/usr/bin/ld'
LDFLAGS=''
LIBOBJS=''
LIBS='-lrt -lpthread '
LIBTOOL='$(SHELL) $(top_builddir)/libtool'
LIPO=''
LN_S='ln -s'
LTLIBOBJS=''
MAKEINFO='${SHELL} /home/bryant/rpi_robotics_work/gatech_powerball_port/ach/missing --run makeinfo'
MAN2HTML=''
MANIFEST_TOOL=':'
MKDIR_P='/bin/mkdir -p'
NM='/usr/bin/nm -B'
NMEDIT=''
OBJDUMP='objdump'
OBJEXT='o'
OTOOL64=''
OTOOL=''
PACKAGE='ach'
PACKAGE_BUGREPORT='ntd@gatech.edu'
PACKAGE_NAME='ach'
PACKAGE_STRING='ach 1.2.0'
PACKAGE_TARNAME='ach'
PACKAGE_URL=''
PACKAGE_VERSION='1.2.0'
PATH_SEPARATOR=':'
PYTHON=''
PYTHON_CPPFLAGS=''
PYTHON_EXEC_PREFIX=''
PYTHON_EXTRA_LDFLAGS=''
PYTHON_EXTRA_LIBS=''
PYTHON_LDFLAGS=''
PYTHON_PLATFORM=''
PYTHON_PREFIX=''
PYTHON_SITE_PKG=''
PYTHON_VERSION='none'
RANLIB='ranlib'
SED='/bin/sed'
SET_MAKE=''
SHELL='/bin/bash'
STRIP='strip'
VERSION='1.2.0'
_ACJNI_JAVAC=''
ac_ct_AR='ar'
ac_ct_CC='gcc'
ac_ct_CXX='g++'
ac_ct_DUMPBIN=''
am__EXEEXT_FALSE=''
am__EXEEXT_TRUE='#'
am__fastdepCC_FALSE='#'
am__fastdepCC_TRUE=''
am__fastdepCXX_FALSE='#'
am__fastdepCXX_TRUE=''
am__include='include'
am__isrc=''
am__leading_dot='.'
am__nodep='_no'
am__quote=''
am__tar='$${TAR-tar} chof - "$$tardir"'
am__untar='$${TAR-tar} xf -'
bindir='${exec_prefix}/bin'
build='i686-pc-linux-gnu'
build_alias=''
build_cpu='i686'
build_os='linux-gnu'
build_vendor='pc'
datadir='${datarootdir}'
datarootdir='${prefix}/share'
docdir='${datarootdir}/doc/${PACKAGE_TARNAME}'
dvidir='${docdir}'
exec_prefix='${prefix}'
host='i686-pc-linux-gnu'
host_alias=''
host_cpu='i686'
host_os='linux-gnu'
host_vendor='pc'
htmldir='${docdir}'
includedir='${prefix}/include'
infodir='${datarootdir}/info'
install_sh='${SHELL} /home/bryant/rpi_robotics_work/gatech_powerball_port/ach/install-sh'
libdir='${exec_prefix}/lib'
libexecdir='${exec_prefix}/libexec'
localedir='${datarootdir}/locale'
localstatedir='${prefix}/var'
mandir='${datarootdir}/man'
mkdir_p='/bin/mkdir -p'
oldincludedir='/usr/include'
pdfdir='${docdir}'
pkgpyexecdir=''
pkgpythondir=''
prefix='/usr/local'
program_transform_name='s,x,x,'
psdir='${docdir}'
pyexecdir=''
pythondir=''
sbindir='${exec_prefix}/sbin'
sharedstatedir='${prefix}/com'
sysconfdir='${prefix}/etc'
target_alias=''

## ----------- ##
## confdefs.h. ##
## ----------- ##

/* confdefs.h */
#define PACKAGE_NAME "ach"
#define PACKAGE_TARNAME "ach"
#define PACKAGE_VERSION "1.2.0"
#define PACKAGE_STRING "ach 1.2.0"
#define PACKAGE_BUGREPORT "ntd@gatech.edu"
#define PACKAGE_URL ""
#define PACKAGE "ach"
#define VERSION "1.2.0"
#define STDC_HEADERS 1
#define HAVE_SYS_TYPES_H 1
#define HAVE_SYS_STAT_H 1
#define HAVE_STDLIB_H 1
#define HAVE_STRING_H 1
#define HAVE_MEMORY_H 1
#define HAVE_STRINGS_H 1
#define HAVE_INTTYPES_H 1
#define HAVE_STDINT_H 1
#define HAVE_UNISTD_H 1
#define __EXTENSIONS__ 1
#define _ALL_SOURCE 1
#define _GNU_SOURCE 1
#define _POSIX_PTHREAD_SEMANTICS 1
#define _TANDEM_SOURCE 1
#define HAVE_DLFCN_H 1
#define LT_OBJDIR ".libs/"
#define restrict __restrict
#define HAVE_MUTEX_PRIORITY_INHERIT 1
#define HAVE_MUTEX_ROBUST 1
#define HAVE_MUTEX_ERROR_CHECK 1

configure: exit 0
