This file contains any messages produced by compilers while
running configure, to aid debugging if configure makes a mistake.

It was created by socanmatic configure 0.0.1, which was
generated by GNU Autoconf 2.68.  Invocation command line was

  $ ./configure 

## --------- ##
## Platform. ##
## --------- ##

hostname = powerball
uname -m = x86_64
uname -r = 3.8.0-35-generic
uname -s = Linux
uname -v = #52~precise1-Ubuntu SMP Thu Jan 30 17:24:40 UTC 2014

/usr/bin/uname -p = unknown
/bin/uname -X     = unknown

/bin/arch              = unknown
/usr/bin/arch -k       = unknown
/usr/convex/getsysinfo = unknown
/usr/bin/hostinfo      = unknown
/bin/machine           = unknown
/usr/bin/oslevel       = unknown
/bin/universe          = unknown

PATH: /usr/lib/lightdm/lightdm
PATH: /usr/local/sbin
PATH: /usr/local/bin
PATH: /usr/sbin
PATH: /usr/bin
PATH: /sbin
PATH: /bin
PATH: /usr/games


## ----------- ##
## Core tests. ##
## ----------- ##

configure:2576: loading site script /usr/local/share/config.site
| CPPFLAGS="-I/usr/local/include"
| LDFLAGS="-L/usr/local/lib"
| FCFLAGS="-I/usr/local/include -g -O2 -pipe"
| CFLAGS="-g -O2 -pipe"
configure:2717: checking for a BSD-compatible install
configure:2785: result: /usr/bin/install -c
configure:2796: checking whether build environment is sane
configure:2846: result: yes
configure:2987: checking for a thread-safe mkdir -p
configure:3026: result: /bin/mkdir -p
configure:3039: checking for gawk
configure:3055: found /usr/bin/gawk
configure:3066: result: gawk
configure:3077: checking whether make sets $(MAKE)
configure:3099: result: yes
configure:3197: checking for style of include used by make
configure:3225: result: GNU
configure:3296: checking for gcc
configure:3323: result: /usr/bin/gcc-4.8
configure:3552: checking for C compiler version
configure:3561: /usr/bin/gcc-4.8 --version >&5
gcc-4.8 (Ubuntu 4.8.1-2ubuntu1~12.04) 4.8.1
Copyright (C) 2013 Free Software Foundation, Inc.
This is free software; see the source for copying conditions.  There is NO
warranty; not even for MERCHANTABILITY or FITNESS FOR A PARTICULAR PURPOSE.

configure:3572: $? = 0
configure:3561: /usr/bin/gcc-4.8 -v >&5
Using built-in specs.
COLLECT_GCC=/usr/bin/gcc-4.8
COLLECT_LTO_WRAPPER=/usr/lib/gcc/x86_64-linux-gnu/4.8/lto-wrapper
Target: x86_64-linux-gnu
Configured with: ../src/configure -v --with-pkgversion='Ubuntu 4.8.1-2ubuntu1~12.04' --with-bugurl=file:///usr/share/doc/gcc-4.8/README.Bugs --enable-languages=c,c++,java,go,d,fortran,objc,obj-c++ --prefix=/usr --program-suffix=-4.8 --enable-shared --enable-linker-build-id --libexecdir=/usr/lib --without-included-gettext --enable-threads=posix --with-gxx-include-dir=/usr/include/c++/4.8 --libdir=/usr/lib --enable-nls --with-sysroot=/ --enable-clocale=gnu --enable-libstdcxx-debug --enable-libstdcxx-time=yes --enable-gnu-unique-object --enable-plugin --with-system-zlib --disable-browser-plugin --enable-java-awt=gtk --enable-gtk-cairo --with-java-home=/usr/lib/jvm/java-1.5.0-gcj-4.8-amd64/jre --enable-java-home --with-jvm-root-dir=/usr/lib/jvm/java-1.5.0-gcj-4.8-amd64 --with-jvm-jar-dir=/usr/lib/jvm-exports/java-1.5.0-gcj-4.8-amd64 --with-arch-directory=amd64 --with-ecj-jar=/usr/share/java/eclipse-ecj.jar --enable-objc-gc --enable-multiarch --disable-werror --with-arch-32=i686 --with-abi=m64 --with-multilib-list=m32,m64 --with-tune=generic --enable-checking=release --build=x86_64-linux-gnu --host=x86_64-linux-gnu --target=x86_64-linux-gnu
Thread model: posix
gcc version 4.8.1 (Ubuntu 4.8.1-2ubuntu1~12.04) 
configure:3572: $? = 0
configure:3561: /usr/bin/gcc-4.8 -V >&5
gcc-4.8: error: unrecognized command line option '-V'
gcc-4.8: fatal error: no input files
compilation terminated.
configure:3572: $? = 4
configure:3561: /usr/bin/gcc-4.8 -qversion >&5
gcc-4.8: error: unrecognized command line option '-qversion'
gcc-4.8: fatal error: no input files
compilation terminated.
configure:3572: $? = 4
configure:3592: checking whether the C compiler works
configure:3614: /usr/bin/gcc-4.8 -g -O2 -pipe -I/usr/local/include -L/usr/local/lib conftest.c  >&5
configure:3618: $? = 0
configure:3666: result: yes
configure:3669: checking for C compiler default output file name
configure:3671: result: a.out
configure:3677: checking for suffix of executables
configure:3684: /usr/bin/gcc-4.8 -o conftest -g -O2 -pipe -I/usr/local/include -L/usr/local/lib conftest.c  >&5
configure:3688: $? = 0
configure:3710: result: 
configure:3732: checking whether we are cross compiling
configure:3740: /usr/bin/gcc-4.8 -o conftest -g -O2 -pipe -I/usr/local/include -L/usr/local/lib conftest.c  >&5
configure:3744: $? = 0
configure:3751: ./conftest
configure:3755: $? = 0
configure:3770: result: no
configure:3775: checking for suffix of object files
configure:3797: /usr/bin/gcc-4.8 -c -g -O2 -pipe -I/usr/local/include conftest.c >&5
configure:3801: $? = 0
configure:3822: result: o
configure:3826: checking whether we are using the GNU C compiler
configure:3845: /usr/bin/gcc-4.8 -c -g -O2 -pipe -I/usr/local/include conftest.c >&5
configure:3845: $? = 0
configure:3854: result: yes
configure:3863: checking whether /usr/bin/gcc-4.8 accepts -g
configure:3883: /usr/bin/gcc-4.8 -c -g -I/usr/local/include conftest.c >&5
configure:3883: $? = 0
configure:3924: result: yes
configure:3941: checking for /usr/bin/gcc-4.8 option to accept ISO C89
configure:4005: /usr/bin/gcc-4.8  -c -g -O2 -pipe -I/usr/local/include conftest.c >&5
configure:4005: $? = 0
configure:4018: result: none needed
configure:4040: checking dependency style of /usr/bin/gcc-4.8
configure:4151: result: gcc3
configure:4172: checking how to run the C preprocessor
configure:4203: /usr/bin/gcc-4.8 -E -I/usr/local/include conftest.c
configure:4203: $? = 0
configure:4217: /usr/bin/gcc-4.8 -E -I/usr/local/include conftest.c
conftest.c:11:28: fatal error: ac_nonexistent.h: No such file or directory
 #include <ac_nonexistent.h>
                            ^
compilation terminated.
configure:4217: $? = 1
configure: failed program was:
| /* confdefs.h */
| #define PACKAGE_NAME "socanmatic"
| #define PACKAGE_TARNAME "socanmatic"
| #define PACKAGE_VERSION "0.0.1"
| #define PACKAGE_STRING "socanmatic 0.0.1"
| #define PACKAGE_BUGREPORT "ntd@gatech.edu"
| #define PACKAGE_URL ""
| #define PACKAGE "socanmatic"
| #define VERSION "0.0.1"
| /* end confdefs.h.  */
| #include <ac_nonexistent.h>
configure:4242: result: /usr/bin/gcc-4.8 -E
configure:4262: /usr/bin/gcc-4.8 -E -I/usr/local/include conftest.c
configure:4262: $? = 0
configure:4276: /usr/bin/gcc-4.8 -E -I/usr/local/include conftest.c
conftest.c:11:28: fatal error: ac_nonexistent.h: No such file or directory
 #include <ac_nonexistent.h>
                            ^
compilation terminated.
configure:4276: $? = 1
configure: failed program was:
| /* confdefs.h */
| #define PACKAGE_NAME "socanmatic"
| #define PACKAGE_TARNAME "socanmatic"
| #define PACKAGE_VERSION "0.0.1"
| #define PACKAGE_STRING "socanmatic 0.0.1"
| #define PACKAGE_BUGREPORT "ntd@gatech.edu"
| #define PACKAGE_URL ""
| #define PACKAGE "socanmatic"
| #define VERSION "0.0.1"
| /* end confdefs.h.  */
| #include <ac_nonexistent.h>
configure:4305: checking for grep that handles long lines and -e
configure:4363: result: /bin/grep
configure:4368: checking for egrep
configure:4430: result: /bin/grep -E
configure:4435: checking for ANSI C header files
configure:4455: /usr/bin/gcc-4.8 -c -g -O2 -pipe -I/usr/local/include conftest.c >&5
configure:4455: $? = 0
configure:4528: /usr/bin/gcc-4.8 -o conftest -g -O2 -pipe -I/usr/local/include -L/usr/local/lib conftest.c  >&5
configure:4528: $? = 0
configure:4528: ./conftest
configure:4528: $? = 0
configure:4539: result: yes
configure:4552: checking for sys/types.h
configure:4552: /usr/bin/gcc-4.8 -c -g -O2 -pipe -I/usr/local/include conftest.c >&5
configure:4552: $? = 0
configure:4552: result: yes
configure:4552: checking for sys/stat.h
configure:4552: /usr/bin/gcc-4.8 -c -g -O2 -pipe -I/usr/local/include conftest.c >&5
configure:4552: $? = 0
configure:4552: result: yes
configure:4552: checking for stdlib.h
configure:4552: /usr/bin/gcc-4.8 -c -g -O2 -pipe -I/usr/local/include conftest.c >&5
configure:4552: $? = 0
configure:4552: result: yes
configure:4552: checking for string.h
configure:4552: /usr/bin/gcc-4.8 -c -g -O2 -pipe -I/usr/local/include conftest.c >&5
configure:4552: $? = 0
configure:4552: result: yes
configure:4552: checking for memory.h
configure:4552: /usr/bin/gcc-4.8 -c -g -O2 -pipe -I/usr/local/include conftest.c >&5
configure:4552: $? = 0
configure:4552: result: yes
configure:4552: checking for strings.h
configure:4552: /usr/bin/gcc-4.8 -c -g -O2 -pipe -I/usr/local/include conftest.c >&5
configure:4552: $? = 0
configure:4552: result: yes
configure:4552: checking for inttypes.h
configure:4552: /usr/bin/gcc-4.8 -c -g -O2 -pipe -I/usr/local/include conftest.c >&5
configure:4552: $? = 0
configure:4552: result: yes
configure:4552: checking for stdint.h
configure:4552: /usr/bin/gcc-4.8 -c -g -O2 -pipe -I/usr/local/include conftest.c >&5
configure:4552: $? = 0
configure:4552: result: yes
configure:4552: checking for unistd.h
configure:4552: /usr/bin/gcc-4.8 -c -g -O2 -pipe -I/usr/local/include conftest.c >&5
configure:4552: $? = 0
configure:4552: result: yes
configure:4565: checking minix/config.h usability
configure:4565: /usr/bin/gcc-4.8 -c -g -O2 -pipe -I/usr/local/include conftest.c >&5
conftest.c:54:26: fatal error: minix/config.h: No such file or directory
 #include <minix/config.h>
                          ^
compilation terminated.
configure:4565: $? = 1
configure: failed program was:
| /* confdefs.h */
| #define PACKAGE_NAME "socanmatic"
| #define PACKAGE_TARNAME "socanmatic"
| #define PACKAGE_VERSION "0.0.1"
| #define PACKAGE_STRING "socanmatic 0.0.1"
| #define PACKAGE_BUGREPORT "ntd@gatech.edu"
| #define PACKAGE_URL ""
| #define PACKAGE "socanmatic"
| #define VERSION "0.0.1"
| #define STDC_HEADERS 1
| #define HAVE_SYS_TYPES_H 1
| #define HAVE_SYS_STAT_H 1
| #define HAVE_STDLIB_H 1
| #define HAVE_STRING_H 1
| #define HAVE_MEMORY_H 1
| #define HAVE_STRINGS_H 1
| #define HAVE_INTTYPES_H 1
| #define HAVE_STDINT_H 1
| #define HAVE_UNISTD_H 1
| /* end confdefs.h.  */
| #include <stdio.h>
| #ifdef HAVE_SYS_TYPES_H
| # include <sys/types.h>
| #endif
| #ifdef HAVE_SYS_STAT_H
| # include <sys/stat.h>
| #endif
| #ifdef STDC_HEADERS
| # include <stdlib.h>
| # include <stddef.h>
| #else
| # ifdef HAVE_STDLIB_H
| #  include <stdlib.h>
| # endif
| #endif
| #ifdef HAVE_STRING_H
| # if !defined STDC_HEADERS && defined HAVE_MEMORY_H
| #  include <memory.h>
| # endif
| # include <string.h>
| #endif
| #ifdef HAVE_STRINGS_H
| # include <strings.h>
| #endif
| #ifdef HAVE_INTTYPES_H
| # include <inttypes.h>
| #endif
| #ifdef HAVE_STDINT_H
| # include <stdint.h>
| #endif
| #ifdef HAVE_UNISTD_H
| # include <unistd.h>
| #endif
| #include <minix/config.h>
configure:4565: result: no
configure:4565: checking minix/config.h presence
configure:4565: /usr/bin/gcc-4.8 -E -I/usr/local/include conftest.c
conftest.c:21:26: fatal error: minix/config.h: No such file or directory
 #include <minix/config.h>
                          ^
compilation terminated.
configure:4565: $? = 1
configure: failed program was:
| /* confdefs.h */
| #define PACKAGE_NAME "socanmatic"
| #define PACKAGE_TARNAME "socanmatic"
| #define PACKAGE_VERSION "0.0.1"
| #define PACKAGE_STRING "socanmatic 0.0.1"
| #define PACKAGE_BUGREPORT "ntd@gatech.edu"
| #define PACKAGE_URL ""
| #define PACKAGE "socanmatic"
| #define VERSION "0.0.1"
| #define STDC_HEADERS 1
| #define HAVE_SYS_TYPES_H 1
| #define HAVE_SYS_STAT_H 1
| #define HAVE_STDLIB_H 1
| #define HAVE_STRING_H 1
| #define HAVE_MEMORY_H 1
| #define HAVE_STRINGS_H 1
| #define HAVE_INTTYPES_H 1
| #define HAVE_STDINT_H 1
| #define HAVE_UNISTD_H 1
| /* end confdefs.h.  */
| #include <minix/config.h>
configure:4565: result: no
configure:4565: checking for minix/config.h
configure:4565: result: no
configure:4586: checking whether it is safe to define __EXTENSIONS__
configure:4604: /usr/bin/gcc-4.8 -c -g -O2 -pipe -I/usr/local/include conftest.c >&5
configure:4604: $? = 0
configure:4611: result: yes
configure:4673: checking for gcc
configure:4700: result: /usr/bin/gcc-4.8
configure:4929: checking for C compiler version
configure:4938: /usr/bin/gcc-4.8 --version >&5
gcc-4.8 (Ubuntu 4.8.1-2ubuntu1~12.04) 4.8.1
Copyright (C) 2013 Free Software Foundation, Inc.
This is free software; see the source for copying conditions.  There is NO
warranty; not even for MERCHANTABILITY or FITNESS FOR A PARTICULAR PURPOSE.

configure:4949: $? = 0
configure:4938: /usr/bin/gcc-4.8 -v >&5
Using built-in specs.
COLLECT_GCC=/usr/bin/gcc-4.8
COLLECT_LTO_WRAPPER=/usr/lib/gcc/x86_64-linux-gnu/4.8/lto-wrapper
Target: x86_64-linux-gnu
Configured with: ../src/configure -v --with-pkgversion='Ubuntu 4.8.1-2ubuntu1~12.04' --with-bugurl=file:///usr/share/doc/gcc-4.8/README.Bugs --enable-languages=c,c++,java,go,d,fortran,objc,obj-c++ --prefix=/usr --program-suffix=-4.8 --enable-shared --enable-linker-build-id --libexecdir=/usr/lib --without-included-gettext --enable-threads=posix --with-gxx-include-dir=/usr/include/c++/4.8 --libdir=/usr/lib --enable-nls --with-sysroot=/ --enable-clocale=gnu --enable-libstdcxx-debug --enable-libstdcxx-time=yes --enable-gnu-unique-object --enable-plugin --with-system-zlib --disable-browser-plugin --enable-java-awt=gtk --enable-gtk-cairo --with-java-home=/usr/lib/jvm/java-1.5.0-gcj-4.8-amd64/jre --enable-java-home --with-jvm-root-dir=/usr/lib/jvm/java-1.5.0-gcj-4.8-amd64 --with-jvm-jar-dir=/usr/lib/jvm-exports/java-1.5.0-gcj-4.8-amd64 --with-arch-directory=amd64 --with-ecj-jar=/usr/share/java/eclipse-ecj.jar --enable-objc-gc --enable-multiarch --disable-werror --with-arch-32=i686 --with-abi=m64 --with-multilib-list=m32,m64 --with-tune=generic --enable-checking=release --build=x86_64-linux-gnu --host=x86_64-linux-gnu --target=x86_64-linux-gnu
Thread model: posix
gcc version 4.8.1 (Ubuntu 4.8.1-2ubuntu1~12.04) 
configure:4949: $? = 0
configure:4938: /usr/bin/gcc-4.8 -V >&5
gcc-4.8: error: unrecognized command line option '-V'
gcc-4.8: fatal error: no input files
compilation terminated.
configure:4949: $? = 4
configure:4938: /usr/bin/gcc-4.8 -qversion >&5
gcc-4.8: error: unrecognized command line option '-qversion'
gcc-4.8: fatal error: no input files
compilation terminated.
configure:4949: $? = 4
configure:4953: checking whether we are using the GNU C compiler
configure:4981: result: yes
configure:4990: checking whether /usr/bin/gcc-4.8 accepts -g
configure:5051: result: yes
configure:5068: checking for /usr/bin/gcc-4.8 option to accept ISO C89
configure:5145: result: none needed
configure:5167: checking dependency style of /usr/bin/gcc-4.8
configure:5278: result: gcc3
configure:5293: checking for /usr/bin/gcc-4.8 option to accept ISO C99
configure:5442: /usr/bin/gcc-4.8  -c -g -O2 -pipe -I/usr/local/include conftest.c >&5
conftest.c:76:29: error: expected ';', ',' or ')' before 'text'
 test_restrict (ccp restrict text)
                             ^
conftest.c: In function 'main':
conftest.c:130:18: error: expected '=', ',', ';', 'asm' or '__attribute__' before 'newvar'
   char *restrict newvar = "Another string";
                  ^
conftest.c:130:18: error: 'newvar' undeclared (first use in this function)
conftest.c:130:18: note: each undeclared identifier is reported only once for each function it appears in
conftest.c:140:3: error: 'for' loop initial declarations are only allowed in C99 mode
   for (int i = 0; i < ia->datasize; ++i)
   ^
conftest.c:140:3: note: use option -std=c99 or -std=gnu99 to compile your code
configure:5442: $? = 1
configure: failed program was:
| /* confdefs.h */
| #define PACKAGE_NAME "socanmatic"
| #define PACKAGE_TARNAME "socanmatic"
| #define PACKAGE_VERSION "0.0.1"
| #define PACKAGE_STRING "socanmatic 0.0.1"
| #define PACKAGE_BUGREPORT "ntd@gatech.edu"
| #define PACKAGE_URL ""
| #define PACKAGE "socanmatic"
| #define VERSION "0.0.1"
| #define STDC_HEADERS 1
| #define HAVE_SYS_TYPES_H 1
| #define HAVE_SYS_STAT_H 1
| #define HAVE_STDLIB_H 1
| #define HAVE_STRING_H 1
| #define HAVE_MEMORY_H 1
| #define HAVE_STRINGS_H 1
| #define HAVE_INTTYPES_H 1
| #define HAVE_STDINT_H 1
| #define HAVE_UNISTD_H 1
| #define __EXTENSIONS__ 1
| #define _ALL_SOURCE 1
| #define _GNU_SOURCE 1
| #define _POSIX_PTHREAD_SEMANTICS 1
| #define _TANDEM_SOURCE 1
| /* end confdefs.h.  */
| #include <stdarg.h>
| #include <stdbool.h>
| #include <stdlib.h>
| #include <wchar.h>
| #include <stdio.h>
| 
| // Check varargs macros.  These examples are taken from C99 6.10.3.5.
| #define debug(...) fprintf (stderr, __VA_ARGS__)
| #define showlist(...) puts (#__VA_ARGS__)
| #define report(test,...) ((test) ? puts (#test) : printf (__VA_ARGS__))
| static void
| test_varargs_macros (void)
| {
|   int x = 1234;
|   int y = 5678;
|   debug ("Flag");
|   debug ("X = %d\n", x);
|   showlist (The first, second, and third items.);
|   report (x>y, "x is %d but y is %d", x, y);
| }
| 
| // Check long long types.
| #define BIG64 18446744073709551615ull
| #define BIG32 4294967295ul
| #define BIG_OK (BIG64 / BIG32 == 4294967297ull && BIG64 % BIG32 == 0)
| #if !BIG_OK
|   your preprocessor is broken;
| #endif
| #if BIG_OK
| #else
|   your preprocessor is broken;
| #endif
| static long long int bignum = -9223372036854775807LL;
| static unsigned long long int ubignum = BIG64;
| 
| struct incomplete_array
| {
|   int datasize;
|   double data[];
| };
| 
| struct named_init {
|   int number;
|   const wchar_t *name;
|   double average;
| };
| 
| typedef const char *ccp;
| 
| static inline int
| test_restrict (ccp restrict text)
| {
|   // See if C++-style comments work.
|   // Iterate through items via the restricted pointer.
|   // Also check for declarations in for loops.
|   for (unsigned int i = 0; *(text+i) != '\0'; ++i)
|     continue;
|   return 0;
| }
| 
| // Check varargs and va_copy.
| static void
| test_varargs (const char *format, ...)
| {
|   va_list args;
|   va_start (args, format);
|   va_list args_copy;
|   va_copy (args_copy, args);
| 
|   const char *str;
|   int number;
|   float fnumber;
| 
|   while (*format)
|     {
|       switch (*format++)
| 	{
| 	case 's': // string
| 	  str = va_arg (args_copy, const char *);
| 	  break;
| 	case 'd': // int
| 	  number = va_arg (args_copy, int);
| 	  break;
| 	case 'f': // float
| 	  fnumber = va_arg (args_copy, double);
| 	  break;
| 	default:
| 	  break;
| 	}
|     }
|   va_end (args_copy);
|   va_end (args);
| }
| 
| int
| main ()
| {
| 
|   // Check bool.
|   _Bool success = false;
| 
|   // Check restrict.
|   if (test_restrict ("String literal") == 0)
|     success = true;
|   char *restrict newvar = "Another string";
| 
|   // Check varargs.
|   test_varargs ("s, d' f .", "string", 65, 34.234);
|   test_varargs_macros ();
| 
|   // Check flexible array members.
|   struct incomplete_array *ia =
|     malloc (sizeof (struct incomplete_array) + (sizeof (double) * 10));
|   ia->datasize = 10;
|   for (int i = 0; i < ia->datasize; ++i)
|     ia->data[i] = i * 1.234;
| 
|   // Check named initializers.
|   struct named_init ni = {
|     .number = 34,
|     .name = L"Test wide string",
|     .average = 543.34343,
|   };
| 
|   ni.number = 58;
| 
|   int dynamic_array[ni.number];
|   dynamic_array[ni.number - 1] = 543;
| 
|   // work around unused variable warnings
|   return (!success || bignum == 0LL || ubignum == 0uLL || newvar[0] == 'x'
| 	  || dynamic_array[ni.number - 1] != 543);
| 
|   ;
|   return 0;
| }
configure:5442: /usr/bin/gcc-4.8 -std=gnu99 -c -g -O2 -pipe -I/usr/local/include conftest.c >&5
configure:5442: $? = 0
configure:5462: result: -std=gnu99
configure:5499: checking build system type
configure:5513: result: x86_64-unknown-linux-gnu
configure:5533: checking host system type
configure:5546: result: x86_64-unknown-linux-gnu
configure:5587: checking how to print strings
configure:5614: result: printf
configure:5635: checking for a sed that does not truncate output
configure:5699: result: /bin/sed
configure:5717: checking for fgrep
configure:5779: result: /bin/grep -F
configure:5814: checking for ld used by /usr/bin/gcc-4.8 -std=gnu99
configure:5881: result: /usr/bin/ld
configure:5888: checking if the linker (/usr/bin/ld) is GNU ld
configure:5903: result: yes
configure:5915: checking for BSD- or MS-compatible name lister (nm)
configure:5964: result: /usr/bin/nm -B
configure:6094: checking the name lister (/usr/bin/nm -B) interface
configure:6101: /usr/bin/gcc-4.8 -std=gnu99 -c -g -O2 -pipe -I/usr/local/include conftest.c >&5
configure:6104: /usr/bin/nm -B "conftest.o"
configure:6107: output
0000000000000000 B some_variable
configure:6114: result: BSD nm
configure:6117: checking whether ln -s works
configure:6121: result: yes
configure:6129: checking the maximum length of command line arguments
configure:6259: result: 1572864
configure:6276: checking whether the shell understands some XSI constructs
configure:6286: result: yes
configure:6290: checking whether the shell understands "+="
configure:6296: result: yes
configure:6331: checking how to convert x86_64-unknown-linux-gnu file names to x86_64-unknown-linux-gnu format
configure:6371: result: func_convert_file_noop
configure:6378: checking how to convert x86_64-unknown-linux-gnu file names to toolchain format
configure:6398: result: func_convert_file_noop
configure:6405: checking for /usr/bin/ld option to reload object files
configure:6412: result: -r
configure:6486: checking for objdump
configure:6502: found /usr/bin/objdump
configure:6513: result: objdump
configure:6545: checking how to recognize dependent libraries
configure:6747: result: pass_all
configure:6832: checking for dlltool
configure:6862: result: no
configure:6892: checking how to associate runtime and link libraries
configure:6919: result: printf %s\n
configure:6979: checking for ar
configure:6995: found /usr/bin/ar
configure:7006: result: ar
configure:7043: checking for archiver @FILE support
configure:7060: /usr/bin/gcc-4.8 -std=gnu99 -c -g -O2 -pipe -I/usr/local/include conftest.c >&5
configure:7060: $? = 0
configure:7063: ar cru libconftest.a @conftest.lst >&5
configure:7066: $? = 0
configure:7071: ar cru libconftest.a @conftest.lst >&5
ar: conftest.o: No such file or directory
configure:7074: $? = 1
configure:7086: result: @
configure:7144: checking for strip
configure:7160: found /usr/bin/strip
configure:7171: result: strip
configure:7243: checking for ranlib
configure:7259: found /usr/bin/ranlib
configure:7270: result: ranlib
configure:7372: checking command to parse /usr/bin/nm -B output from /usr/bin/gcc-4.8 -std=gnu99 object
configure:7492: /usr/bin/gcc-4.8 -std=gnu99 -c -g -O2 -pipe -I/usr/local/include conftest.c >&5
configure:7495: $? = 0
configure:7499: /usr/bin/nm -B conftest.o \| sed -n -e 's/^.*[ ]\([ABCDGIRSTW][ABCDGIRSTW]*\)[ ][ ]*\([_A-Za-z][_A-Za-z0-9]*\)$/\1 \2 \2/p' | sed '/ __gnu_lto/d' \> conftest.nm
configure:7502: $? = 0
configure:7568: /usr/bin/gcc-4.8 -std=gnu99 -o conftest -g -O2 -pipe -I/usr/local/include -L/usr/local/lib conftest.c conftstm.o >&5
configure:7571: $? = 0
configure:7609: result: ok
configure:7646: checking for sysroot
configure:7676: result: no
configure:7753: /usr/bin/gcc-4.8 -std=gnu99 -c -g -O2 -pipe -I/usr/local/include conftest.c >&5
configure:7756: $? = 0
configure:7932: checking for mt
configure:7948: found /bin/mt
configure:7959: result: mt
configure:7982: checking if mt is a manifest tool
configure:7988: mt '-?'
configure:7996: result: no
configure:8635: checking for dlfcn.h
configure:8635: /usr/bin/gcc-4.8 -std=gnu99 -c -g -O2 -pipe -I/usr/local/include conftest.c >&5
configure:8635: $? = 0
configure:8635: result: yes
configure:8841: checking for objdir
configure:8856: result: .libs
configure:9127: checking if /usr/bin/gcc-4.8 -std=gnu99 supports -fno-rtti -fno-exceptions
configure:9145: /usr/bin/gcc-4.8 -std=gnu99 -c -g -O2 -pipe -I/usr/local/include -fno-rtti -fno-exceptions conftest.c >&5
cc1: warning: command line option '-fno-rtti' is valid for C++/ObjC++ but not for C [enabled by default]
configure:9149: $? = 0
configure:9162: result: no
configure:9489: checking for /usr/bin/gcc-4.8 -std=gnu99 option to produce PIC
configure:9496: result: -fPIC -DPIC
configure:9504: checking if /usr/bin/gcc-4.8 -std=gnu99 PIC flag -fPIC -DPIC works
configure:9522: /usr/bin/gcc-4.8 -std=gnu99 -c -g -O2 -pipe -I/usr/local/include -fPIC -DPIC -DPIC conftest.c >&5
configure:9526: $? = 0
configure:9539: result: yes
configure:9568: checking if /usr/bin/gcc-4.8 -std=gnu99 static flag -static works
configure:9596: result: yes
configure:9611: checking if /usr/bin/gcc-4.8 -std=gnu99 supports -c -o file.o
configure:9632: /usr/bin/gcc-4.8 -std=gnu99 -c -g -O2 -pipe -I/usr/local/include -o out/conftest2.o conftest.c >&5
configure:9636: $? = 0
configure:9658: result: yes
configure:9666: checking if /usr/bin/gcc-4.8 -std=gnu99 supports -c -o file.o
configure:9713: result: yes
configure:9746: checking whether the /usr/bin/gcc-4.8 -std=gnu99 linker (/usr/bin/ld -m elf_x86_64) supports shared libraries
configure:10903: result: yes
configure:10940: checking whether -lc should be explicitly linked in
configure:10948: /usr/bin/gcc-4.8 -std=gnu99 -c -g -O2 -pipe -I/usr/local/include conftest.c >&5
configure:10951: $? = 0
configure:10966: /usr/bin/gcc-4.8 -std=gnu99 -shared  -fPIC -DPIC conftest.o  -v -Wl,-soname -Wl,conftest -o conftest 2\>\&1 \| /bin/grep  -lc  \>/dev/null 2\>\&1
configure:10969: $? = 0
configure:10983: result: no
configure:11143: checking dynamic linker characteristics
configure:11654: /usr/bin/gcc-4.8 -std=gnu99 -o conftest -g -O2 -pipe -I/usr/local/include -L/usr/local/lib -Wl,-rpath -Wl,/foo conftest.c  >&5
configure:11654: $? = 0
configure:11888: result: GNU/Linux ld.so
configure:11995: checking how to hardcode library paths into programs
configure:12020: result: immediate
configure:12560: checking whether stripping libraries is possible
configure:12565: result: yes
configure:12600: checking if libtool supports shared libraries
configure:12602: result: yes
configure:12605: checking whether to build shared libraries
configure:12626: result: yes
configure:12629: checking whether to build static libraries
configure:12633: result: yes
configure:12672: checking for C/C++ restrict keyword
configure:12697: /usr/bin/gcc-4.8 -std=gnu99 -c -g -O2 -pipe -I/usr/local/include conftest.c >&5
configure:12697: $? = 0
configure:12705: result: __restrict
configure:12718: checking for inline
configure:12734: /usr/bin/gcc-4.8 -std=gnu99 -c -g -O2 -pipe -I/usr/local/include conftest.c >&5
configure:12734: $? = 0
configure:12742: result: inline
configure:12760: checking for an ANSI C-conforming const
configure:12825: /usr/bin/gcc-4.8 -std=gnu99 -c -g -O2 -pipe -I/usr/local/include conftest.c >&5
configure:12825: $? = 0
configure:12832: result: yes
configure:12845: checking arpa/inet.h usability
configure:12845: /usr/bin/gcc-4.8 -std=gnu99 -c -g -O2 -pipe -I/usr/local/include conftest.c >&5
configure:12845: $? = 0
configure:12845: result: yes
configure:12845: checking arpa/inet.h presence
configure:12845: /usr/bin/gcc-4.8 -E -I/usr/local/include conftest.c
configure:12845: $? = 0
configure:12845: result: yes
configure:12845: checking for arpa/inet.h
configure:12845: result: yes
configure:12845: checking fcntl.h usability
configure:12845: /usr/bin/gcc-4.8 -std=gnu99 -c -g -O2 -pipe -I/usr/local/include conftest.c >&5
configure:12845: $? = 0
configure:12845: result: yes
configure:12845: checking fcntl.h presence
configure:12845: /usr/bin/gcc-4.8 -E -I/usr/local/include conftest.c
configure:12845: $? = 0
configure:12845: result: yes
configure:12845: checking for fcntl.h
configure:12845: result: yes
configure:12845: checking for inttypes.h
configure:12845: result: yes
configure:12845: checking for stdint.h
configure:12845: result: yes
configure:12845: checking for stdlib.h
configure:12845: result: yes
configure:12845: checking for string.h
configure:12845: result: yes
configure:12845: checking sys/socket.h usability
configure:12845: /usr/bin/gcc-4.8 -std=gnu99 -c -g -O2 -pipe -I/usr/local/include conftest.c >&5
configure:12845: $? = 0
configure:12845: result: yes
configure:12845: checking sys/socket.h presence
configure:12845: /usr/bin/gcc-4.8 -E -I/usr/local/include conftest.c
configure:12845: $? = 0
configure:12845: result: yes
configure:12845: checking for sys/socket.h
configure:12845: result: yes
configure:12845: checking syslog.h usability
configure:12845: /usr/bin/gcc-4.8 -std=gnu99 -c -g -O2 -pipe -I/usr/local/include conftest.c >&5
configure:12845: $? = 0
configure:12845: result: yes
configure:12845: checking syslog.h presence
configure:12845: /usr/bin/gcc-4.8 -E -I/usr/local/include conftest.c
configure:12845: $? = 0
configure:12845: result: yes
configure:12845: checking for syslog.h
configure:12845: result: yes
configure:12845: checking for unistd.h
configure:12845: result: yes
configure:12845: checking time.h usability
configure:12845: /usr/bin/gcc-4.8 -std=gnu99 -c -g -O2 -pipe -I/usr/local/include conftest.c >&5
configure:12845: $? = 0
configure:12845: result: yes
configure:12845: checking time.h presence
configure:12845: /usr/bin/gcc-4.8 -E -I/usr/local/include conftest.c
configure:12845: $? = 0
configure:12845: result: yes
configure:12845: checking for time.h
configure:12845: result: yes
configure:12857: checking for stdbool.h that conforms to C99
configure:12924: /usr/bin/gcc-4.8 -std=gnu99 -c -g -O2 -pipe -I/usr/local/include conftest.c >&5
configure:12924: $? = 0
configure:12931: result: yes
configure:12933: checking for _Bool
configure:12933: /usr/bin/gcc-4.8 -std=gnu99 -c -g -O2 -pipe -I/usr/local/include conftest.c >&5
configure:12933: $? = 0
configure:12933: /usr/bin/gcc-4.8 -std=gnu99 -c -g -O2 -pipe -I/usr/local/include conftest.c >&5
conftest.c: In function 'main':
conftest.c:75:20: error: expected expression before ')' token
 if (sizeof ((_Bool)))
                    ^
configure:12933: $? = 1
configure: failed program was:
| /* confdefs.h */
| #define PACKAGE_NAME "socanmatic"
| #define PACKAGE_TARNAME "socanmatic"
| #define PACKAGE_VERSION "0.0.1"
| #define PACKAGE_STRING "socanmatic 0.0.1"
| #define PACKAGE_BUGREPORT "ntd@gatech.edu"
| #define PACKAGE_URL ""
| #define PACKAGE "socanmatic"
| #define VERSION "0.0.1"
| #define STDC_HEADERS 1
| #define HAVE_SYS_TYPES_H 1
| #define HAVE_SYS_STAT_H 1
| #define HAVE_STDLIB_H 1
| #define HAVE_STRING_H 1
| #define HAVE_MEMORY_H 1
| #define HAVE_STRINGS_H 1
| #define HAVE_INTTYPES_H 1
| #define HAVE_STDINT_H 1
| #define HAVE_UNISTD_H 1
| #define __EXTENSIONS__ 1
| #define _ALL_SOURCE 1
| #define _GNU_SOURCE 1
| #define _POSIX_PTHREAD_SEMANTICS 1
| #define _TANDEM_SOURCE 1
| #define HAVE_DLFCN_H 1
| #define LT_OBJDIR ".libs/"
| #define restrict __restrict
| #define HAVE_ARPA_INET_H 1
| #define HAVE_FCNTL_H 1
| #define HAVE_INTTYPES_H 1
| #define HAVE_STDINT_H 1
| #define HAVE_STDLIB_H 1
| #define HAVE_STRING_H 1
| #define HAVE_SYS_SOCKET_H 1
| #define HAVE_SYSLOG_H 1
| #define HAVE_UNISTD_H 1
| #define HAVE_TIME_H 1
| /* end confdefs.h.  */
| #include <stdio.h>
| #ifdef HAVE_SYS_TYPES_H
| # include <sys/types.h>
| #endif
| #ifdef HAVE_SYS_STAT_H
| # include <sys/stat.h>
| #endif
| #ifdef STDC_HEADERS
| # include <stdlib.h>
| # include <stddef.h>
| #else
| # ifdef HAVE_STDLIB_H
| #  include <stdlib.h>
| # endif
| #endif
| #ifdef HAVE_STRING_H
| # if !defined STDC_HEADERS && defined HAVE_MEMORY_H
| #  include <memory.h>
| # endif
| # include <string.h>
| #endif
| #ifdef HAVE_STRINGS_H
| # include <strings.h>
| #endif
| #ifdef HAVE_INTTYPES_H
| # include <inttypes.h>
| #endif
| #ifdef HAVE_STDINT_H
| # include <stdint.h>
| #endif
| #ifdef HAVE_UNISTD_H
| # include <unistd.h>
| #endif
| int
| main ()
| {
| if (sizeof ((_Bool)))
| 	    return 0;
|   ;
|   return 0;
| }
configure:12933: result: yes
configure:12949: checking for int32_t
configure:12949: /usr/bin/gcc-4.8 -std=gnu99 -c -g -O2 -pipe -I/usr/local/include conftest.c >&5
configure:12949: $? = 0
configure:12949: /usr/bin/gcc-4.8 -std=gnu99 -c -g -O2 -pipe -I/usr/local/include conftest.c >&5
conftest.c: In function 'main':
conftest.c:79:53: warning: integer overflow in expression [-Woverflow]
    < (int32_t) (((((int32_t) 1 << N) << N) - 1) * 2 + 2))];
                                                     ^
conftest.c:78:12: error: storage size of 'test_array' isn't constant
 static int test_array [1 - 2 * !((int32_t) (((((int32_t) 1 << N) << N) - 1) * 2 + 1)
            ^
configure:12949: $? = 1
configure: failed program was:
| /* confdefs.h */
| #define PACKAGE_NAME "socanmatic"
| #define PACKAGE_TARNAME "socanmatic"
| #define PACKAGE_VERSION "0.0.1"
| #define PACKAGE_STRING "socanmatic 0.0.1"
| #define PACKAGE_BUGREPORT "ntd@gatech.edu"
| #define PACKAGE_URL ""
| #define PACKAGE "socanmatic"
| #define VERSION "0.0.1"
| #define STDC_HEADERS 1
| #define HAVE_SYS_TYPES_H 1
| #define HAVE_SYS_STAT_H 1
| #define HAVE_STDLIB_H 1
| #define HAVE_STRING_H 1
| #define HAVE_MEMORY_H 1
| #define HAVE_STRINGS_H 1
| #define HAVE_INTTYPES_H 1
| #define HAVE_STDINT_H 1
| #define HAVE_UNISTD_H 1
| #define __EXTENSIONS__ 1
| #define _ALL_SOURCE 1
| #define _GNU_SOURCE 1
| #define _POSIX_PTHREAD_SEMANTICS 1
| #define _TANDEM_SOURCE 1
| #define HAVE_DLFCN_H 1
| #define LT_OBJDIR ".libs/"
| #define restrict __restrict
| #define HAVE_ARPA_INET_H 1
| #define HAVE_FCNTL_H 1
| #define HAVE_INTTYPES_H 1
| #define HAVE_STDINT_H 1
| #define HAVE_STDLIB_H 1
| #define HAVE_STRING_H 1
| #define HAVE_SYS_SOCKET_H 1
| #define HAVE_SYSLOG_H 1
| #define HAVE_UNISTD_H 1
| #define HAVE_TIME_H 1
| #define HAVE__BOOL 1
| #define HAVE_STDBOOL_H 1
| /* end confdefs.h.  */
| #include <stdio.h>
| #ifdef HAVE_SYS_TYPES_H
| # include <sys/types.h>
| #endif
| #ifdef HAVE_SYS_STAT_H
| # include <sys/stat.h>
| #endif
| #ifdef STDC_HEADERS
| # include <stdlib.h>
| # include <stddef.h>
| #else
| # ifdef HAVE_STDLIB_H
| #  include <stdlib.h>
| # endif
| #endif
| #ifdef HAVE_STRING_H
| # if !defined STDC_HEADERS && defined HAVE_MEMORY_H
| #  include <memory.h>
| # endif
| # include <string.h>
| #endif
| #ifdef HAVE_STRINGS_H
| # include <strings.h>
| #endif
| #ifdef HAVE_INTTYPES_H
| # include <inttypes.h>
| #endif
| #ifdef HAVE_STDINT_H
| # include <stdint.h>
| #endif
| #ifdef HAVE_UNISTD_H
| # include <unistd.h>
| #endif
| 	        enum { N = 32 / 2 - 1 };
| int
| main ()
| {
| static int test_array [1 - 2 * !((int32_t) (((((int32_t) 1 << N) << N) - 1) * 2 + 1)
| 		 < (int32_t) (((((int32_t) 1 << N) << N) - 1) * 2 + 2))];
| test_array [0] = 0
| 
|   ;
|   return 0;
| }
configure:12949: result: yes
configure:12960: checking for mode_t
configure:12960: /usr/bin/gcc-4.8 -std=gnu99 -c -g -O2 -pipe -I/usr/local/include conftest.c >&5
configure:12960: $? = 0
configure:12960: /usr/bin/gcc-4.8 -std=gnu99 -c -g -O2 -pipe -I/usr/local/include conftest.c >&5
conftest.c: In function 'main':
conftest.c:77:21: error: expected expression before ')' token
 if (sizeof ((mode_t)))
                     ^
configure:12960: $? = 1
configure: failed program was:
| /* confdefs.h */
| #define PACKAGE_NAME "socanmatic"
| #define PACKAGE_TARNAME "socanmatic"
| #define PACKAGE_VERSION "0.0.1"
| #define PACKAGE_STRING "socanmatic 0.0.1"
| #define PACKAGE_BUGREPORT "ntd@gatech.edu"
| #define PACKAGE_URL ""
| #define PACKAGE "socanmatic"
| #define VERSION "0.0.1"
| #define STDC_HEADERS 1
| #define HAVE_SYS_TYPES_H 1
| #define HAVE_SYS_STAT_H 1
| #define HAVE_STDLIB_H 1
| #define HAVE_STRING_H 1
| #define HAVE_MEMORY_H 1
| #define HAVE_STRINGS_H 1
| #define HAVE_INTTYPES_H 1
| #define HAVE_STDINT_H 1
| #define HAVE_UNISTD_H 1
| #define __EXTENSIONS__ 1
| #define _ALL_SOURCE 1
| #define _GNU_SOURCE 1
| #define _POSIX_PTHREAD_SEMANTICS 1
| #define _TANDEM_SOURCE 1
| #define HAVE_DLFCN_H 1
| #define LT_OBJDIR ".libs/"
| #define restrict __restrict
| #define HAVE_ARPA_INET_H 1
| #define HAVE_FCNTL_H 1
| #define HAVE_INTTYPES_H 1
| #define HAVE_STDINT_H 1
| #define HAVE_STDLIB_H 1
| #define HAVE_STRING_H 1
| #define HAVE_SYS_SOCKET_H 1
| #define HAVE_SYSLOG_H 1
| #define HAVE_UNISTD_H 1
| #define HAVE_TIME_H 1
| #define HAVE__BOOL 1
| #define HAVE_STDBOOL_H 1
| /* end confdefs.h.  */
| #include <stdio.h>
| #ifdef HAVE_SYS_TYPES_H
| # include <sys/types.h>
| #endif
| #ifdef HAVE_SYS_STAT_H
| # include <sys/stat.h>
| #endif
| #ifdef STDC_HEADERS
| # include <stdlib.h>
| # include <stddef.h>
| #else
| # ifdef HAVE_STDLIB_H
| #  include <stdlib.h>
| # endif
| #endif
| #ifdef HAVE_STRING_H
| # if !defined STDC_HEADERS && defined HAVE_MEMORY_H
| #  include <memory.h>
| # endif
| # include <string.h>
| #endif
| #ifdef HAVE_STRINGS_H
| # include <strings.h>
| #endif
| #ifdef HAVE_INTTYPES_H
| # include <inttypes.h>
| #endif
| #ifdef HAVE_STDINT_H
| # include <stdint.h>
| #endif
| #ifdef HAVE_UNISTD_H
| # include <unistd.h>
| #endif
| int
| main ()
| {
| if (sizeof ((mode_t)))
| 	    return 0;
|   ;
|   return 0;
| }
configure:12960: result: yes
configure:12971: checking for off_t
configure:12971: /usr/bin/gcc-4.8 -std=gnu99 -c -g -O2 -pipe -I/usr/local/include conftest.c >&5
configure:12971: $? = 0
configure:12971: /usr/bin/gcc-4.8 -std=gnu99 -c -g -O2 -pipe -I/usr/local/include conftest.c >&5
conftest.c: In function 'main':
conftest.c:77:20: error: expected expression before ')' token
 if (sizeof ((off_t)))
                    ^
configure:12971: $? = 1
configure: failed program was:
| /* confdefs.h */
| #define PACKAGE_NAME "socanmatic"
| #define PACKAGE_TARNAME "socanmatic"
| #define PACKAGE_VERSION "0.0.1"
| #define PACKAGE_STRING "socanmatic 0.0.1"
| #define PACKAGE_BUGREPORT "ntd@gatech.edu"
| #define PACKAGE_URL ""
| #define PACKAGE "socanmatic"
| #define VERSION "0.0.1"
| #define STDC_HEADERS 1
| #define HAVE_SYS_TYPES_H 1
| #define HAVE_SYS_STAT_H 1
| #define HAVE_STDLIB_H 1
| #define HAVE_STRING_H 1
| #define HAVE_MEMORY_H 1
| #define HAVE_STRINGS_H 1
| #define HAVE_INTTYPES_H 1
| #define HAVE_STDINT_H 1
| #define HAVE_UNISTD_H 1
| #define __EXTENSIONS__ 1
| #define _ALL_SOURCE 1
| #define _GNU_SOURCE 1
| #define _POSIX_PTHREAD_SEMANTICS 1
| #define _TANDEM_SOURCE 1
| #define HAVE_DLFCN_H 1
| #define LT_OBJDIR ".libs/"
| #define restrict __restrict
| #define HAVE_ARPA_INET_H 1
| #define HAVE_FCNTL_H 1
| #define HAVE_INTTYPES_H 1
| #define HAVE_STDINT_H 1
| #define HAVE_STDLIB_H 1
| #define HAVE_STRING_H 1
| #define HAVE_SYS_SOCKET_H 1
| #define HAVE_SYSLOG_H 1
| #define HAVE_UNISTD_H 1
| #define HAVE_TIME_H 1
| #define HAVE__BOOL 1
| #define HAVE_STDBOOL_H 1
| /* end confdefs.h.  */
| #include <stdio.h>
| #ifdef HAVE_SYS_TYPES_H
| # include <sys/types.h>
| #endif
| #ifdef HAVE_SYS_STAT_H
| # include <sys/stat.h>
| #endif
| #ifdef STDC_HEADERS
| # include <stdlib.h>
| # include <stddef.h>
| #else
| # ifdef HAVE_STDLIB_H
| #  include <stdlib.h>
| # endif
| #endif
| #ifdef HAVE_STRING_H
| # if !defined STDC_HEADERS && defined HAVE_MEMORY_H
| #  include <memory.h>
| # endif
| # include <string.h>
| #endif
| #ifdef HAVE_STRINGS_H
| # include <strings.h>
| #endif
| #ifdef HAVE_INTTYPES_H
| # include <inttypes.h>
| #endif
| #ifdef HAVE_STDINT_H
| # include <stdint.h>
| #endif
| #ifdef HAVE_UNISTD_H
| # include <unistd.h>
| #endif
| int
| main ()
| {
| if (sizeof ((off_t)))
| 	    return 0;
|   ;
|   return 0;
| }
configure:12971: result: yes
configure:12982: checking for pid_t
configure:12982: /usr/bin/gcc-4.8 -std=gnu99 -c -g -O2 -pipe -I/usr/local/include conftest.c >&5
configure:12982: $? = 0
configure:12982: /usr/bin/gcc-4.8 -std=gnu99 -c -g -O2 -pipe -I/usr/local/include conftest.c >&5
conftest.c: In function 'main':
conftest.c:77:20: error: expected expression before ')' token
 if (sizeof ((pid_t)))
                    ^
configure:12982: $? = 1
configure: failed program was:
| /* confdefs.h */
| #define PACKAGE_NAME "socanmatic"
| #define PACKAGE_TARNAME "socanmatic"
| #define PACKAGE_VERSION "0.0.1"
| #define PACKAGE_STRING "socanmatic 0.0.1"
| #define PACKAGE_BUGREPORT "ntd@gatech.edu"
| #define PACKAGE_URL ""
| #define PACKAGE "socanmatic"
| #define VERSION "0.0.1"
| #define STDC_HEADERS 1
| #define HAVE_SYS_TYPES_H 1
| #define HAVE_SYS_STAT_H 1
| #define HAVE_STDLIB_H 1
| #define HAVE_STRING_H 1
| #define HAVE_MEMORY_H 1
| #define HAVE_STRINGS_H 1
| #define HAVE_INTTYPES_H 1
| #define HAVE_STDINT_H 1
| #define HAVE_UNISTD_H 1
| #define __EXTENSIONS__ 1
| #define _ALL_SOURCE 1
| #define _GNU_SOURCE 1
| #define _POSIX_PTHREAD_SEMANTICS 1
| #define _TANDEM_SOURCE 1
| #define HAVE_DLFCN_H 1
| #define LT_OBJDIR ".libs/"
| #define restrict __restrict
| #define HAVE_ARPA_INET_H 1
| #define HAVE_FCNTL_H 1
| #define HAVE_INTTYPES_H 1
| #define HAVE_STDINT_H 1
| #define HAVE_STDLIB_H 1
| #define HAVE_STRING_H 1
| #define HAVE_SYS_SOCKET_H 1
| #define HAVE_SYSLOG_H 1
| #define HAVE_UNISTD_H 1
| #define HAVE_TIME_H 1
| #define HAVE__BOOL 1
| #define HAVE_STDBOOL_H 1
| /* end confdefs.h.  */
| #include <stdio.h>
| #ifdef HAVE_SYS_TYPES_H
| # include <sys/types.h>
| #endif
| #ifdef HAVE_SYS_STAT_H
| # include <sys/stat.h>
| #endif
| #ifdef STDC_HEADERS
| # include <stdlib.h>
| # include <stddef.h>
| #else
| # ifdef HAVE_STDLIB_H
| #  include <stdlib.h>
| # endif
| #endif
| #ifdef HAVE_STRING_H
| # if !defined STDC_HEADERS && defined HAVE_MEMORY_H
| #  include <memory.h>
| # endif
| # include <string.h>
| #endif
| #ifdef HAVE_STRINGS_H
| # include <strings.h>
| #endif
| #ifdef HAVE_INTTYPES_H
| # include <inttypes.h>
| #endif
| #ifdef HAVE_STDINT_H
| # include <stdint.h>
| #endif
| #ifdef HAVE_UNISTD_H
| # include <unistd.h>
| #endif
| int
| main ()
| {
| if (sizeof ((pid_t)))
| 	    return 0;
|   ;
|   return 0;
| }
configure:12982: result: yes
configure:12993: checking for size_t
configure:12993: /usr/bin/gcc-4.8 -std=gnu99 -c -g -O2 -pipe -I/usr/local/include conftest.c >&5
configure:12993: $? = 0
configure:12993: /usr/bin/gcc-4.8 -std=gnu99 -c -g -O2 -pipe -I/usr/local/include conftest.c >&5
conftest.c: In function 'main':
conftest.c:77:21: error: expected expression before ')' token
 if (sizeof ((size_t)))
                     ^
configure:12993: $? = 1
configure: failed program was:
| /* confdefs.h */
| #define PACKAGE_NAME "socanmatic"
| #define PACKAGE_TARNAME "socanmatic"
| #define PACKAGE_VERSION "0.0.1"
| #define PACKAGE_STRING "socanmatic 0.0.1"
| #define PACKAGE_BUGREPORT "ntd@gatech.edu"
| #define PACKAGE_URL ""
| #define PACKAGE "socanmatic"
| #define VERSION "0.0.1"
| #define STDC_HEADERS 1
| #define HAVE_SYS_TYPES_H 1
| #define HAVE_SYS_STAT_H 1
| #define HAVE_STDLIB_H 1
| #define HAVE_STRING_H 1
| #define HAVE_MEMORY_H 1
| #define HAVE_STRINGS_H 1
| #define HAVE_INTTYPES_H 1
| #define HAVE_STDINT_H 1
| #define HAVE_UNISTD_H 1
| #define __EXTENSIONS__ 1
| #define _ALL_SOURCE 1
| #define _GNU_SOURCE 1
| #define _POSIX_PTHREAD_SEMANTICS 1
| #define _TANDEM_SOURCE 1
| #define HAVE_DLFCN_H 1
| #define LT_OBJDIR ".libs/"
| #define restrict __restrict
| #define HAVE_ARPA_INET_H 1
| #define HAVE_FCNTL_H 1
| #define HAVE_INTTYPES_H 1
| #define HAVE_STDINT_H 1
| #define HAVE_STDLIB_H 1
| #define HAVE_STRING_H 1
| #define HAVE_SYS_SOCKET_H 1
| #define HAVE_SYSLOG_H 1
| #define HAVE_UNISTD_H 1
| #define HAVE_TIME_H 1
| #define HAVE__BOOL 1
| #define HAVE_STDBOOL_H 1
| /* end confdefs.h.  */
| #include <stdio.h>
| #ifdef HAVE_SYS_TYPES_H
| # include <sys/types.h>
| #endif
| #ifdef HAVE_SYS_STAT_H
| # include <sys/stat.h>
| #endif
| #ifdef STDC_HEADERS
| # include <stdlib.h>
| # include <stddef.h>
| #else
| # ifdef HAVE_STDLIB_H
| #  include <stdlib.h>
| # endif
| #endif
| #ifdef HAVE_STRING_H
| # if !defined STDC_HEADERS && defined HAVE_MEMORY_H
| #  include <memory.h>
| # endif
| # include <string.h>
| #endif
| #ifdef HAVE_STRINGS_H
| # include <strings.h>
| #endif
| #ifdef HAVE_INTTYPES_H
| # include <inttypes.h>
| #endif
| #ifdef HAVE_STDINT_H
| # include <stdint.h>
| #endif
| #ifdef HAVE_UNISTD_H
| # include <unistd.h>
| #endif
| int
| main ()
| {
| if (sizeof ((size_t)))
| 	    return 0;
|   ;
|   return 0;
| }
configure:12993: result: yes
configure:13004: checking for ssize_t
configure:13004: /usr/bin/gcc-4.8 -std=gnu99 -c -g -O2 -pipe -I/usr/local/include conftest.c >&5
configure:13004: $? = 0
configure:13004: /usr/bin/gcc-4.8 -std=gnu99 -c -g -O2 -pipe -I/usr/local/include conftest.c >&5
conftest.c: In function 'main':
conftest.c:77:22: error: expected expression before ')' token
 if (sizeof ((ssize_t)))
                      ^
configure:13004: $? = 1
configure: failed program was:
| /* confdefs.h */
| #define PACKAGE_NAME "socanmatic"
| #define PACKAGE_TARNAME "socanmatic"
| #define PACKAGE_VERSION "0.0.1"
| #define PACKAGE_STRING "socanmatic 0.0.1"
| #define PACKAGE_BUGREPORT "ntd@gatech.edu"
| #define PACKAGE_URL ""
| #define PACKAGE "socanmatic"
| #define VERSION "0.0.1"
| #define STDC_HEADERS 1
| #define HAVE_SYS_TYPES_H 1
| #define HAVE_SYS_STAT_H 1
| #define HAVE_STDLIB_H 1
| #define HAVE_STRING_H 1
| #define HAVE_MEMORY_H 1
| #define HAVE_STRINGS_H 1
| #define HAVE_INTTYPES_H 1
| #define HAVE_STDINT_H 1
| #define HAVE_UNISTD_H 1
| #define __EXTENSIONS__ 1
| #define _ALL_SOURCE 1
| #define _GNU_SOURCE 1
| #define _POSIX_PTHREAD_SEMANTICS 1
| #define _TANDEM_SOURCE 1
| #define HAVE_DLFCN_H 1
| #define LT_OBJDIR ".libs/"
| #define restrict __restrict
| #define HAVE_ARPA_INET_H 1
| #define HAVE_FCNTL_H 1
| #define HAVE_INTTYPES_H 1
| #define HAVE_STDINT_H 1
| #define HAVE_STDLIB_H 1
| #define HAVE_STRING_H 1
| #define HAVE_SYS_SOCKET_H 1
| #define HAVE_SYSLOG_H 1
| #define HAVE_UNISTD_H 1
| #define HAVE_TIME_H 1
| #define HAVE__BOOL 1
| #define HAVE_STDBOOL_H 1
| /* end confdefs.h.  */
| #include <stdio.h>
| #ifdef HAVE_SYS_TYPES_H
| # include <sys/types.h>
| #endif
| #ifdef HAVE_SYS_STAT_H
| # include <sys/stat.h>
| #endif
| #ifdef STDC_HEADERS
| # include <stdlib.h>
| # include <stddef.h>
| #else
| # ifdef HAVE_STDLIB_H
| #  include <stdlib.h>
| # endif
| #endif
| #ifdef HAVE_STRING_H
| # if !defined STDC_HEADERS && defined HAVE_MEMORY_H
| #  include <memory.h>
| # endif
| # include <string.h>
| #endif
| #ifdef HAVE_STRINGS_H
| # include <strings.h>
| #endif
| #ifdef HAVE_INTTYPES_H
| # include <inttypes.h>
| #endif
| #ifdef HAVE_STDINT_H
| # include <stdint.h>
| #endif
| #ifdef HAVE_UNISTD_H
| # include <unistd.h>
| #endif
| int
| main ()
| {
| if (sizeof ((ssize_t)))
| 	    return 0;
|   ;
|   return 0;
| }
configure:13004: result: yes
configure:13015: checking for uint32_t
configure:13015: /usr/bin/gcc-4.8 -std=gnu99 -c -g -O2 -pipe -I/usr/local/include conftest.c >&5
configure:13015: $? = 0
configure:13015: result: yes
configure:13029: checking for uint64_t
configure:13029: /usr/bin/gcc-4.8 -std=gnu99 -c -g -O2 -pipe -I/usr/local/include conftest.c >&5
configure:13029: $? = 0
configure:13029: result: yes
configure:13043: checking for uint8_t
configure:13043: /usr/bin/gcc-4.8 -std=gnu99 -c -g -O2 -pipe -I/usr/local/include conftest.c >&5
configure:13043: $? = 0
configure:13043: result: yes
configure:13062: checking size of void *
configure:13067: /usr/bin/gcc-4.8 -std=gnu99 -o conftest -g -O2 -pipe -I/usr/local/include -L/usr/local/lib conftest.c  >&5
configure:13067: $? = 0
configure:13067: ./conftest
configure:13067: $? = 0
configure:13081: result: 8
configure:13095: checking size of uint64_t
configure:13100: /usr/bin/gcc-4.8 -std=gnu99 -o conftest -g -O2 -pipe -I/usr/local/include -L/usr/local/lib conftest.c  >&5
configure:13100: $? = 0
configure:13100: ./conftest
configure:13100: $? = 0
configure:13114: result: 8
configure:13128: checking size of unsigned long
configure:13133: /usr/bin/gcc-4.8 -std=gnu99 -o conftest -g -O2 -pipe -I/usr/local/include -L/usr/local/lib conftest.c  >&5
configure:13133: $? = 0
configure:13133: ./conftest
configure:13133: $? = 0
configure:13147: result: 8
configure:13161: checking size of unsigned long long
configure:13166: /usr/bin/gcc-4.8 -std=gnu99 -o conftest -g -O2 -pipe -I/usr/local/include -L/usr/local/lib conftest.c  >&5
configure:13166: $? = 0
configure:13166: ./conftest
configure:13166: $? = 0
configure:13180: result: 8
configure:13192: checking whether PRIuPTR is declared
configure:13192: /usr/bin/gcc-4.8 -std=gnu99 -c -g -O2 -pipe -I/usr/local/include conftest.c >&5
configure:13192: $? = 0
configure:13192: result: yes
configure:13202: checking whether PRIu64 is declared
configure:13202: /usr/bin/gcc-4.8 -std=gnu99 -c -g -O2 -pipe -I/usr/local/include conftest.c >&5
configure:13202: $? = 0
configure:13202: result: yes
configure:13212: checking whether PRIx64 is declared
configure:13212: /usr/bin/gcc-4.8 -std=gnu99 -c -g -O2 -pipe -I/usr/local/include conftest.c >&5
configure:13212: $? = 0
configure:13212: result: yes
configure:13223: checking whether PRIuPTR is declared
configure:13223: result: yes
configure:13234: checking for library containing clock_gettime
configure:13265: /usr/bin/gcc-4.8 -std=gnu99 -o conftest -g -O2 -pipe -I/usr/local/include -L/usr/local/lib conftest.c  >&5
/tmp/cc3u0myG.o: In function `main':
/home/powerball/rpi_robotics_work/gatech_powerball_port/socanmatic/conftest.c:59: undefined reference to `clock_gettime'
collect2: error: ld returned 1 exit status
configure:13265: $? = 1
configure: failed program was:
| /* confdefs.h */
| #define PACKAGE_NAME "socanmatic"
| #define PACKAGE_TARNAME "socanmatic"
| #define PACKAGE_VERSION "0.0.1"
| #define PACKAGE_STRING "socanmatic 0.0.1"
| #define PACKAGE_BUGREPORT "ntd@gatech.edu"
| #define PACKAGE_URL ""
| #define PACKAGE "socanmatic"
| #define VERSION "0.0.1"
| #define STDC_HEADERS 1
| #define HAVE_SYS_TYPES_H 1
| #define HAVE_SYS_STAT_H 1
| #define HAVE_STDLIB_H 1
| #define HAVE_STRING_H 1
| #define HAVE_MEMORY_H 1
| #define HAVE_STRINGS_H 1
| #define HAVE_INTTYPES_H 1
| #define HAVE_STDINT_H 1
| #define HAVE_UNISTD_H 1
| #define __EXTENSIONS__ 1
| #define _ALL_SOURCE 1
| #define _GNU_SOURCE 1
| #define _POSIX_PTHREAD_SEMANTICS 1
| #define _TANDEM_SOURCE 1
| #define HAVE_DLFCN_H 1
| #define LT_OBJDIR ".libs/"
| #define restrict __restrict
| #define HAVE_ARPA_INET_H 1
| #define HAVE_FCNTL_H 1
| #define HAVE_INTTYPES_H 1
| #define HAVE_STDINT_H 1
| #define HAVE_STDLIB_H 1
| #define HAVE_STRING_H 1
| #define HAVE_SYS_SOCKET_H 1
| #define HAVE_SYSLOG_H 1
| #define HAVE_UNISTD_H 1
| #define HAVE_TIME_H 1
| #define HAVE__BOOL 1
| #define HAVE_STDBOOL_H 1
| #define SIZEOF_VOID_P 8
| #define SIZEOF_UINT64_T 8
| #define SIZEOF_UNSIGNED_LONG 8
| #define SIZEOF_UNSIGNED_LONG_LONG 8
| #define HAVE_DECL_PRIUPTR 1
| #define HAVE_DECL_PRIU64 1
| #define HAVE_DECL_PRIX64 1
| /* end confdefs.h.  */
| 
| /* Override any GCC internal prototype to avoid an error.
|    Use char because int might match the return type of a GCC
|    builtin and then its argument prototype would still apply.  */
| #ifdef __cplusplus
| extern "C"
| #endif
| char clock_gettime ();
| int
| main ()
| {
| return clock_gettime ();
|   ;
|   return 0;
| }
configure:13265: /usr/bin/gcc-4.8 -std=gnu99 -o conftest -g -O2 -pipe -I/usr/local/include -L/usr/local/lib conftest.c -lrt   >&5
configure:13265: $? = 0
configure:13282: result: -lrt
configure:13292: checking ntcan.h usability
configure:13292: /usr/bin/gcc-4.8 -std=gnu99 -c -g -O2 -pipe -I/usr/local/include conftest.c >&5
conftest.c:81:19: fatal error: ntcan.h: No such file or directory
 #include <ntcan.h>
                   ^
compilation terminated.
configure:13292: $? = 1
configure: failed program was:
| /* confdefs.h */
| #define PACKAGE_NAME "socanmatic"
| #define PACKAGE_TARNAME "socanmatic"
| #define PACKAGE_VERSION "0.0.1"
| #define PACKAGE_STRING "socanmatic 0.0.1"
| #define PACKAGE_BUGREPORT "ntd@gatech.edu"
| #define PACKAGE_URL ""
| #define PACKAGE "socanmatic"
| #define VERSION "0.0.1"
| #define STDC_HEADERS 1
| #define HAVE_SYS_TYPES_H 1
| #define HAVE_SYS_STAT_H 1
| #define HAVE_STDLIB_H 1
| #define HAVE_STRING_H 1
| #define HAVE_MEMORY_H 1
| #define HAVE_STRINGS_H 1
| #define HAVE_INTTYPES_H 1
| #define HAVE_STDINT_H 1
| #define HAVE_UNISTD_H 1
| #define __EXTENSIONS__ 1
| #define _ALL_SOURCE 1
| #define _GNU_SOURCE 1
| #define _POSIX_PTHREAD_SEMANTICS 1
| #define _TANDEM_SOURCE 1
| #define HAVE_DLFCN_H 1
| #define LT_OBJDIR ".libs/"
| #define restrict __restrict
| #define HAVE_ARPA_INET_H 1
| #define HAVE_FCNTL_H 1
| #define HAVE_INTTYPES_H 1
| #define HAVE_STDINT_H 1
| #define HAVE_STDLIB_H 1
| #define HAVE_STRING_H 1
| #define HAVE_SYS_SOCKET_H 1
| #define HAVE_SYSLOG_H 1
| #define HAVE_UNISTD_H 1
| #define HAVE_TIME_H 1
| #define HAVE__BOOL 1
| #define HAVE_STDBOOL_H 1
| #define SIZEOF_VOID_P 8
| #define SIZEOF_UINT64_T 8
| #define SIZEOF_UNSIGNED_LONG 8
| #define SIZEOF_UNSIGNED_LONG_LONG 8
| #define HAVE_DECL_PRIUPTR 1
| #define HAVE_DECL_PRIU64 1
| #define HAVE_DECL_PRIX64 1
| /* end confdefs.h.  */
| #include <stdio.h>
| #ifdef HAVE_SYS_TYPES_H
| # include <sys/types.h>
| #endif
| #ifdef HAVE_SYS_STAT_H
| # include <sys/stat.h>
| #endif
| #ifdef STDC_HEADERS
| # include <stdlib.h>
| # include <stddef.h>
| #else
| # ifdef HAVE_STDLIB_H
| #  include <stdlib.h>
| # endif
| #endif
| #ifdef HAVE_STRING_H
| # if !defined STDC_HEADERS && defined HAVE_MEMORY_H
| #  include <memory.h>
| # endif
| # include <string.h>
| #endif
| #ifdef HAVE_STRINGS_H
| # include <strings.h>
| #endif
| #ifdef HAVE_INTTYPES_H
| # include <inttypes.h>
| #endif
| #ifdef HAVE_STDINT_H
| # include <stdint.h>
| #endif
| #ifdef HAVE_UNISTD_H
| # include <unistd.h>
| #endif
| #include <ntcan.h>
configure:13292: result: no
configure:13292: checking ntcan.h presence
configure:13292: /usr/bin/gcc-4.8 -E -I/usr/local/include conftest.c
conftest.c:48:19: fatal error: ntcan.h: No such file or directory
 #include <ntcan.h>
                   ^
compilation terminated.
configure:13292: $? = 1
configure: failed program was:
| /* confdefs.h */
| #define PACKAGE_NAME "socanmatic"
| #define PACKAGE_TARNAME "socanmatic"
| #define PACKAGE_VERSION "0.0.1"
| #define PACKAGE_STRING "socanmatic 0.0.1"
| #define PACKAGE_BUGREPORT "ntd@gatech.edu"
| #define PACKAGE_URL ""
| #define PACKAGE "socanmatic"
| #define VERSION "0.0.1"
| #define STDC_HEADERS 1
| #define HAVE_SYS_TYPES_H 1
| #define HAVE_SYS_STAT_H 1
| #define HAVE_STDLIB_H 1
| #define HAVE_STRING_H 1
| #define HAVE_MEMORY_H 1
| #define HAVE_STRINGS_H 1
| #define HAVE_INTTYPES_H 1
| #define HAVE_STDINT_H 1
| #define HAVE_UNISTD_H 1
| #define __EXTENSIONS__ 1
| #define _ALL_SOURCE 1
| #define _GNU_SOURCE 1
| #define _POSIX_PTHREAD_SEMANTICS 1
| #define _TANDEM_SOURCE 1
| #define HAVE_DLFCN_H 1
| #define LT_OBJDIR ".libs/"
| #define restrict __restrict
| #define HAVE_ARPA_INET_H 1
| #define HAVE_FCNTL_H 1
| #define HAVE_INTTYPES_H 1
| #define HAVE_STDINT_H 1
| #define HAVE_STDLIB_H 1
| #define HAVE_STRING_H 1
| #define HAVE_SYS_SOCKET_H 1
| #define HAVE_SYSLOG_H 1
| #define HAVE_UNISTD_H 1
| #define HAVE_TIME_H 1
| #define HAVE__BOOL 1
| #define HAVE_STDBOOL_H 1
| #define SIZEOF_VOID_P 8
| #define SIZEOF_UINT64_T 8
| #define SIZEOF_UNSIGNED_LONG 8
| #define SIZEOF_UNSIGNED_LONG_LONG 8
| #define HAVE_DECL_PRIUPTR 1
| #define HAVE_DECL_PRIU64 1
| #define HAVE_DECL_PRIX64 1
| /* end confdefs.h.  */
| #include <ntcan.h>
configure:13292: result: no
configure:13292: checking for ntcan.h
configure:13292: result: no
configure:13309: checking sns.h usability
configure:13309: /usr/bin/gcc-4.8 -std=gnu99 -c -g -O2 -pipe -I/usr/local/include conftest.c >&5
configure:13309: $? = 0
configure:13309: result: yes
configure:13309: checking sns.h presence
configure:13309: /usr/bin/gcc-4.8 -E -I/usr/local/include conftest.c
configure:13309: $? = 0
configure:13309: result: yes
configure:13309: checking for sns.h
configure:13309: result: yes
configure:13331: checking CFLAGS for maximum warnings
configure:13351: /usr/bin/gcc-4.8 -std=gnu99 -c -g -O2 -pipe -warn all  -warn all -I/usr/local/include conftest.c >&5
gcc-4.8: error: all: No such file or directory
gcc-4.8: error: all: No such file or directory
gcc-4.8: error: unrecognized command line option '-warn'
gcc-4.8: error: unrecognized command line option '-warn'
configure:13351: $? = 1
configure: failed program was:
| /* confdefs.h */
| #define PACKAGE_NAME "socanmatic"
| #define PACKAGE_TARNAME "socanmatic"
| #define PACKAGE_VERSION "0.0.1"
| #define PACKAGE_STRING "socanmatic 0.0.1"
| #define PACKAGE_BUGREPORT "ntd@gatech.edu"
| #define PACKAGE_URL ""
| #define PACKAGE "socanmatic"
| #define VERSION "0.0.1"
| #define STDC_HEADERS 1
| #define HAVE_SYS_TYPES_H 1
| #define HAVE_SYS_STAT_H 1
| #define HAVE_STDLIB_H 1
| #define HAVE_STRING_H 1
| #define HAVE_MEMORY_H 1
| #define HAVE_STRINGS_H 1
| #define HAVE_INTTYPES_H 1
| #define HAVE_STDINT_H 1
| #define HAVE_UNISTD_H 1
| #define __EXTENSIONS__ 1
| #define _ALL_SOURCE 1
| #define _GNU_SOURCE 1
| #define _POSIX_PTHREAD_SEMANTICS 1
| #define _TANDEM_SOURCE 1
| #define HAVE_DLFCN_H 1
| #define LT_OBJDIR ".libs/"
| #define restrict __restrict
| #define HAVE_ARPA_INET_H 1
| #define HAVE_FCNTL_H 1
| #define HAVE_INTTYPES_H 1
| #define HAVE_STDINT_H 1
| #define HAVE_STDLIB_H 1
| #define HAVE_STRING_H 1
| #define HAVE_SYS_SOCKET_H 1
| #define HAVE_SYSLOG_H 1
| #define HAVE_UNISTD_H 1
| #define HAVE_TIME_H 1
| #define HAVE__BOOL 1
| #define HAVE_STDBOOL_H 1
| #define SIZEOF_VOID_P 8
| #define SIZEOF_UINT64_T 8
| #define SIZEOF_UNSIGNED_LONG 8
| #define SIZEOF_UNSIGNED_LONG_LONG 8
| #define HAVE_DECL_PRIUPTR 1
| #define HAVE_DECL_PRIU64 1
| #define HAVE_DECL_PRIX64 1
| /* end confdefs.h.  */
| 
| int
| main ()
| {
| 
|   ;
|   return 0;
| }
configure:13351: /usr/bin/gcc-4.8 -std=gnu99 -c -g -O2 -pipe -pedantic  -Wall -I/usr/local/include conftest.c >&5
configure:13351: $? = 0
configure:13359: result: -Wall
configure:13374: : CFLAGS="$CFLAGS $ac_cv_cflags_warn_all"
configure:13377: $? = 0
configure:13403: checking whether C compiler accepts -Wextra
configure:13422: /usr/bin/gcc-4.8 -std=gnu99 -c   -Wextra -I/usr/local/include conftest.c >&5
configure:13422: $? = 0
configure:13430: result: yes
configure:13449: checking whether C compiler accepts -Wconversion
configure:13468: /usr/bin/gcc-4.8 -std=gnu99 -c   -Wconversion -I/usr/local/include conftest.c >&5
configure:13468: $? = 0
configure:13476: result: yes
configure:13495: checking whether C compiler accepts -Wpointer-arith
configure:13514: /usr/bin/gcc-4.8 -std=gnu99 -c   -Wpointer-arith -I/usr/local/include conftest.c >&5
configure:13514: $? = 0
configure:13522: result: yes
configure:13541: checking whether C compiler accepts -Wfloat-equal
configure:13560: /usr/bin/gcc-4.8 -std=gnu99 -c   -Wfloat-equal -I/usr/local/include conftest.c >&5
configure:13560: $? = 0
configure:13568: result: yes
configure:13587: checking whether C compiler accepts -Wshadow
configure:13606: /usr/bin/gcc-4.8 -std=gnu99 -c   -Wshadow -I/usr/local/include conftest.c >&5
configure:13606: $? = 0
configure:13614: result: yes
configure:13633: checking whether C compiler accepts -Wwrite-strings
configure:13652: /usr/bin/gcc-4.8 -std=gnu99 -c   -Wwrite-strings -I/usr/local/include conftest.c >&5
configure:13652: $? = 0
configure:13660: result: yes
configure:13679: checking whether C compiler accepts -Wc++-compat
configure:13698: /usr/bin/gcc-4.8 -std=gnu99 -c   -Wc++-compat -I/usr/local/include conftest.c >&5
configure:13698: $? = 0
configure:13706: result: yes
configure:13826: checking for doxygen
configure:13844: found /usr/bin/doxygen
configure:13856: result: /usr/bin/doxygen
configure:13932: checking for perl
configure:13950: found /usr/bin/perl
configure:13962: result: /usr/bin/perl
configure:15563: checking for help2man
configure:15579: found /usr/bin/help2man
configure:15590: result: help2man
configure:15605: checking for man2html
configure:15621: found /usr/bin/man2html
configure:15632: result: man2html
configure:15647: checking for db2html
configure:15663: found /usr/bin/db2html
configure:15674: result: db2html
configure:15712: checking for ./doc/man/socanmatic.1
configure:15726: result: no
configure:15733: checking for ./doc/man/socanmatic.html
configure:15747: result: no
configure:15754: checking for ./doc/manual/socanmatic-manual.html
configure:15768: result: no
configure:16014: creating ./config.status

## ---------------------- ##
## Running config.status. ##
## ---------------------- ##

This file was extended by socanmatic config.status 0.0.1, which was
generated by GNU Autoconf 2.68.  Invocation command line was

  CONFIG_FILES    = 
  CONFIG_HEADERS  = 
  CONFIG_LINKS    = 
  CONFIG_COMMANDS = 
  $ ./config.status 

on powerball

config.status:1180: creating Makefile
config.status:1180: creating doc/Makefile
config.status:1180: creating config.h
config.status:1361: config.h is unchanged
config.status:1409: executing depfiles commands
config.status:1409: executing libtool commands

## ---------------- ##
## Cache variables. ##
## ---------------- ##

ac_cv_build=x86_64-unknown-linux-gnu
ac_cv_c_compiler_gnu=yes
ac_cv_c_const=yes
ac_cv_c_inline=inline
ac_cv_c_int32_t=yes
ac_cv_c_restrict=__restrict
ac_cv_c_uint32_t=yes
ac_cv_c_uint64_t=yes
ac_cv_c_uint8_t=yes
ac_cv_cflags_warn_all=-Wall
ac_cv_env_CC_set=set
ac_cv_env_CC_value=/usr/bin/gcc-4.8
ac_cv_env_CFLAGS_set=
ac_cv_env_CFLAGS_value=
ac_cv_env_CPPFLAGS_set=
ac_cv_env_CPPFLAGS_value=
ac_cv_env_CPP_set=
ac_cv_env_CPP_value=
ac_cv_env_DOXYGEN_PAPER_SIZE_set=
ac_cv_env_DOXYGEN_PAPER_SIZE_value=
ac_cv_env_LDFLAGS_set=
ac_cv_env_LDFLAGS_value=
ac_cv_env_LIBS_set=
ac_cv_env_LIBS_value=
ac_cv_env_build_alias_set=
ac_cv_env_build_alias_value=
ac_cv_env_host_alias_set=
ac_cv_env_host_alias_value=
ac_cv_env_target_alias_set=
ac_cv_env_target_alias_value=
ac_cv_file___doc_man_socanmatic_1=no
ac_cv_file___doc_man_socanmatic_html=no
ac_cv_file___doc_manual_socanmatic_manual_html=no
ac_cv_have_decl_PRIu64=yes
ac_cv_have_decl_PRIuPTR=yes
ac_cv_have_decl_PRIx64=yes
ac_cv_header_arpa_inet_h=yes
ac_cv_header_dlfcn_h=yes
ac_cv_header_fcntl_h=yes
ac_cv_header_inttypes_h=yes
ac_cv_header_memory_h=yes
ac_cv_header_minix_config_h=no
ac_cv_header_ntcan_h=no
ac_cv_header_sns_h=yes
ac_cv_header_stdbool_h=yes
ac_cv_header_stdc=yes
ac_cv_header_stdint_h=yes
ac_cv_header_stdlib_h=yes
ac_cv_header_string_h=yes
ac_cv_header_strings_h=yes
ac_cv_header_sys_socket_h=yes
ac_cv_header_sys_stat_h=yes
ac_cv_header_sys_types_h=yes
ac_cv_header_syslog_h=yes
ac_cv_header_time_h=yes
ac_cv_header_unistd_h=yes
ac_cv_host=x86_64-unknown-linux-gnu
ac_cv_objext=o
ac_cv_path_EGREP='/bin/grep -E'
ac_cv_path_FGREP='/bin/grep -F'
ac_cv_path_GREP=/bin/grep
ac_cv_path_SED=/bin/sed
ac_cv_path_ac_pt_DX_DOXYGEN=/usr/bin/doxygen
ac_cv_path_ac_pt_DX_PERL=/usr/bin/perl
ac_cv_path_install='/usr/bin/install -c'
ac_cv_path_mkdir=/bin/mkdir
ac_cv_prog_AWK=gawk
ac_cv_prog_CPP='/usr/bin/gcc-4.8 -E'
ac_cv_prog_DB2HTML=db2html
ac_cv_prog_HELP2MAN=help2man
ac_cv_prog_MAN2HTML=man2html
ac_cv_prog_ac_ct_AR=ar
ac_cv_prog_ac_ct_CC=/usr/bin/gcc-4.8
ac_cv_prog_ac_ct_MANIFEST_TOOL=mt
ac_cv_prog_ac_ct_OBJDUMP=objdump
ac_cv_prog_ac_ct_RANLIB=ranlib
ac_cv_prog_ac_ct_STRIP=strip
ac_cv_prog_cc_c89=
ac_cv_prog_cc_c99=-std=gnu99
ac_cv_prog_cc_g=yes
ac_cv_prog_make_make_set=yes
ac_cv_safe_to_define___extensions__=yes
ac_cv_search_clock_gettime=-lrt
ac_cv_sizeof_uint64_t=8
ac_cv_sizeof_unsigned_long=8
ac_cv_sizeof_unsigned_long_long=8
ac_cv_sizeof_void_p=8
ac_cv_type__Bool=yes
ac_cv_type_mode_t=yes
ac_cv_type_off_t=yes
ac_cv_type_pid_t=yes
ac_cv_type_size_t=yes
ac_cv_type_ssize_t=yes
am_cv_CC_dependencies_compiler_type=gcc3
ax_cv_check_cflags___Wconversion=yes
ax_cv_check_cflags___Wcpp_compat=yes
ax_cv_check_cflags___Wextra=yes
ax_cv_check_cflags___Wfloat_equal=yes
ax_cv_check_cflags___Wpointer_arith=yes
ax_cv_check_cflags___Wshadow=yes
ax_cv_check_cflags___Wwrite_strings=yes
lt_cv_ar_at_file=@
lt_cv_archive_cmds_need_lc=no
lt_cv_deplibs_check_method=pass_all
lt_cv_file_magic_cmd='$MAGIC_CMD'
lt_cv_file_magic_test_file=
lt_cv_ld_reload_flag=-r
lt_cv_nm_interface='BSD nm'
lt_cv_objdir=.libs
lt_cv_path_LD=/usr/bin/ld
lt_cv_path_NM='/usr/bin/nm -B'
lt_cv_path_mainfest_tool=no
lt_cv_prog_compiler_c_o=yes
lt_cv_prog_compiler_pic='-fPIC -DPIC'
lt_cv_prog_compiler_pic_works=yes
lt_cv_prog_compiler_rtti_exceptions=no
lt_cv_prog_compiler_static_works=yes
lt_cv_prog_gnu_ld=yes
lt_cv_sharedlib_from_linklib_cmd='printf %s\n'
lt_cv_shlibpath_overrides_runpath=no
lt_cv_sys_global_symbol_pipe='sed -n -e '\''s/^.*[	 ]\([ABCDGIRSTW][ABCDGIRSTW]*\)[	 ][	 ]*\([_A-Za-z][_A-Za-z0-9]*\)$/\1 \2 \2/p'\'' | sed '\''/ __gnu_lto/d'\'''
lt_cv_sys_global_symbol_to_c_name_address='sed -n -e '\''s/^: \([^ ]*\)[ ]*$/  {\"\1\", (void *) 0},/p'\'' -e '\''s/^[ABCDGIRSTW]* \([^ ]*\) \([^ ]*\)$/  {"\2", (void *) \&\2},/p'\'''
lt_cv_sys_global_symbol_to_c_name_address_lib_prefix='sed -n -e '\''s/^: \([^ ]*\)[ ]*$/  {\"\1\", (void *) 0},/p'\'' -e '\''s/^[ABCDGIRSTW]* \([^ ]*\) \(lib[^ ]*\)$/  {"\2", (void *) \&\2},/p'\'' -e '\''s/^[ABCDGIRSTW]* \([^ ]*\) \([^ ]*\)$/  {"lib\2", (void *) \&\2},/p'\'''
lt_cv_sys_global_symbol_to_cdecl='sed -n -e '\''s/^T .* \(.*\)$/extern int \1();/p'\'' -e '\''s/^[ABCDGIRSTW]* .* \(.*\)$/extern char \1;/p'\'''
lt_cv_sys_max_cmd_len=1572864
lt_cv_to_host_file_cmd=func_convert_file_noop
lt_cv_to_tool_file_cmd=func_convert_file_noop

## ----------------- ##
## Output variables. ##
## ----------------- ##

ACLOCAL='${SHELL} /home/powerball/rpi_robotics_work/gatech_powerball_port/socanmatic/missing --run aclocal-1.11'
AMDEPBACKSLASH='\'
AMDEP_FALSE='#'
AMDEP_TRUE=''
AMTAR='$${TAR-tar}'
AR='ar'
AUTOCONF='${SHELL} /home/powerball/rpi_robotics_work/gatech_powerball_port/socanmatic/missing --run autoconf'
AUTOHEADER='${SHELL} /home/powerball/rpi_robotics_work/gatech_powerball_port/socanmatic/missing --run autoheader'
AUTOMAKE='${SHELL} /home/powerball/rpi_robotics_work/gatech_powerball_port/socanmatic/missing --run automake-1.11'
AWK='gawk'
CC='/usr/bin/gcc-4.8 -std=gnu99'
CCDEPMODE='depmode=gcc3'
CFLAGS='-Wc++-compat -Wwrite-strings -Wshadow -Wfloat-equal -Wpointer-arith -Wconversion -Wextra -g -O2 -pipe -Wall'
CPP='/usr/bin/gcc-4.8 -E'
CPPFLAGS='-I/usr/local/include'
CYGPATH_W='echo'
DB2HTML='db2html'
DEFS='-DHAVE_CONFIG_H'
DEPDIR='.deps'
DLLTOOL='false'
DOXYGEN_PAPER_SIZE=''
DSYMUTIL=''
DUMPBIN=''
DX_COND_chi_FALSE=''
DX_COND_chi_TRUE='#'
DX_COND_chm_FALSE=''
DX_COND_chm_TRUE='#'
DX_COND_doc_FALSE='#'
DX_COND_doc_TRUE=''
DX_COND_dot_FALSE=''
DX_COND_dot_TRUE='#'
DX_COND_html_FALSE='#'
DX_COND_html_TRUE=''
DX_COND_latex_FALSE=''
DX_COND_latex_TRUE='#'
DX_COND_man_FALSE=''
DX_COND_man_TRUE='#'
DX_COND_pdf_FALSE=''
DX_COND_pdf_TRUE='#'
DX_COND_ps_FALSE=''
DX_COND_ps_TRUE='#'
DX_COND_rtf_FALSE=''
DX_COND_rtf_TRUE='#'
DX_COND_xml_FALSE=''
DX_COND_xml_TRUE='#'
DX_CONFIG='Doxyfile'
DX_DOCDIR='doxygen-doc'
DX_DOT=''
DX_DOXYGEN='/usr/bin/doxygen'
DX_DVIPS=''
DX_EGREP=''
DX_ENV=' SRCDIR='\''.'\'' PROJECT='\''ach'\'' DOCDIR='\''doxygen-doc'\'' VERSION='\''0.0.1'\'' PERL_PATH='\''/usr/bin/perl'\'' HAVE_DOT='\''NO'\'' GENERATE_MAN='\''NO'\'' GENERATE_RTF='\''NO'\'' GENERATE_XML='\''NO'\'' GENERATE_HTMLHELP='\''NO'\'' GENERATE_CHI='\''NO'\'' GENERATE_HTML='\''YES'\'' GENERATE_LATEX='\''NO'\'''
DX_FLAG_chi='0'
DX_FLAG_chm='0'
DX_FLAG_doc='1'
DX_FLAG_dot='0'
DX_FLAG_html='1'
DX_FLAG_man='0'
DX_FLAG_pdf='0'
DX_FLAG_ps='0'
DX_FLAG_rtf='0'
DX_FLAG_xml='0'
DX_HHC=''
DX_LATEX=''
DX_MAKEINDEX=''
DX_PDFLATEX=''
DX_PERL='/usr/bin/perl'
DX_PROJECT='ach'
ECHO_C=''
ECHO_N='-n'
ECHO_T=''
EGREP='/bin/grep -E'
EXEEXT=''
FGREP='/bin/grep -F'
GREP='/bin/grep'
HAVE_DB2HTML_FALSE='#'
HAVE_DB2HTML_TRUE=''
HAVE_HELP2MAN_FALSE='#'
HAVE_HELP2MAN_TRUE=''
HAVE_MAN2HTML_FALSE='#'
HAVE_MAN2HTML_TRUE=''
HAVE_MANHTML_FALSE='#'
HAVE_MANHTML_TRUE=''
HAVE_MANPAGES_FALSE='#'
HAVE_MANPAGES_TRUE=''
HAVE_MANUAL_FALSE='#'
HAVE_MANUAL_TRUE=''
HAVE_NTCAN_FALSE=''
HAVE_NTCAN_TRUE='#'
HAVE_SNS_FALSE='#'
HAVE_SNS_TRUE=''
HELP2MAN='help2man'
INSTALL_DATA='${INSTALL} -m 644'
INSTALL_PROGRAM='${INSTALL}'
INSTALL_SCRIPT='${INSTALL}'
INSTALL_STRIP_PROGRAM='$(install_sh) -c -s'
LD='/usr/bin/ld -m elf_x86_64'
LDFLAGS='-L/usr/local/lib'
LIBOBJS=''
LIBS='-lrt '
LIBTOOL='$(SHELL) $(top_builddir)/libtool'
LIPO=''
LN_S='ln -s'
LTLIBOBJS=''
MAKEINFO='${SHELL} /home/powerball/rpi_robotics_work/gatech_powerball_port/socanmatic/missing --run makeinfo'
MAN2HTML='man2html'
MANIFEST_TOOL=':'
MKDIR_P='/bin/mkdir -p'
NM='/usr/bin/nm -B'
NMEDIT=''
OBJDUMP='objdump'
OBJEXT='o'
OTOOL64=''
OTOOL=''
PACKAGE='socanmatic'
PACKAGE_BUGREPORT='ntd@gatech.edu'
PACKAGE_NAME='socanmatic'
PACKAGE_STRING='socanmatic 0.0.1'
PACKAGE_TARNAME='socanmatic'
PACKAGE_URL=''
PACKAGE_VERSION='0.0.1'
PATH_SEPARATOR=':'
RANLIB='ranlib'
SED='/bin/sed'
SET_MAKE=''
SHELL='/bin/bash'
STRIP='strip'
VERSION='0.0.1'
ac_ct_AR='ar'
ac_ct_CC='/usr/bin/gcc-4.8'
ac_ct_DUMPBIN=''
am__EXEEXT_FALSE=''
am__EXEEXT_TRUE='#'
am__fastdepCC_FALSE='#'
am__fastdepCC_TRUE=''
am__include='include'
am__isrc=''
am__leading_dot='.'
am__nodep='_no'
am__quote=''
am__tar='$${TAR-tar} chof - "$$tardir"'
am__untar='$${TAR-tar} xf -'
bindir='${exec_prefix}/bin'
build='x86_64-unknown-linux-gnu'
build_alias=''
build_cpu='x86_64'
build_os='linux-gnu'
build_vendor='unknown'
datadir='${datarootdir}'
datarootdir='${prefix}/share'
docdir='${datarootdir}/doc/${PACKAGE_TARNAME}'
dvidir='${docdir}'
exec_prefix='${prefix}'
host='x86_64-unknown-linux-gnu'
host_alias=''
host_cpu='x86_64'
host_os='linux-gnu'
host_vendor='unknown'
htmldir='${docdir}'
includedir='${prefix}/include'
infodir='${datarootdir}/info'
install_sh='${SHELL} /home/powerball/rpi_robotics_work/gatech_powerball_port/socanmatic/install-sh'
libdir='${exec_prefix}/lib'
libexecdir='${exec_prefix}/libexec'
localedir='${datarootdir}/locale'
localstatedir='${prefix}/var'
mandir='${datarootdir}/man'
mkdir_p='/bin/mkdir -p'
oldincludedir='/usr/include'
pdfdir='${docdir}'
prefix='/usr/local'
program_transform_name='s,x,x,'
psdir='${docdir}'
sbindir='${exec_prefix}/sbin'
sharedstatedir='${prefix}/com'
sysconfdir='${prefix}/etc'
target_alias=''

## ----------- ##
## confdefs.h. ##
## ----------- ##

/* confdefs.h */
#define PACKAGE_NAME "socanmatic"
#define PACKAGE_TARNAME "socanmatic"
#define PACKAGE_VERSION "0.0.1"
#define PACKAGE_STRING "socanmatic 0.0.1"
#define PACKAGE_BUGREPORT "ntd@gatech.edu"
#define PACKAGE_URL ""
#define PACKAGE "socanmatic"
#define VERSION "0.0.1"
#define STDC_HEADERS 1
#define HAVE_SYS_TYPES_H 1
#define HAVE_SYS_STAT_H 1
#define HAVE_STDLIB_H 1
#define HAVE_STRING_H 1
#define HAVE_MEMORY_H 1
#define HAVE_STRINGS_H 1
#define HAVE_INTTYPES_H 1
#define HAVE_STDINT_H 1
#define HAVE_UNISTD_H 1
#define __EXTENSIONS__ 1
#define _ALL_SOURCE 1
#define _GNU_SOURCE 1
#define _POSIX_PTHREAD_SEMANTICS 1
#define _TANDEM_SOURCE 1
#define HAVE_DLFCN_H 1
#define LT_OBJDIR ".libs/"
#define restrict __restrict
#define HAVE_ARPA_INET_H 1
#define HAVE_FCNTL_H 1
#define HAVE_INTTYPES_H 1
#define HAVE_STDINT_H 1
#define HAVE_STDLIB_H 1
#define HAVE_STRING_H 1
#define HAVE_SYS_SOCKET_H 1
#define HAVE_SYSLOG_H 1
#define HAVE_UNISTD_H 1
#define HAVE_TIME_H 1
#define HAVE__BOOL 1
#define HAVE_STDBOOL_H 1
#define SIZEOF_VOID_P 8
#define SIZEOF_UINT64_T 8
#define SIZEOF_UNSIGNED_LONG 8
#define SIZEOF_UNSIGNED_LONG_LONG 8
#define HAVE_DECL_PRIUPTR 1
#define HAVE_DECL_PRIU64 1
#define HAVE_DECL_PRIX64 1

configure: exit 0
