Build started 7/25/2012 2:16:13 PM.
     1>Project "C:\Users\omni\Documents\TrackingToolsServer\StreamMarkers\StreamMarkers\StreamMarkers.vcxproj" on node 2 (build target(s)).
     1>InitializeBuildStatus:
         Creating "Release\StreamMarkers.unsuccessfulbuild" because "AlwaysCreate" was specified.
       ClCompile:
         C:\Program Files (x86)\Microsoft Visual Studio 10.0\VC\bin\CL.exe /c /IC:\Users\omni\Documents\TrackingToolsServer\TrackingTools\inc /IC:\Users\omni\Documents\TrackingToolsServer\vrpn /Zi /nologo /W3 /WX- /O2 /Oi /Oy- /GL /D WIN32 /D NDEBUG /D _CONSOLE /D _UNICODE /D UNICODE /Gm- /EHsc /MD /GS /Gy /fp:precise /Zc:wchar_t /Zc:forScope /Fo"Release\\" /Fd"Release\vc100.pdb" /Gd /TP /analyze- /errorReport:prompt vrpn_Tracker_markers.cpp
         vrpn_Tracker_markers.cpp
       Link:
         C:\Program Files (x86)\Microsoft Visual Studio 10.0\VC\bin\link.exe /ERRORREPORT:PROMPT /OUT:"C:\Users\omni\Documents\TrackingToolsServer\StreamMarkers\Release\StreamMarkers.exe" /INCREMENTAL:NO /NOLOGO /LIBPATH:C:\Users\omni\Documents\TrackingToolsServer\TrackingTools\lib /LIBPATH:C:\Users\omni\Documents\TrackingToolsServer\vrpn\build\Release kernel32.lib user32.lib gdi32.lib winspool.lib comdlg32.lib advapi32.lib shell32.lib ole32.lib oleaut32.lib uuid.lib odbc32.lib odbccp32.lib vrpn.lib NPTrackingTools.lib kernel32.lib user32.lib gdi32.lib winspool.lib comdlg32.lib advapi32.lib shell32.lib ole32.lib oleaut32.lib uuid.lib odbc32.lib odbccp32.lib /MANIFEST /ManifestFile:"Release\StreamMarkers.exe.intermediate.manifest" /MANIFESTUAC:"level='asInvoker' uiAccess='false'" /DEBUG /PDB:"C:\Users\omni\Documents\TrackingToolsServer\StreamMarkers\Release\StreamMarkers.pdb" /SUBSYSTEM:CONSOLE /OPT:REF /OPT:ICF /LTCG /TLBID:1 /DYNAMICBASE /NXCOMPAT /IMPLIB:"C:\Users\omni\Documents\TrackingToolsServer\StreamMarkers\Release\StreamMarkers.lib" /MACHINE:X86 Release\TTServer.obj
         Release\vrpn_Tracker_markers.obj
         Generating code
         Finished generating code
         StreamMarkers.vcxproj -> C:\Users\omni\Documents\TrackingToolsServer\StreamMarkers\Release\StreamMarkers.exe
       Manifest:
         C:\Program Files (x86)\Microsoft SDKs\Windows\v7.0A\bin\mt.exe /nologo /verbose /outputresource:"C:\Users\omni\Documents\TrackingToolsServer\StreamMarkers\Release\StreamMarkers.exe;#1" /manifest Release\StreamMarkers.exe.intermediate.manifest
       FinalizeBuildStatus:
         Deleting file "Release\StreamMarkers.unsuccessfulbuild".
         Touching "Release\StreamMarkers.lastbuildstate".
     1>Done Building Project "C:\Users\omni\Documents\TrackingToolsServer\StreamMarkers\StreamMarkers\StreamMarkers.vcxproj" (build target(s)).

Build succeeded.

Time Elapsed 00:00:01.26
