This file contains any messages produced by compilers while
running configure, to aid debugging if configure makes a mistake.

It was created by reflex configure 0.20120504, which was
generated by GNU Autoconf 2.68.  Invocation command line was

  $ ./configure 

## --------- ##
## Platform. ##
## --------- ##

hostname = bryant-ThinkPad-T420
uname -m = x86_64
uname -r = 3.2.0-32-generic
uname -s = Linux
uname -v = #51-Ubuntu SMP Wed Sep 26 21:33:09 UTC 2012

/usr/bin/uname -p = unknown
/bin/uname -X     = unknown

/bin/arch              = unknown
/usr/bin/arch -k       = unknown
/usr/convex/getsysinfo = unknown
/usr/bin/hostinfo      = unknown
/bin/machine           = unknown
/usr/bin/oslevel       = unknown
/bin/universe          = unknown

PATH: /home/bryant/catkin_ws/devel/bin
PATH: /opt/ros/hydro/bin
PATH: /opt/ros/groovy/bin
PATH: /usr/lib/lightdm/lightdm
PATH: /usr/local/sbin
PATH: /usr/local/bin
PATH: /usr/sbin
PATH: /usr/bin
PATH: /sbin
PATH: /bin
PATH: /usr/games
PATH: /usr/local/boost
PATH: /usr/local/sbin
PATH: /usr/local/bin
PATH: /usr/sbin
PATH: /usr/bin
PATH: /sbin
PATH: /bin
PATH: /usr/local/cuda-5.0/bin
PATH: /usr/local/OpenNI
PATH: /usr/local/processing-2.1/


## ----------- ##
## Core tests. ##
## ----------- ##

configure:2593: checking for a BSD-compatible install
configure:2661: result: /usr/bin/install -c
configure:2672: checking whether build environment is sane
configure:2722: result: yes
configure:2863: checking for a thread-safe mkdir -p
configure:2902: result: /bin/mkdir -p
configure:2915: checking for gawk
configure:2931: found /usr/bin/gawk
configure:2942: result: gawk
configure:2953: checking whether make sets $(MAKE)
configure:2975: result: yes
configure:3118: checking for g++
configure:3134: found /usr/bin/g++
configure:3145: result: g++
configure:3172: checking for C++ compiler version
configure:3181: g++ --version >&5
g++ (Ubuntu/Linaro 4.6.4-1ubuntu1~12.04) 4.6.4
Copyright (C) 2011 Free Software Foundation, Inc.
This is free software; see the source for copying conditions.  There is NO
warranty; not even for MERCHANTABILITY or FITNESS FOR A PARTICULAR PURPOSE.

configure:3192: $? = 0
configure:3181: g++ -v >&5
Using built-in specs.
COLLECT_GCC=g++
COLLECT_LTO_WRAPPER=/usr/lib/gcc/x86_64-linux-gnu/4.6/lto-wrapper
Target: x86_64-linux-gnu
Configured with: ../src/configure -v --with-pkgversion='Ubuntu/Linaro 4.6.4-1ubuntu1~12.04' --with-bugurl=file:///usr/share/doc/gcc-4.6/README.Bugs --enable-languages=c,c++,fortran,objc,obj-c++ --prefix=/usr --program-suffix=-4.6 --enable-shared --enable-linker-build-id --with-system-zlib --libexecdir=/usr/lib --without-included-gettext --enable-threads=posix --with-gxx-include-dir=/usr/include/c++/4.6 --libdir=/usr/lib --enable-nls --with-sysroot=/ --enable-clocale=gnu --enable-libstdcxx-debug --enable-libstdcxx-time=yes --enable-gnu-unique-object --enable-plugin --enable-objc-gc --disable-werror --with-arch-32=i686 --with-tune=generic --enable-checking=release --build=x86_64-linux-gnu --host=x86_64-linux-gnu --target=x86_64-linux-gnu
Thread model: posix
gcc version 4.6.4 (Ubuntu/Linaro 4.6.4-1ubuntu1~12.04) 
configure:3192: $? = 0
configure:3181: g++ -V >&5
g++: error: unrecognized option '-V'
g++: fatal error: no input files
compilation terminated.
configure:3192: $? = 4
configure:3181: g++ -qversion >&5
g++: error: unrecognized option '-qversion'
g++: fatal error: no input files
compilation terminated.
configure:3192: $? = 4
configure:3212: checking whether the C++ compiler works
configure:3234: g++    conftest.cpp  >&5
configure:3238: $? = 0
configure:3286: result: yes
configure:3289: checking for C++ compiler default output file name
configure:3291: result: a.out
configure:3297: checking for suffix of executables
configure:3304: g++ -o conftest    conftest.cpp  >&5
configure:3308: $? = 0
configure:3330: result: 
configure:3352: checking whether we are cross compiling
configure:3360: g++ -o conftest    conftest.cpp  >&5
configure:3364: $? = 0
configure:3371: ./conftest
configure:3375: $? = 0
configure:3390: result: no
configure:3395: checking for suffix of object files
configure:3417: g++ -c   conftest.cpp >&5
configure:3421: $? = 0
configure:3442: result: o
configure:3446: checking whether we are using the GNU C++ compiler
configure:3465: g++ -c   conftest.cpp >&5
configure:3465: $? = 0
configure:3474: result: yes
configure:3483: checking whether g++ accepts -g
configure:3503: g++ -c -g  conftest.cpp >&5
configure:3503: $? = 0
configure:3544: result: yes
configure:3578: checking for style of include used by make
configure:3606: result: GNU
configure:3632: checking dependency style of g++
configure:3743: result: gcc3
configure:3806: checking for gcc
configure:3822: found /usr/bin/gcc
configure:3833: result: gcc
configure:4062: checking for C compiler version
configure:4071: gcc --version >&5
gcc (Ubuntu/Linaro 4.6.4-1ubuntu1~12.04) 4.6.4
Copyright (C) 2011 Free Software Foundation, Inc.
This is free software; see the source for copying conditions.  There is NO
warranty; not even for MERCHANTABILITY or FITNESS FOR A PARTICULAR PURPOSE.

configure:4082: $? = 0
configure:4071: gcc -v >&5
Using built-in specs.
COLLECT_GCC=gcc
COLLECT_LTO_WRAPPER=/usr/lib/gcc/x86_64-linux-gnu/4.6/lto-wrapper
Target: x86_64-linux-gnu
Configured with: ../src/configure -v --with-pkgversion='Ubuntu/Linaro 4.6.4-1ubuntu1~12.04' --with-bugurl=file:///usr/share/doc/gcc-4.6/README.Bugs --enable-languages=c,c++,fortran,objc,obj-c++ --prefix=/usr --program-suffix=-4.6 --enable-shared --enable-linker-build-id --with-system-zlib --libexecdir=/usr/lib --without-included-gettext --enable-threads=posix --with-gxx-include-dir=/usr/include/c++/4.6 --libdir=/usr/lib --enable-nls --with-sysroot=/ --enable-clocale=gnu --enable-libstdcxx-debug --enable-libstdcxx-time=yes --enable-gnu-unique-object --enable-plugin --enable-objc-gc --disable-werror --with-arch-32=i686 --with-tune=generic --enable-checking=release --build=x86_64-linux-gnu --host=x86_64-linux-gnu --target=x86_64-linux-gnu
Thread model: posix
gcc version 4.6.4 (Ubuntu/Linaro 4.6.4-1ubuntu1~12.04) 
configure:4082: $? = 0
configure:4071: gcc -V >&5
gcc: error: unrecognized option '-V'
gcc: fatal error: no input files
compilation terminated.
configure:4082: $? = 4
configure:4071: gcc -qversion >&5
gcc: error: unrecognized option '-qversion'
gcc: fatal error: no input files
compilation terminated.
configure:4082: $? = 4
configure:4086: checking whether we are using the GNU C compiler
configure:4105: gcc -c   conftest.c >&5
configure:4105: $? = 0
configure:4114: result: yes
configure:4123: checking whether gcc accepts -g
configure:4143: gcc -c -g  conftest.c >&5
configure:4143: $? = 0
configure:4184: result: yes
configure:4201: checking for gcc option to accept ISO C89
configure:4265: gcc  -c -g -O2  conftest.c >&5
configure:4265: $? = 0
configure:4278: result: none needed
configure:4300: checking dependency style of gcc
configure:4411: result: gcc3
configure:4455: checking build system type
configure:4469: result: x86_64-unknown-linux-gnu
configure:4489: checking host system type
configure:4502: result: x86_64-unknown-linux-gnu
configure:4543: checking how to print strings
configure:4570: result: printf
configure:4591: checking for a sed that does not truncate output
configure:4655: result: /bin/sed
configure:4673: checking for grep that handles long lines and -e
configure:4731: result: /bin/grep
configure:4736: checking for egrep
configure:4798: result: /bin/grep -E
configure:4803: checking for fgrep
configure:4865: result: /bin/grep -F
configure:4900: checking for ld used by gcc
configure:4967: result: /usr/bin/ld
configure:4974: checking if the linker (/usr/bin/ld) is GNU ld
configure:4989: result: yes
configure:5001: checking for BSD- or MS-compatible name lister (nm)
configure:5050: result: /usr/bin/nm -B
configure:5180: checking the name lister (/usr/bin/nm -B) interface
configure:5187: gcc -c -g -O2  conftest.c >&5
configure:5190: /usr/bin/nm -B "conftest.o"
configure:5193: output
0000000000000000 B some_variable
configure:5200: result: BSD nm
configure:5203: checking whether ln -s works
configure:5207: result: yes
configure:5215: checking the maximum length of command line arguments
configure:5345: result: 1572864
configure:5362: checking whether the shell understands some XSI constructs
configure:5372: result: yes
configure:5376: checking whether the shell understands "+="
configure:5382: result: yes
configure:5417: checking how to convert x86_64-unknown-linux-gnu file names to x86_64-unknown-linux-gnu format
configure:5457: result: func_convert_file_noop
configure:5464: checking how to convert x86_64-unknown-linux-gnu file names to toolchain format
configure:5484: result: func_convert_file_noop
configure:5491: checking for /usr/bin/ld option to reload object files
configure:5498: result: -r
configure:5572: checking for objdump
configure:5588: found /usr/bin/objdump
configure:5599: result: objdump
configure:5631: checking how to recognize dependent libraries
configure:5833: result: pass_all
configure:5918: checking for dlltool
configure:5948: result: no
configure:5978: checking how to associate runtime and link libraries
configure:6005: result: printf %s\n
configure:6066: checking for ar
configure:6082: found /usr/bin/ar
configure:6093: result: ar
configure:6130: checking for archiver @FILE support
configure:6147: gcc -c -g -O2  conftest.c >&5
configure:6147: $? = 0
configure:6150: ar cru libconftest.a @conftest.lst >&5
configure:6153: $? = 0
configure:6158: ar cru libconftest.a @conftest.lst >&5
ar: conftest.o: No such file or directory
configure:6161: $? = 1
configure:6173: result: @
configure:6231: checking for strip
configure:6247: found /usr/bin/strip
configure:6258: result: strip
configure:6330: checking for ranlib
configure:6346: found /usr/bin/ranlib
configure:6357: result: ranlib
configure:6459: checking command to parse /usr/bin/nm -B output from gcc object
configure:6579: gcc -c -g -O2  conftest.c >&5
configure:6582: $? = 0
configure:6586: /usr/bin/nm -B conftest.o \| sed -n -e 's/^.*[ ]\([ABCDGIRSTW][ABCDGIRSTW]*\)[ ][ ]*\([_A-Za-z][_A-Za-z0-9]*\)$/\1 \2 \2/p' | sed '/ __gnu_lto/d' \> conftest.nm
configure:6589: $? = 0
configure:6655: gcc -o conftest -g -O2   conftest.c conftstm.o >&5
configure:6658: $? = 0
configure:6696: result: ok
configure:6733: checking for sysroot
configure:6763: result: no
configure:6840: gcc -c -g -O2  conftest.c >&5
configure:6843: $? = 0
configure:7019: checking for mt
configure:7035: found /bin/mt
configure:7046: result: mt
configure:7069: checking if mt is a manifest tool
configure:7075: mt '-?'
configure:7083: result: no
configure:7725: checking how to run the C preprocessor
configure:7756: gcc -E  conftest.c
configure:7756: $? = 0
configure:7770: gcc -E  conftest.c
conftest.c:11:28: fatal error: ac_nonexistent.h: No such file or directory
compilation terminated.
configure:7770: $? = 1
configure: failed program was:
| /* confdefs.h */
| #define PACKAGE_NAME "reflex"
| #define PACKAGE_TARNAME "reflex"
| #define PACKAGE_VERSION "0.20120504"
| #define PACKAGE_STRING "reflex 0.20120504"
| #define PACKAGE_BUGREPORT "ntd@gatech.edu"
| #define PACKAGE_URL ""
| #define PACKAGE "reflex"
| #define VERSION "0.20120504"
| /* end confdefs.h.  */
| #include <ac_nonexistent.h>
configure:7795: result: gcc -E
configure:7815: gcc -E  conftest.c
configure:7815: $? = 0
configure:7829: gcc -E  conftest.c
conftest.c:11:28: fatal error: ac_nonexistent.h: No such file or directory
compilation terminated.
configure:7829: $? = 1
configure: failed program was:
| /* confdefs.h */
| #define PACKAGE_NAME "reflex"
| #define PACKAGE_TARNAME "reflex"
| #define PACKAGE_VERSION "0.20120504"
| #define PACKAGE_STRING "reflex 0.20120504"
| #define PACKAGE_BUGREPORT "ntd@gatech.edu"
| #define PACKAGE_URL ""
| #define PACKAGE "reflex"
| #define VERSION "0.20120504"
| /* end confdefs.h.  */
| #include <ac_nonexistent.h>
configure:7858: checking for ANSI C header files
configure:7878: gcc -c -g -O2  conftest.c >&5
configure:7878: $? = 0
configure:7951: gcc -o conftest -g -O2   conftest.c  >&5
configure:7951: $? = 0
configure:7951: ./conftest
configure:7951: $? = 0
configure:7962: result: yes
configure:7975: checking for sys/types.h
configure:7975: gcc -c -g -O2  conftest.c >&5
configure:7975: $? = 0
configure:7975: result: yes
configure:7975: checking for sys/stat.h
configure:7975: gcc -c -g -O2  conftest.c >&5
configure:7975: $? = 0
configure:7975: result: yes
configure:7975: checking for stdlib.h
configure:7975: gcc -c -g -O2  conftest.c >&5
configure:7975: $? = 0
configure:7975: result: yes
configure:7975: checking for string.h
configure:7975: gcc -c -g -O2  conftest.c >&5
configure:7975: $? = 0
configure:7975: result: yes
configure:7975: checking for memory.h
configure:7975: gcc -c -g -O2  conftest.c >&5
configure:7975: $? = 0
configure:7975: result: yes
configure:7975: checking for strings.h
configure:7975: gcc -c -g -O2  conftest.c >&5
configure:7975: $? = 0
configure:7975: result: yes
configure:7975: checking for inttypes.h
configure:7975: gcc -c -g -O2  conftest.c >&5
configure:7975: $? = 0
configure:7975: result: yes
configure:7975: checking for stdint.h
configure:7975: gcc -c -g -O2  conftest.c >&5
configure:7975: $? = 0
configure:7975: result: yes
configure:7975: checking for unistd.h
configure:7975: gcc -c -g -O2  conftest.c >&5
configure:7975: $? = 0
configure:7975: result: yes
configure:7989: checking for dlfcn.h
configure:7989: gcc -c -g -O2  conftest.c >&5
configure:7989: $? = 0
configure:7989: result: yes
configure:8206: checking for objdir
configure:8221: result: .libs
configure:8488: checking if gcc supports -fno-rtti -fno-exceptions
configure:8506: gcc -c -g -O2  -fno-rtti -fno-exceptions conftest.c >&5
cc1: warning: command line option '-fno-rtti' is valid for C++/ObjC++ but not for C [enabled by default]
configure:8510: $? = 0
configure:8523: result: no
configure:8850: checking for gcc option to produce PIC
configure:8857: result: -fPIC -DPIC
configure:8865: checking if gcc PIC flag -fPIC -DPIC works
configure:8883: gcc -c -g -O2  -fPIC -DPIC -DPIC conftest.c >&5
configure:8887: $? = 0
configure:8900: result: yes
configure:8929: checking if gcc static flag -static works
configure:8957: result: yes
configure:8972: checking if gcc supports -c -o file.o
configure:8993: gcc -c -g -O2  -o out/conftest2.o conftest.c >&5
configure:8997: $? = 0
configure:9019: result: yes
configure:9027: checking if gcc supports -c -o file.o
configure:9074: result: yes
configure:9107: checking whether the gcc linker (/usr/bin/ld -m elf_x86_64) supports shared libraries
configure:10264: result: yes
configure:10301: checking whether -lc should be explicitly linked in
configure:10309: gcc -c -g -O2  conftest.c >&5
configure:10312: $? = 0
configure:10327: gcc -shared  -fPIC -DPIC conftest.o  -v -Wl,-soname -Wl,conftest -o conftest 2\>\&1 \| /bin/grep  -lc  \>/dev/null 2\>\&1
configure:10330: $? = 0
configure:10344: result: no
configure:10504: checking dynamic linker characteristics
configure:11015: gcc -o conftest -g -O2   -Wl,-rpath -Wl,/foo conftest.c  >&5
configure:11015: $? = 0
configure:11249: result: GNU/Linux ld.so
configure:11356: checking how to hardcode library paths into programs
configure:11381: result: immediate
configure:11921: checking whether stripping libraries is possible
configure:11926: result: yes
configure:11961: checking if libtool supports shared libraries
configure:11963: result: yes
configure:11966: checking whether to build shared libraries
configure:11987: result: yes
configure:11990: checking whether to build static libraries
configure:11994: result: yes
configure:12017: checking how to run the C++ preprocessor
configure:12044: g++ -E  conftest.cpp
configure:12044: $? = 0
configure:12058: g++ -E  conftest.cpp
conftest.cpp:23:28: fatal error: ac_nonexistent.h: No such file or directory
compilation terminated.
configure:12058: $? = 1
configure: failed program was:
| /* confdefs.h */
| #define PACKAGE_NAME "reflex"
| #define PACKAGE_TARNAME "reflex"
| #define PACKAGE_VERSION "0.20120504"
| #define PACKAGE_STRING "reflex 0.20120504"
| #define PACKAGE_BUGREPORT "ntd@gatech.edu"
| #define PACKAGE_URL ""
| #define PACKAGE "reflex"
| #define VERSION "0.20120504"
| #define STDC_HEADERS 1
| #define HAVE_SYS_TYPES_H 1
| #define HAVE_SYS_STAT_H 1
| #define HAVE_STDLIB_H 1
| #define HAVE_STRING_H 1
| #define HAVE_MEMORY_H 1
| #define HAVE_STRINGS_H 1
| #define HAVE_INTTYPES_H 1
| #define HAVE_STDINT_H 1
| #define HAVE_UNISTD_H 1
| #define HAVE_DLFCN_H 1
| #define LT_OBJDIR ".libs/"
| /* end confdefs.h.  */
| #include <ac_nonexistent.h>
configure:12083: result: g++ -E
configure:12103: g++ -E  conftest.cpp
configure:12103: $? = 0
configure:12117: g++ -E  conftest.cpp
conftest.cpp:23:28: fatal error: ac_nonexistent.h: No such file or directory
compilation terminated.
configure:12117: $? = 1
configure: failed program was:
| /* confdefs.h */
| #define PACKAGE_NAME "reflex"
| #define PACKAGE_TARNAME "reflex"
| #define PACKAGE_VERSION "0.20120504"
| #define PACKAGE_STRING "reflex 0.20120504"
| #define PACKAGE_BUGREPORT "ntd@gatech.edu"
| #define PACKAGE_URL ""
| #define PACKAGE "reflex"
| #define VERSION "0.20120504"
| #define STDC_HEADERS 1
| #define HAVE_SYS_TYPES_H 1
| #define HAVE_SYS_STAT_H 1
| #define HAVE_STDLIB_H 1
| #define HAVE_STRING_H 1
| #define HAVE_MEMORY_H 1
| #define HAVE_STRINGS_H 1
| #define HAVE_INTTYPES_H 1
| #define HAVE_STDINT_H 1
| #define HAVE_UNISTD_H 1
| #define HAVE_DLFCN_H 1
| #define LT_OBJDIR ".libs/"
| /* end confdefs.h.  */
| #include <ac_nonexistent.h>
configure:12286: checking for ld used by g++
configure:12353: result: /usr/bin/ld -m elf_x86_64
configure:12360: checking if the linker (/usr/bin/ld -m elf_x86_64) is GNU ld
configure:12375: result: yes
configure:12430: checking whether the g++ linker (/usr/bin/ld -m elf_x86_64) supports shared libraries
configure:13435: result: yes
configure:13471: g++ -c -g -O2  conftest.cpp >&5
configure:13474: $? = 0
configure:13994: checking for g++ option to produce PIC
configure:14001: result: -fPIC -DPIC
configure:14009: checking if g++ PIC flag -fPIC -DPIC works
configure:14027: g++ -c -g -O2  -fPIC -DPIC -DPIC conftest.cpp >&5
configure:14031: $? = 0
configure:14044: result: yes
configure:14067: checking if g++ static flag -static works
configure:14095: result: yes
configure:14107: checking if g++ supports -c -o file.o
configure:14128: g++ -c -g -O2  -o out/conftest2.o conftest.cpp >&5
configure:14132: $? = 0
configure:14154: result: yes
configure:14159: checking if g++ supports -c -o file.o
configure:14206: result: yes
configure:14236: checking whether the g++ linker (/usr/bin/ld -m elf_x86_64) supports shared libraries
configure:14275: result: yes
configure:14416: checking dynamic linker characteristics
configure:15095: result: GNU/Linux ld.so
configure:15148: checking how to hardcode library paths into programs
configure:15173: result: immediate
configure:15234: checking for gcc option to accept ISO C99
configure:15383: gcc  -c -g -O2  conftest.c >&5
conftest.c:73:29: error: expected ';', ',' or ')' before 'text'
conftest.c: In function 'main':
conftest.c:127:18: error: expected '=', ',', ';', 'asm' or '__attribute__' before 'newvar'
conftest.c:127:18: error: 'newvar' undeclared (first use in this function)
conftest.c:127:18: note: each undeclared identifier is reported only once for each function it appears in
conftest.c:137:3: error: 'for' loop initial declarations are only allowed in C99 mode
conftest.c:137:3: note: use option -std=c99 or -std=gnu99 to compile your code
configure:15383: $? = 1
configure: failed program was:
| /* confdefs.h */
| #define PACKAGE_NAME "reflex"
| #define PACKAGE_TARNAME "reflex"
| #define PACKAGE_VERSION "0.20120504"
| #define PACKAGE_STRING "reflex 0.20120504"
| #define PACKAGE_BUGREPORT "ntd@gatech.edu"
| #define PACKAGE_URL ""
| #define PACKAGE "reflex"
| #define VERSION "0.20120504"
| #define STDC_HEADERS 1
| #define HAVE_SYS_TYPES_H 1
| #define HAVE_SYS_STAT_H 1
| #define HAVE_STDLIB_H 1
| #define HAVE_STRING_H 1
| #define HAVE_MEMORY_H 1
| #define HAVE_STRINGS_H 1
| #define HAVE_INTTYPES_H 1
| #define HAVE_STDINT_H 1
| #define HAVE_UNISTD_H 1
| #define HAVE_DLFCN_H 1
| #define LT_OBJDIR ".libs/"
| /* end confdefs.h.  */
| #include <stdarg.h>
| #include <stdbool.h>
| #include <stdlib.h>
| #include <wchar.h>
| #include <stdio.h>
| 
| // Check varargs macros.  These examples are taken from C99 6.10.3.5.
| #define debug(...) fprintf (stderr, __VA_ARGS__)
| #define showlist(...) puts (#__VA_ARGS__)
| #define report(test,...) ((test) ? puts (#test) : printf (__VA_ARGS__))
| static void
| test_varargs_macros (void)
| {
|   int x = 1234;
|   int y = 5678;
|   debug ("Flag");
|   debug ("X = %d\n", x);
|   showlist (The first, second, and third items.);
|   report (x>y, "x is %d but y is %d", x, y);
| }
| 
| // Check long long types.
| #define BIG64 18446744073709551615ull
| #define BIG32 4294967295ul
| #define BIG_OK (BIG64 / BIG32 == 4294967297ull && BIG64 % BIG32 == 0)
| #if !BIG_OK
|   your preprocessor is broken;
| #endif
| #if BIG_OK
| #else
|   your preprocessor is broken;
| #endif
| static long long int bignum = -9223372036854775807LL;
| static unsigned long long int ubignum = BIG64;
| 
| struct incomplete_array
| {
|   int datasize;
|   double data[];
| };
| 
| struct named_init {
|   int number;
|   const wchar_t *name;
|   double average;
| };
| 
| typedef const char *ccp;
| 
| static inline int
| test_restrict (ccp restrict text)
| {
|   // See if C++-style comments work.
|   // Iterate through items via the restricted pointer.
|   // Also check for declarations in for loops.
|   for (unsigned int i = 0; *(text+i) != '\0'; ++i)
|     continue;
|   return 0;
| }
| 
| // Check varargs and va_copy.
| static void
| test_varargs (const char *format, ...)
| {
|   va_list args;
|   va_start (args, format);
|   va_list args_copy;
|   va_copy (args_copy, args);
| 
|   const char *str;
|   int number;
|   float fnumber;
| 
|   while (*format)
|     {
|       switch (*format++)
| 	{
| 	case 's': // string
| 	  str = va_arg (args_copy, const char *);
| 	  break;
| 	case 'd': // int
| 	  number = va_arg (args_copy, int);
| 	  break;
| 	case 'f': // float
| 	  fnumber = va_arg (args_copy, double);
| 	  break;
| 	default:
| 	  break;
| 	}
|     }
|   va_end (args_copy);
|   va_end (args);
| }
| 
| int
| main ()
| {
| 
|   // Check bool.
|   _Bool success = false;
| 
|   // Check restrict.
|   if (test_restrict ("String literal") == 0)
|     success = true;
|   char *restrict newvar = "Another string";
| 
|   // Check varargs.
|   test_varargs ("s, d' f .", "string", 65, 34.234);
|   test_varargs_macros ();
| 
|   // Check flexible array members.
|   struct incomplete_array *ia =
|     malloc (sizeof (struct incomplete_array) + (sizeof (double) * 10));
|   ia->datasize = 10;
|   for (int i = 0; i < ia->datasize; ++i)
|     ia->data[i] = i * 1.234;
| 
|   // Check named initializers.
|   struct named_init ni = {
|     .number = 34,
|     .name = L"Test wide string",
|     .average = 543.34343,
|   };
| 
|   ni.number = 58;
| 
|   int dynamic_array[ni.number];
|   dynamic_array[ni.number - 1] = 543;
| 
|   // work around unused variable warnings
|   return (!success || bignum == 0LL || ubignum == 0uLL || newvar[0] == 'x'
| 	  || dynamic_array[ni.number - 1] != 543);
| 
|   ;
|   return 0;
| }
configure:15383: gcc -std=gnu99 -c -g -O2  conftest.c >&5
configure:15383: $? = 0
configure:15403: result: -std=gnu99
configure:15412: checking whether gcc -std=gnu99 and cc understand -c and -o together
configure:15443: gcc -std=gnu99 -c conftest.c -o conftest2.o >&5
configure:15447: $? = 0
configure:15453: gcc -std=gnu99 -c conftest.c -o conftest2.o >&5
configure:15457: $? = 0
configure:15468: cc -c conftest.c >&5
configure:15472: $? = 0
configure:15480: cc -c conftest.c -o conftest2.o >&5
configure:15484: $? = 0
configure:15490: cc -c conftest.c -o conftest2.o >&5
configure:15494: $? = 0
configure:15512: result: yes
configure:15590: checking for gfortran
configure:15606: found /usr/bin/gfortran
configure:15617: result: gfortran
configure:15643: checking for Fortran compiler version
configure:15652: gfortran --version >&5
GNU Fortran (Ubuntu/Linaro 4.6.4-1ubuntu1~12.04) 4.6.4
Copyright (C) 2011 Free Software Foundation, Inc.

GNU Fortran comes with NO WARRANTY, to the extent permitted by law.
You may redistribute copies of GNU Fortran
under the terms of the GNU General Public License.
For more information about these matters, see the file named COPYING

configure:15663: $? = 0
configure:15652: gfortran -v >&5
Using built-in specs.
COLLECT_GCC=gfortran
COLLECT_LTO_WRAPPER=/usr/lib/gcc/x86_64-linux-gnu/4.6/lto-wrapper
Target: x86_64-linux-gnu
Configured with: ../src/configure -v --with-pkgversion='Ubuntu/Linaro 4.6.4-1ubuntu1~12.04' --with-bugurl=file:///usr/share/doc/gcc-4.6/README.Bugs --enable-languages=c,c++,fortran,objc,obj-c++ --prefix=/usr --program-suffix=-4.6 --enable-shared --enable-linker-build-id --with-system-zlib --libexecdir=/usr/lib --without-included-gettext --enable-threads=posix --with-gxx-include-dir=/usr/include/c++/4.6 --libdir=/usr/lib --enable-nls --with-sysroot=/ --enable-clocale=gnu --enable-libstdcxx-debug --enable-libstdcxx-time=yes --enable-gnu-unique-object --enable-plugin --enable-objc-gc --disable-werror --with-arch-32=i686 --with-tune=generic --enable-checking=release --build=x86_64-linux-gnu --host=x86_64-linux-gnu --target=x86_64-linux-gnu
Thread model: posix
gcc version 4.6.4 (Ubuntu/Linaro 4.6.4-1ubuntu1~12.04) 
configure:15663: $? = 0
configure:15652: gfortran -V >&5
gfortran: error: unrecognized option '-V'
gfortran: fatal error: no input files
compilation terminated.
configure:15663: $? = 4
configure:15652: gfortran -qversion >&5
gfortran: error: unrecognized option '-qversion'
gfortran: fatal error: no input files
compilation terminated.
configure:15663: $? = 4
configure:15672: checking whether we are using the GNU Fortran compiler
configure:15685: gfortran -c   conftest.F >&5
configure:15685: $? = 0
configure:15694: result: yes
configure:15700: checking whether gfortran accepts -g
configure:15711: gfortran -c -g  conftest.f >&5
configure:15711: $? = 0
configure:15719: result: yes
configure:15853: checking if libtool supports shared libraries
configure:15855: result: yes
configure:15858: checking whether to build shared libraries
configure:15878: result: yes
configure:15881: checking whether to build static libraries
configure:15885: result: yes
configure:15919: gfortran -c -g -O2  conftest.f >&5
configure:15922: $? = 0
configure:16351: checking for gfortran option to produce PIC
configure:16358: result: -fPIC
configure:16366: checking if gfortran PIC flag -fPIC works
configure:16384: gfortran -c -g -O2 -fPIC  conftest.f >&5
configure:16388: $? = 0
configure:16401: result: yes
configure:16424: checking if gfortran static flag -static works
configure:16452: result: yes
configure:16464: checking if gfortran supports -c -o file.o
configure:16485: gfortran -c -g -O2 -o out/conftest2.o  conftest.f >&5
configure:16489: $? = 0
configure:16511: result: yes
configure:16516: checking if gfortran supports -c -o file.o
configure:16563: result: yes
configure:16593: checking whether the gfortran linker (/usr/bin/ld -m elf_x86_64) supports shared libraries
configure:17700: result: yes
configure:17841: checking dynamic linker characteristics
configure:18514: result: GNU/Linux ld.so
configure:18567: checking how to hardcode library paths into programs
configure:18592: result: immediate
configure:18627: checking if g++ supports C++0x features without additional flags
configure:18664: g++ -c -g -O2  conftest.cpp >&5
conftest.cpp:27:21: error: expected identifier before 'sizeof'
conftest.cpp:27:21: error: expected ',' or '...' before 'sizeof'
conftest.cpp:27:63: error: ISO C++ forbids declaration of 'static_assert' with no type [-fpermissive]
conftest.cpp:30:29: error: '>>' should be '> >' within a nested template argument list
conftest.cpp:33:13: error: expected constructor, destructor, or type conversion before '(' token
conftest.cpp:37:15: error: expected unqualified-id before '&&' token
configure:18664: $? = 1
configure: failed program was:
| /* confdefs.h */
| #define PACKAGE_NAME "reflex"
| #define PACKAGE_TARNAME "reflex"
| #define PACKAGE_VERSION "0.20120504"
| #define PACKAGE_STRING "reflex 0.20120504"
| #define PACKAGE_BUGREPORT "ntd@gatech.edu"
| #define PACKAGE_URL ""
| #define PACKAGE "reflex"
| #define VERSION "0.20120504"
| #define STDC_HEADERS 1
| #define HAVE_SYS_TYPES_H 1
| #define HAVE_SYS_STAT_H 1
| #define HAVE_STDLIB_H 1
| #define HAVE_STRING_H 1
| #define HAVE_MEMORY_H 1
| #define HAVE_STRINGS_H 1
| #define HAVE_INTTYPES_H 1
| #define HAVE_STDINT_H 1
| #define HAVE_UNISTD_H 1
| #define HAVE_DLFCN_H 1
| #define LT_OBJDIR ".libs/"
| /* end confdefs.h.  */
| 
|   template <typename T>
|     struct check
|     {
|       static_assert(sizeof(int) <= sizeof(T), "not big enough");
|     };
| 
|     typedef check<check<bool>> right_angle_brackets;
| 
|     int a;
|     decltype(a) b;
| 
|     typedef check<int> check_type;
|     check_type c;
|     check_type&& cr = static_cast<check_type&&>(c);
| int
| main ()
| {
| 
|   ;
|   return 0;
| }
configure:18678: result: no
configure:18681: checking if g++ supports C++0x features with -std=c++0x
configure:18720: g++ -c -g -O2 -std=c++0x  conftest.cpp >&5
configure:18720: $? = 0
configure:18735: result: yes
configure:18738: checking if g++ supports C++0x features with -std=gnu++0x
configure:18777: g++ -c -g -O2 -std=gnu++0x  conftest.cpp >&5
configure:18777: $? = 0
configure:18792: result: yes
configure:18808: checking if g++ supports C++0x features without additional flags
configure:18859: result: no
configure:18862: checking if g++ supports C++0x features with -std=c++0x
configure:18916: result: yes
configure:18919: checking if g++ supports C++0x features with -std=gnu++0x
configure:18973: result: yes
configure:18987: checking for library containing cblas_dgemm
configure:19018: gcc -std=gnu99 -o conftest -g -O2   conftest.c  >&5
/tmp/ccI8hRdQ.o: In function `main':
/home/bryant/rpi_robotics_work/gatech_powerball_port/reflex/conftest.c:36: undefined reference to `cblas_dgemm'
collect2: ld returned 1 exit status
configure:19018: $? = 1
configure: failed program was:
| /* confdefs.h */
| #define PACKAGE_NAME "reflex"
| #define PACKAGE_TARNAME "reflex"
| #define PACKAGE_VERSION "0.20120504"
| #define PACKAGE_STRING "reflex 0.20120504"
| #define PACKAGE_BUGREPORT "ntd@gatech.edu"
| #define PACKAGE_URL ""
| #define PACKAGE "reflex"
| #define VERSION "0.20120504"
| #define STDC_HEADERS 1
| #define HAVE_SYS_TYPES_H 1
| #define HAVE_SYS_STAT_H 1
| #define HAVE_STDLIB_H 1
| #define HAVE_STRING_H 1
| #define HAVE_MEMORY_H 1
| #define HAVE_STRINGS_H 1
| #define HAVE_INTTYPES_H 1
| #define HAVE_STDINT_H 1
| #define HAVE_UNISTD_H 1
| #define HAVE_DLFCN_H 1
| #define LT_OBJDIR ".libs/"
| #define HAVE_STDCXX_0X /**/
| #define HAVE_STDCXX_0X /**/
| /* end confdefs.h.  */
| 
| /* Override any GCC internal prototype to avoid an error.
|    Use char because int might match the return type of a GCC
|    builtin and then its argument prototype would still apply.  */
| #ifdef __cplusplus
| extern "C"
| #endif
| char cblas_dgemm ();
| int
| main ()
| {
| return cblas_dgemm ();
|   ;
|   return 0;
| }
configure:19018: gcc -std=gnu99 -o conftest -g -O2   conftest.c -lblas   >&5
configure:19018: $? = 0
configure:19035: result: -lblas
configure:19045: checking for library containing dgesvd_
configure:19076: gcc -std=gnu99 -o conftest -g -O2   conftest.c -lblas  >&5
/tmp/ccbGrp7Z.o: In function `main':
/home/bryant/rpi_robotics_work/gatech_powerball_port/reflex/conftest.c:36: undefined reference to `dgesvd_'
collect2: ld returned 1 exit status
configure:19076: $? = 1
configure: failed program was:
| /* confdefs.h */
| #define PACKAGE_NAME "reflex"
| #define PACKAGE_TARNAME "reflex"
| #define PACKAGE_VERSION "0.20120504"
| #define PACKAGE_STRING "reflex 0.20120504"
| #define PACKAGE_BUGREPORT "ntd@gatech.edu"
| #define PACKAGE_URL ""
| #define PACKAGE "reflex"
| #define VERSION "0.20120504"
| #define STDC_HEADERS 1
| #define HAVE_SYS_TYPES_H 1
| #define HAVE_SYS_STAT_H 1
| #define HAVE_STDLIB_H 1
| #define HAVE_STRING_H 1
| #define HAVE_MEMORY_H 1
| #define HAVE_STRINGS_H 1
| #define HAVE_INTTYPES_H 1
| #define HAVE_STDINT_H 1
| #define HAVE_UNISTD_H 1
| #define HAVE_DLFCN_H 1
| #define LT_OBJDIR ".libs/"
| #define HAVE_STDCXX_0X /**/
| #define HAVE_STDCXX_0X /**/
| /* end confdefs.h.  */
| 
| /* Override any GCC internal prototype to avoid an error.
|    Use char because int might match the return type of a GCC
|    builtin and then its argument prototype would still apply.  */
| #ifdef __cplusplus
| extern "C"
| #endif
| char dgesvd_ ();
| int
| main ()
| {
| return dgesvd_ ();
|   ;
|   return 0;
| }
configure:19076: gcc -std=gnu99 -o conftest -g -O2   conftest.c -llapack  -lblas  >&5
configure:19076: $? = 0
configure:19093: result: -llapack
configure:19103: checking for library containing aa_la_dlsnp
configure:19134: gcc -std=gnu99 -o conftest -g -O2   conftest.c -llapack -lblas  >&5
/tmp/cckUnwEd.o: In function `main':
/home/bryant/rpi_robotics_work/gatech_powerball_port/reflex/conftest.c:36: undefined reference to `aa_la_dlsnp'
collect2: ld returned 1 exit status
configure:19134: $? = 1
configure: failed program was:
| /* confdefs.h */
| #define PACKAGE_NAME "reflex"
| #define PACKAGE_TARNAME "reflex"
| #define PACKAGE_VERSION "0.20120504"
| #define PACKAGE_STRING "reflex 0.20120504"
| #define PACKAGE_BUGREPORT "ntd@gatech.edu"
| #define PACKAGE_URL ""
| #define PACKAGE "reflex"
| #define VERSION "0.20120504"
| #define STDC_HEADERS 1
| #define HAVE_SYS_TYPES_H 1
| #define HAVE_SYS_STAT_H 1
| #define HAVE_STDLIB_H 1
| #define HAVE_STRING_H 1
| #define HAVE_MEMORY_H 1
| #define HAVE_STRINGS_H 1
| #define HAVE_INTTYPES_H 1
| #define HAVE_STDINT_H 1
| #define HAVE_UNISTD_H 1
| #define HAVE_DLFCN_H 1
| #define LT_OBJDIR ".libs/"
| #define HAVE_STDCXX_0X /**/
| #define HAVE_STDCXX_0X /**/
| /* end confdefs.h.  */
| 
| /* Override any GCC internal prototype to avoid an error.
|    Use char because int might match the return type of a GCC
|    builtin and then its argument prototype would still apply.  */
| #ifdef __cplusplus
| extern "C"
| #endif
| char aa_la_dlsnp ();
| int
| main ()
| {
| return aa_la_dlsnp ();
|   ;
|   return 0;
| }
configure:19134: gcc -std=gnu99 -o conftest -g -O2   conftest.c -lamino  -llapack -lblas  >&5
/usr/bin/ld: cannot find -lamino
collect2: ld returned 1 exit status
configure:19134: $? = 1
configure: failed program was:
| /* confdefs.h */
| #define PACKAGE_NAME "reflex"
| #define PACKAGE_TARNAME "reflex"
| #define PACKAGE_VERSION "0.20120504"
| #define PACKAGE_STRING "reflex 0.20120504"
| #define PACKAGE_BUGREPORT "ntd@gatech.edu"
| #define PACKAGE_URL ""
| #define PACKAGE "reflex"
| #define VERSION "0.20120504"
| #define STDC_HEADERS 1
| #define HAVE_SYS_TYPES_H 1
| #define HAVE_SYS_STAT_H 1
| #define HAVE_STDLIB_H 1
| #define HAVE_STRING_H 1
| #define HAVE_MEMORY_H 1
| #define HAVE_STRINGS_H 1
| #define HAVE_INTTYPES_H 1
| #define HAVE_STDINT_H 1
| #define HAVE_UNISTD_H 1
| #define HAVE_DLFCN_H 1
| #define LT_OBJDIR ".libs/"
| #define HAVE_STDCXX_0X /**/
| #define HAVE_STDCXX_0X /**/
| /* end confdefs.h.  */
| 
| /* Override any GCC internal prototype to avoid an error.
|    Use char because int might match the return type of a GCC
|    builtin and then its argument prototype would still apply.  */
| #ifdef __cplusplus
| extern "C"
| #endif
| char aa_la_dlsnp ();
| int
| main ()
| {
| return aa_la_dlsnp ();
|   ;
|   return 0;
| }
configure:19151: result: no
configure:19164: checking for inttypes.h
configure:19164: result: yes
configure:19176: checking for inline
configure:19192: gcc -std=gnu99 -c -g -O2  conftest.c >&5
configure:19192: $? = 0
configure:19200: result: inline
configure:19218: checking for C/C++ restrict keyword
configure:19243: gcc -std=gnu99 -c -g -O2  conftest.c >&5
configure:19243: $? = 0
configure:19251: result: __restrict
configure:19264: checking for size_t
configure:19264: gcc -std=gnu99 -c -g -O2  conftest.c >&5
configure:19264: $? = 0
configure:19264: gcc -std=gnu99 -c -g -O2  conftest.c >&5
conftest.c: In function 'main':
conftest.c:63:21: error: expected expression before ')' token
configure:19264: $? = 1
configure: failed program was:
| /* confdefs.h */
| #define PACKAGE_NAME "reflex"
| #define PACKAGE_TARNAME "reflex"
| #define PACKAGE_VERSION "0.20120504"
| #define PACKAGE_STRING "reflex 0.20120504"
| #define PACKAGE_BUGREPORT "ntd@gatech.edu"
| #define PACKAGE_URL ""
| #define PACKAGE "reflex"
| #define VERSION "0.20120504"
| #define STDC_HEADERS 1
| #define HAVE_SYS_TYPES_H 1
| #define HAVE_SYS_STAT_H 1
| #define HAVE_STDLIB_H 1
| #define HAVE_STRING_H 1
| #define HAVE_MEMORY_H 1
| #define HAVE_STRINGS_H 1
| #define HAVE_INTTYPES_H 1
| #define HAVE_STDINT_H 1
| #define HAVE_UNISTD_H 1
| #define HAVE_DLFCN_H 1
| #define LT_OBJDIR ".libs/"
| #define HAVE_STDCXX_0X /**/
| #define HAVE_STDCXX_0X /**/
| #define HAVE_INTTYPES_H 1
| #define restrict __restrict
| /* end confdefs.h.  */
| #include <stdio.h>
| #ifdef HAVE_SYS_TYPES_H
| # include <sys/types.h>
| #endif
| #ifdef HAVE_SYS_STAT_H
| # include <sys/stat.h>
| #endif
| #ifdef STDC_HEADERS
| # include <stdlib.h>
| # include <stddef.h>
| #else
| # ifdef HAVE_STDLIB_H
| #  include <stdlib.h>
| # endif
| #endif
| #ifdef HAVE_STRING_H
| # if !defined STDC_HEADERS && defined HAVE_MEMORY_H
| #  include <memory.h>
| # endif
| # include <string.h>
| #endif
| #ifdef HAVE_STRINGS_H
| # include <strings.h>
| #endif
| #ifdef HAVE_INTTYPES_H
| # include <inttypes.h>
| #endif
| #ifdef HAVE_STDINT_H
| # include <stdint.h>
| #endif
| #ifdef HAVE_UNISTD_H
| # include <unistd.h>
| #endif
| int
| main ()
| {
| if (sizeof ((size_t)))
| 	    return 0;
|   ;
|   return 0;
| }
configure:19264: result: yes
configure:19378: checking for doxygen
configure:19396: found /usr/bin/doxygen
configure:19408: result: /usr/bin/doxygen
configure:19484: checking for perl
configure:19502: found /usr/bin/perl
configure:19514: result: /usr/bin/perl
configure:21113: checking for working alloca.h
configure:21130: gcc -std=gnu99 -o conftest -g -O2   conftest.c -llapack -lblas  >&5
configure:21130: $? = 0
configure:21138: result: yes
configure:21146: checking for alloca
configure:21183: gcc -std=gnu99 -o conftest -g -O2   conftest.c -llapack -lblas  >&5
configure:21183: $? = 0
configure:21191: result: yes
configure:21300: checking for error_at_line
configure:21316: gcc -std=gnu99 -o conftest -g -O2   conftest.c -llapack -lblas  >&5
configure:21316: $? = 0
configure:21324: result: yes
configure:21337: checking for memset
configure:21337: gcc -std=gnu99 -o conftest -g -O2   conftest.c -llapack -lblas  >&5
conftest.c:52:6: warning: conflicting types for built-in function 'memset' [enabled by default]
configure:21337: $? = 0
configure:21337: result: yes
configure:21354: checking CFLAGS for maximum warnings
configure:21374: gcc -std=gnu99 -c -g -O2 -warn all  -warn all  conftest.c >&5
gcc: error: all: No such file or directory
gcc: error: all: No such file or directory
gcc: error: unrecognized option '-warn'
gcc: error: unrecognized option '-warn'
configure:21374: $? = 1
configure: failed program was:
| /* confdefs.h */
| #define PACKAGE_NAME "reflex"
| #define PACKAGE_TARNAME "reflex"
| #define PACKAGE_VERSION "0.20120504"
| #define PACKAGE_STRING "reflex 0.20120504"
| #define PACKAGE_BUGREPORT "ntd@gatech.edu"
| #define PACKAGE_URL ""
| #define PACKAGE "reflex"
| #define VERSION "0.20120504"
| #define STDC_HEADERS 1
| #define HAVE_SYS_TYPES_H 1
| #define HAVE_SYS_STAT_H 1
| #define HAVE_STDLIB_H 1
| #define HAVE_STRING_H 1
| #define HAVE_MEMORY_H 1
| #define HAVE_STRINGS_H 1
| #define HAVE_INTTYPES_H 1
| #define HAVE_STDINT_H 1
| #define HAVE_UNISTD_H 1
| #define HAVE_DLFCN_H 1
| #define LT_OBJDIR ".libs/"
| #define HAVE_STDCXX_0X /**/
| #define HAVE_STDCXX_0X /**/
| #define HAVE_INTTYPES_H 1
| #define restrict __restrict
| #define HAVE_ALLOCA_H 1
| #define HAVE_ALLOCA 1
| #define HAVE_MEMSET 1
| /* end confdefs.h.  */
| 
| int
| main ()
| {
| 
|   ;
|   return 0;
| }
configure:21374: gcc -std=gnu99 -c -g -O2 -pedantic  -Wall  conftest.c >&5
configure:21374: $? = 0
configure:21382: result: -Wall
configure:21397: : CFLAGS="$CFLAGS $ac_cv_cflags_warn_all"
configure:21400: $? = 0
configure:21430: checking whether C compiler accepts -Wextra
configure:21449: gcc -std=gnu99 -c   -Wextra  conftest.c >&5
configure:21449: $? = 0
configure:21457: result: yes
configure:21476: checking whether C compiler accepts -Wconversion
configure:21495: gcc -std=gnu99 -c   -Wconversion  conftest.c >&5
configure:21495: $? = 0
configure:21503: result: yes
configure:21522: checking whether C compiler accepts -Wpointer-arith
configure:21541: gcc -std=gnu99 -c   -Wpointer-arith  conftest.c >&5
configure:21541: $? = 0
configure:21549: result: yes
configure:21568: checking whether C compiler accepts -Wfloat-equal
configure:21587: gcc -std=gnu99 -c   -Wfloat-equal  conftest.c >&5
configure:21587: $? = 0
configure:21595: result: yes
configure:21614: checking whether C compiler accepts -Wshadow
configure:21633: gcc -std=gnu99 -c   -Wshadow  conftest.c >&5
configure:21633: $? = 0
configure:21641: result: yes
configure:21660: checking whether C compiler accepts -Wwrite-strings
configure:21679: gcc -std=gnu99 -c   -Wwrite-strings  conftest.c >&5
configure:21679: $? = 0
configure:21687: result: yes
configure:21706: checking whether C compiler accepts -Wc++-compat
configure:21725: gcc -std=gnu99 -c   -Wc++-compat  conftest.c >&5
configure:21725: $? = 0
configure:21733: result: yes
configure:21759: checking whether Fortran compiler accepts -fimplicit-none
configure:21772: gfortran -c   -fimplicit-none  conftest.f >&5
configure:21772: $? = 0
configure:21780: result: yes
configure:21799: checking whether Fortran compiler accepts -ffree-line-length-none
configure:21812: gfortran -c   -ffree-line-length-none  conftest.f >&5
configure:21812: $? = 0
configure:21820: result: yes
configure:21839: checking whether Fortran compiler accepts -Wall
configure:21852: gfortran -c   -Wall  conftest.f >&5
configure:21852: $? = 0
configure:21860: result: yes
configure:21879: checking whether Fortran compiler accepts -pedantic
configure:21892: gfortran -c   -pedantic  conftest.f >&5
configure:21892: $? = 0
configure:21900: result: yes
configure:21919: checking whether Fortran compiler accepts -Wextra
configure:21932: gfortran -c   -Wextra  conftest.f >&5
configure:21932: $? = 0
configure:21940: result: yes
configure:21959: checking whether Fortran compiler accepts -Wconversion
configure:21972: gfortran -c   -Wconversion  conftest.f >&5
configure:21972: $? = 0
configure:21980: result: yes
configure:21999: checking whether Fortran compiler accepts -Wconversion-extra
configure:22012: gfortran -c   -Wconversion-extra  conftest.f >&5
configure:22012: $? = 0
configure:22020: result: yes
configure:22039: checking whether Fortran compiler accepts -Wshadow
configure:22052: gfortran -c   -Wshadow  conftest.f >&5
configure:22052: $? = 0
configure:22060: result: yes
configure:22079: checking whether Fortran compiler accepts -Wimplicit-interface
configure:22092: gfortran -c   -Wimplicit-interface  conftest.f >&5
configure:22092: $? = 0
configure:22100: result: yes
configure:22119: checking whether Fortran compiler accepts -Wimplicit-procedure
configure:22132: gfortran -c   -Wimplicit-procedure  conftest.f >&5
configure:22132: $? = 0
configure:22140: result: yes
configure:22159: checking whether Fortran compiler accepts -Wunderflow
configure:22172: gfortran -c   -Wunderflow  conftest.f >&5
configure:22172: $? = 0
configure:22180: result: yes
configure:22199: checking whether Fortran compiler accepts -Warray-temporaries
configure:22212: gfortran -c   -Warray-temporaries  conftest.f >&5
configure:22212: $? = 0
configure:22220: result: yes
configure:22239: checking whether Fortran compiler accepts -Wtabs
configure:22252: gfortran -c   -Wtabs  conftest.f >&5
configure:22252: $? = 0
configure:22260: result: yes
configure:22279: checking whether Fortran compiler accepts -Wunused-parameter
configure:22292: gfortran -c   -Wunused-parameter  conftest.f >&5
configure:22292: $? = 0
configure:22300: result: yes
configure:22319: checking whether Fortran compiler accepts -Wintrinsic-shadow
configure:22332: gfortran -c   -Wintrinsic-shadow  conftest.f >&5
configure:22332: $? = 0
configure:22340: result: yes
configure:22362: checking for help2man
configure:22378: found /usr/bin/help2man
configure:22389: result: help2man
configure:22404: checking for man2html
configure:22420: found /usr/bin/man2html
configure:22431: result: man2html
configure:22460: checking for ./doc/man/rfx-trajgen.1
configure:22474: result: no
configure:22481: checking for ./doc/man/rfx-trajgen.html
configure:22495: result: no
configure:22526: checking for java
configure:22542: found /usr/bin/java
configure:22553: result: java
configure:22570: checking for javac
configure:22586: found /usr/bin/javac
configure:22597: result: javac
configure:22614: checking for javah
configure:22630: found /usr/bin/javah
configure:22641: result: javah
configure:22658: checking for jar
configure:22674: found /usr/bin/jar
configure:22685: result: jar
configure:22900: checking for javac
configure:22918: found /usr/bin/javac
configure:22931: result: /usr/bin/javac
configure:22945: checking symlink for /usr/bin/javac
configure:22953: result: /etc/alternatives/javac
configure:22945: checking symlink for /etc/alternatives/javac
configure:22953: result: /usr/lib/jvm/java-7-oracle/bin/javac
configure:22964: _JTOPDIR=/usr/lib/jvm/java-7-oracle/bin
configure:22965: _JINC=/usr/lib/jvm/java-7-oracle/bin/include
configure:23222: creating ./config.status

## ---------------------- ##
## Running config.status. ##
## ---------------------- ##

This file was extended by reflex config.status 0.20120504, which was
generated by GNU Autoconf 2.68.  Invocation command line was

  CONFIG_FILES    = 
  CONFIG_HEADERS  = 
  CONFIG_LINKS    = 
  CONFIG_COMMANDS = 
  $ ./config.status 

on bryant-ThinkPad-T420

config.status:1283: creating Makefile
config.status:1283: creating doc/Makefile
config.status:1283: creating config.h
config.status:1512: executing depfiles commands
config.status:1512: executing libtool commands
configure:25966: CONFIGURATION SUMMARY
configure:25968: =====================
configure:25970: PREFIX:          /usr/local
configure:25972: BUILD JAVA LIB:  yes
configure:25974: CLASSPATH:       .:NONE/share/java/*

## ---------------- ##
## Cache variables. ##
## ---------------- ##

ac_cv_build=x86_64-unknown-linux-gnu
ac_cv_c_compiler_gnu=yes
ac_cv_c_inline=inline
ac_cv_c_restrict=__restrict
ac_cv_cflags_warn_all=-Wall
ac_cv_cxx_compiler_gnu=yes
ac_cv_env_CCC_set=
ac_cv_env_CCC_value=
ac_cv_env_CC_set=
ac_cv_env_CC_value=
ac_cv_env_CFLAGS_set=
ac_cv_env_CFLAGS_value=
ac_cv_env_CPPFLAGS_set=
ac_cv_env_CPPFLAGS_value=
ac_cv_env_CPP_set=
ac_cv_env_CPP_value=
ac_cv_env_CXXCPP_set=
ac_cv_env_CXXCPP_value=
ac_cv_env_CXXFLAGS_set=
ac_cv_env_CXXFLAGS_value=
ac_cv_env_CXX_set=
ac_cv_env_CXX_value=
ac_cv_env_DOXYGEN_PAPER_SIZE_set=
ac_cv_env_DOXYGEN_PAPER_SIZE_value=
ac_cv_env_FCFLAGS_set=
ac_cv_env_FCFLAGS_value=
ac_cv_env_FC_set=
ac_cv_env_FC_value=
ac_cv_env_LDFLAGS_set=
ac_cv_env_LDFLAGS_value=
ac_cv_env_LIBS_set=
ac_cv_env_LIBS_value=
ac_cv_env_build_alias_set=
ac_cv_env_build_alias_value=
ac_cv_env_host_alias_set=
ac_cv_env_host_alias_value=
ac_cv_env_target_alias_set=
ac_cv_env_target_alias_value=
ac_cv_fc_compiler_gnu=yes
ac_cv_file___doc_man_rfx_trajgen_1=no
ac_cv_file___doc_man_rfx_trajgen_html=no
ac_cv_func_alloca_works=yes
ac_cv_func_memset=yes
ac_cv_header_dlfcn_h=yes
ac_cv_header_inttypes_h=yes
ac_cv_header_memory_h=yes
ac_cv_header_stdc=yes
ac_cv_header_stdint_h=yes
ac_cv_header_stdlib_h=yes
ac_cv_header_string_h=yes
ac_cv_header_strings_h=yes
ac_cv_header_sys_stat_h=yes
ac_cv_header_sys_types_h=yes
ac_cv_header_unistd_h=yes
ac_cv_host=x86_64-unknown-linux-gnu
ac_cv_lib_error_at_line=yes
ac_cv_objext=o
ac_cv_path_EGREP='/bin/grep -E'
ac_cv_path_FGREP='/bin/grep -F'
ac_cv_path_GREP=/bin/grep
ac_cv_path_SED=/bin/sed
ac_cv_path__ACJNI_JAVAC=/usr/bin/javac
ac_cv_path_ac_pt_DX_DOXYGEN=/usr/bin/doxygen
ac_cv_path_ac_pt_DX_PERL=/usr/bin/perl
ac_cv_path_install='/usr/bin/install -c'
ac_cv_path_mkdir=/bin/mkdir
ac_cv_prog_AWK=gawk
ac_cv_prog_CPP='gcc -E'
ac_cv_prog_CXXCPP='g++ -E'
ac_cv_prog_HELP2MAN=help2man
ac_cv_prog_JAR=jar
ac_cv_prog_JAVA=java
ac_cv_prog_JAVAC=javac
ac_cv_prog_JAVAH=javah
ac_cv_prog_MAN2HTML=man2html
ac_cv_prog_ac_ct_AR=ar
ac_cv_prog_ac_ct_CC=gcc
ac_cv_prog_ac_ct_CXX=g++
ac_cv_prog_ac_ct_FC=gfortran
ac_cv_prog_ac_ct_MANIFEST_TOOL=mt
ac_cv_prog_ac_ct_OBJDUMP=objdump
ac_cv_prog_ac_ct_RANLIB=ranlib
ac_cv_prog_ac_ct_STRIP=strip
ac_cv_prog_cc_c89=
ac_cv_prog_cc_c99=-std=gnu99
ac_cv_prog_cc_g=yes
ac_cv_prog_cc_gcc_c_o=yes
ac_cv_prog_cxx_g=yes
ac_cv_prog_fc_g=yes
ac_cv_prog_make_make_set=yes
ac_cv_search_aa_la_dlsnp=no
ac_cv_search_cblas_dgemm=-lblas
ac_cv_search_dgesvd_=-llapack
ac_cv_type_size_t=yes
ac_cv_working_alloca_h=yes
am_cv_CC_dependencies_compiler_type=gcc3
am_cv_CXX_dependencies_compiler_type=gcc3
ax_cv_check_cflags___Wconversion=yes
ax_cv_check_cflags___Wcpp_compat=yes
ax_cv_check_cflags___Wextra=yes
ax_cv_check_cflags___Wfloat_equal=yes
ax_cv_check_cflags___Wpointer_arith=yes
ax_cv_check_cflags___Wshadow=yes
ax_cv_check_cflags___Wwrite_strings=yes
ax_cv_check_fcflags___Wall=yes
ax_cv_check_fcflags___Warray_temporaries=yes
ax_cv_check_fcflags___Wconversion=yes
ax_cv_check_fcflags___Wconversion_extra=yes
ax_cv_check_fcflags___Wextra=yes
ax_cv_check_fcflags___Wimplicit_interface=yes
ax_cv_check_fcflags___Wimplicit_procedure=yes
ax_cv_check_fcflags___Wintrinsic_shadow=yes
ax_cv_check_fcflags___Wshadow=yes
ax_cv_check_fcflags___Wtabs=yes
ax_cv_check_fcflags___Wunderflow=yes
ax_cv_check_fcflags___Wunused_parameter=yes
ax_cv_check_fcflags___ffree_line_length_none=yes
ax_cv_check_fcflags___fimplicit_none=yes
ax_cv_check_fcflags___pedantic=yes
ax_cv_cxx_compile_cxx0x_cxx=yes
ax_cv_cxx_compile_cxx0x_gxx=yes
ax_cv_cxx_compile_cxx0x_native=no
lt_cv_ar_at_file=@
lt_cv_archive_cmds_need_lc=no
lt_cv_deplibs_check_method=pass_all
lt_cv_file_magic_cmd='$MAGIC_CMD'
lt_cv_file_magic_test_file=
lt_cv_ld_reload_flag=-r
lt_cv_nm_interface='BSD nm'
lt_cv_objdir=.libs
lt_cv_path_LD=/usr/bin/ld
lt_cv_path_LDCXX='/usr/bin/ld -m elf_x86_64'
lt_cv_path_NM='/usr/bin/nm -B'
lt_cv_path_mainfest_tool=no
lt_cv_prog_compiler_c_o=yes
lt_cv_prog_compiler_c_o_CXX=yes
lt_cv_prog_compiler_c_o_FC=yes
lt_cv_prog_compiler_pic='-fPIC -DPIC'
lt_cv_prog_compiler_pic_CXX='-fPIC -DPIC'
lt_cv_prog_compiler_pic_FC=-fPIC
lt_cv_prog_compiler_pic_works=yes
lt_cv_prog_compiler_pic_works_CXX=yes
lt_cv_prog_compiler_pic_works_FC=yes
lt_cv_prog_compiler_rtti_exceptions=no
lt_cv_prog_compiler_static_works=yes
lt_cv_prog_compiler_static_works_CXX=yes
lt_cv_prog_compiler_static_works_FC=yes
lt_cv_prog_gnu_ld=yes
lt_cv_prog_gnu_ldcxx=yes
lt_cv_sharedlib_from_linklib_cmd='printf %s\n'
lt_cv_shlibpath_overrides_runpath=no
lt_cv_sys_global_symbol_pipe='sed -n -e '\''s/^.*[	 ]\([ABCDGIRSTW][ABCDGIRSTW]*\)[	 ][	 ]*\([_A-Za-z][_A-Za-z0-9]*\)$/\1 \2 \2/p'\'' | sed '\''/ __gnu_lto/d'\'''
lt_cv_sys_global_symbol_to_c_name_address='sed -n -e '\''s/^: \([^ ]*\)[ ]*$/  {\"\1\", (void *) 0},/p'\'' -e '\''s/^[ABCDGIRSTW]* \([^ ]*\) \([^ ]*\)$/  {"\2", (void *) \&\2},/p'\'''
lt_cv_sys_global_symbol_to_c_name_address_lib_prefix='sed -n -e '\''s/^: \([^ ]*\)[ ]*$/  {\"\1\", (void *) 0},/p'\'' -e '\''s/^[ABCDGIRSTW]* \([^ ]*\) \(lib[^ ]*\)$/  {"\2", (void *) \&\2},/p'\'' -e '\''s/^[ABCDGIRSTW]* \([^ ]*\) \([^ ]*\)$/  {"lib\2", (void *) \&\2},/p'\'''
lt_cv_sys_global_symbol_to_cdecl='sed -n -e '\''s/^T .* \(.*\)$/extern int \1();/p'\'' -e '\''s/^[ABCDGIRSTW]* .* \(.*\)$/extern char \1;/p'\'''
lt_cv_sys_max_cmd_len=1572864
lt_cv_to_host_file_cmd=func_convert_file_noop
lt_cv_to_tool_file_cmd=func_convert_file_noop

## ----------------- ##
## Output variables. ##
## ----------------- ##

ACLOCAL='${SHELL} /home/bryant/rpi_robotics_work/gatech_powerball_port/reflex/missing --run aclocal-1.11'
ALLOCA=''
AMDEPBACKSLASH='\'
AMDEP_FALSE='#'
AMDEP_TRUE=''
AMTAR='$${TAR-tar}'
AR='ar'
AUTOCONF='${SHELL} /home/bryant/rpi_robotics_work/gatech_powerball_port/reflex/missing --run autoconf'
AUTOHEADER='${SHELL} /home/bryant/rpi_robotics_work/gatech_powerball_port/reflex/missing --run autoheader'
AUTOMAKE='${SHELL} /home/bryant/rpi_robotics_work/gatech_powerball_port/reflex/missing --run automake-1.11'
AWK='gawk'
CC='gcc -std=gnu99'
CCDEPMODE='depmode=gcc3'
CFLAGS='-Wc++-compat -Wwrite-strings -Wshadow -Wfloat-equal -Wpointer-arith -Wconversion -Wextra -g -O2 -Wall'
CLASSPATH='.:NONE/share/java/*'
CPP='gcc -E'
CPPFLAGS=''
CXX='g++'
CXXCPP='g++ -E'
CXXDEPMODE='depmode=gcc3'
CXXFLAGS='-g -O2 -std=gnu++0x -std=gnu++0x'
CYGPATH_W='echo'
DEFS='-DHAVE_CONFIG_H'
DEPDIR='.deps'
DLLTOOL='false'
DOXYGEN_PAPER_SIZE=''
DSYMUTIL=''
DUMPBIN=''
DX_COND_chi_FALSE=''
DX_COND_chi_TRUE='#'
DX_COND_chm_FALSE=''
DX_COND_chm_TRUE='#'
DX_COND_doc_FALSE='#'
DX_COND_doc_TRUE=''
DX_COND_dot_FALSE=''
DX_COND_dot_TRUE='#'
DX_COND_html_FALSE='#'
DX_COND_html_TRUE=''
DX_COND_latex_FALSE=''
DX_COND_latex_TRUE='#'
DX_COND_man_FALSE=''
DX_COND_man_TRUE='#'
DX_COND_pdf_FALSE=''
DX_COND_pdf_TRUE='#'
DX_COND_ps_FALSE=''
DX_COND_ps_TRUE='#'
DX_COND_rtf_FALSE=''
DX_COND_rtf_TRUE='#'
DX_COND_xml_FALSE=''
DX_COND_xml_TRUE='#'
DX_CONFIG='Doxyfile'
DX_DOCDIR='doxygen-doc'
DX_DOT=''
DX_DOXYGEN='/usr/bin/doxygen'
DX_DVIPS=''
DX_EGREP=''
DX_ENV=' SRCDIR='\''.'\'' PROJECT='\''reflex'\'' DOCDIR='\''doxygen-doc'\'' VERSION='\''0.20120504'\'' PERL_PATH='\''/usr/bin/perl'\'' HAVE_DOT='\''NO'\'' GENERATE_MAN='\''NO'\'' GENERATE_RTF='\''NO'\'' GENERATE_XML='\''NO'\'' GENERATE_HTMLHELP='\''NO'\'' GENERATE_CHI='\''NO'\'' GENERATE_HTML='\''YES'\'' GENERATE_LATEX='\''NO'\'''
DX_FLAG_chi='0'
DX_FLAG_chm='0'
DX_FLAG_doc='1'
DX_FLAG_dot='0'
DX_FLAG_html='1'
DX_FLAG_man='0'
DX_FLAG_pdf='0'
DX_FLAG_ps='0'
DX_FLAG_rtf='0'
DX_FLAG_xml='0'
DX_HHC=''
DX_LATEX=''
DX_MAKEINDEX=''
DX_PDFLATEX=''
DX_PERL='/usr/bin/perl'
DX_PROJECT='reflex'
ECHO_C=''
ECHO_N='-n'
ECHO_T=''
EGREP='/bin/grep -E'
EXEEXT=''
FC='gfortran'
FCFLAGS='-Wintrinsic-shadow -Wunused-parameter -Wtabs -Warray-temporaries -Wunderflow -Wimplicit-procedure -Wimplicit-interface -Wshadow -Wconversion-extra -Wconversion -Wextra -pedantic -Wall -ffree-line-length-none -fimplicit-none -g -O2'
FGREP='/bin/grep -F'
GREP='/bin/grep'
HAVE_HELP2MAN_FALSE='#'
HAVE_HELP2MAN_TRUE=''
HAVE_JAVAC_FALSE='#'
HAVE_JAVAC_TRUE=''
HAVE_MAN2HTML_FALSE='#'
HAVE_MAN2HTML_TRUE=''
HAVE_MANHTML_FALSE='#'
HAVE_MANHTML_TRUE=''
HAVE_MANPAGES_FALSE='#'
HAVE_MANPAGES_TRUE=''
HELP2MAN='help2man'
INSTALL_DATA='${INSTALL} -m 644'
INSTALL_PROGRAM='${INSTALL}'
INSTALL_SCRIPT='${INSTALL}'
INSTALL_STRIP_PROGRAM='$(install_sh) -c -s'
JAR='jar'
JAVA='java'
JAVAC='javac'
JAVAH='javah'
JNICPPFLAGS=' -I/usr/lib/jvm/java-7-oracle/include -I/usr/lib/jvm/java-7-oracle/include/linux'
LD='/usr/bin/ld -m elf_x86_64'
LDFLAGS=''
LIBOBJS=''
LIBS='-llapack -lblas '
LIBTOOL='$(SHELL) $(top_builddir)/libtool'
LIPO=''
LN_S='ln -s'
LTLIBOBJS=''
MAKEINFO='${SHELL} /home/bryant/rpi_robotics_work/gatech_powerball_port/reflex/missing --run makeinfo'
MAN2HTML='man2html'
MANIFEST_TOOL=':'
MKDIR_P='/bin/mkdir -p'
NM='/usr/bin/nm -B'
NMEDIT=''
OBJDUMP='objdump'
OBJEXT='o'
OTOOL64=''
OTOOL=''
PACKAGE='reflex'
PACKAGE_BUGREPORT='ntd@gatech.edu'
PACKAGE_NAME='reflex'
PACKAGE_STRING='reflex 0.20120504'
PACKAGE_TARNAME='reflex'
PACKAGE_URL=''
PACKAGE_VERSION='0.20120504'
PATH_SEPARATOR=':'
RANLIB='ranlib'
SED='/bin/sed'
SET_MAKE=''
SHELL='/bin/bash'
STRIP='strip'
VERSION='0.20120504'
_ACJNI_JAVAC='/usr/bin/javac'
ac_ct_AR='ar'
ac_ct_CC='gcc'
ac_ct_CXX='g++'
ac_ct_DUMPBIN=''
ac_ct_FC='gfortran'
am__EXEEXT_FALSE=''
am__EXEEXT_TRUE='#'
am__fastdepCC_FALSE='#'
am__fastdepCC_TRUE=''
am__fastdepCXX_FALSE='#'
am__fastdepCXX_TRUE=''
am__include='include'
am__isrc=''
am__leading_dot='.'
am__nodep='_no'
am__quote=''
am__tar='$${TAR-tar} chof - "$$tardir"'
am__untar='$${TAR-tar} xf -'
bindir='${exec_prefix}/bin'
build='x86_64-unknown-linux-gnu'
build_alias=''
build_cpu='x86_64'
build_os='linux-gnu'
build_vendor='unknown'
datadir='${datarootdir}'
datarootdir='${prefix}/share'
docdir='${datarootdir}/doc/${PACKAGE_TARNAME}'
dvidir='${docdir}'
exec_prefix='${prefix}'
host='x86_64-unknown-linux-gnu'
host_alias=''
host_cpu='x86_64'
host_os='linux-gnu'
host_vendor='unknown'
htmldir='${docdir}'
includedir='${prefix}/include'
infodir='${datarootdir}/info'
install_sh='${SHELL} /home/bryant/rpi_robotics_work/gatech_powerball_port/reflex/install-sh'
libdir='${exec_prefix}/lib'
libexecdir='${exec_prefix}/libexec'
localedir='${datarootdir}/locale'
localstatedir='${prefix}/var'
mandir='${datarootdir}/man'
mkdir_p='/bin/mkdir -p'
oldincludedir='/usr/include'
pdfdir='${docdir}'
prefix='/usr/local'
program_transform_name='s,x,x,'
psdir='${docdir}'
sbindir='${exec_prefix}/sbin'
sharedstatedir='${prefix}/com'
sysconfdir='${prefix}/etc'
target_alias=''

## ----------- ##
## confdefs.h. ##
## ----------- ##

/* confdefs.h */
#define PACKAGE_NAME "reflex"
#define PACKAGE_TARNAME "reflex"
#define PACKAGE_VERSION "0.20120504"
#define PACKAGE_STRING "reflex 0.20120504"
#define PACKAGE_BUGREPORT "ntd@gatech.edu"
#define PACKAGE_URL ""
#define PACKAGE "reflex"
#define VERSION "0.20120504"
#define STDC_HEADERS 1
#define HAVE_SYS_TYPES_H 1
#define HAVE_SYS_STAT_H 1
#define HAVE_STDLIB_H 1
#define HAVE_STRING_H 1
#define HAVE_MEMORY_H 1
#define HAVE_STRINGS_H 1
#define HAVE_INTTYPES_H 1
#define HAVE_STDINT_H 1
#define HAVE_UNISTD_H 1
#define HAVE_DLFCN_H 1
#define LT_OBJDIR ".libs/"
#define HAVE_STDCXX_0X /**/
#define HAVE_STDCXX_0X /**/
#define HAVE_INTTYPES_H 1
#define restrict __restrict
#define HAVE_ALLOCA_H 1
#define HAVE_ALLOCA 1
#define HAVE_MEMSET 1

configure: exit 0
