Build started 10/23/2013 4:46:26 PM.
     1>Project "c:\Users\Rishab\documents\visual studio 2010\Projects\mocap_data_client\mocap_data_client\mocap_data_client.vcxproj" on node 2 (build target(s)).
     1>InitializeBuildStatus:
         Creating "Debug\mocap_data_client.unsuccessfulbuild" because "AlwaysCreate" was specified.
       ClCompile:
         c:\Program Files (x86)\Microsoft Visual Studio 10.0\VC\bin\CL.exe /c /ZI /nologo /W3 /WX- /Od /Oy- /D WIN32 /D _DEBUG /D _CONSOLE /D _UNICODE /D UNICODE /Gm /EHsc /RTC1 /MDd /GS /fp:precise /Zc:wchar_t /Zc:forScope /Fo"Debug\\" /Fd"Debug\vc100.pdb" /Gd /TP /analyze- /errorReport:prompt main.cpp
         main.cpp
     1>c:\users\rishab\documents\visual studio 2010\projects\mocap_data_client\mocap_data_client\main.cpp(67): warning C4101: 'recvBuf' : unreferenced local variable
       ManifestResourceCompile:
         All outputs are up-to-date.
       Link:
         c:\Program Files (x86)\Microsoft Visual Studio 10.0\VC\bin\link.exe /ERRORREPORT:PROMPT /OUT:"c:\users\rishab\documents\visual studio 2010\Projects\mocap_data_client\Debug\mocap_data_client.exe" /INCREMENTAL /NOLOGO kernel32.lib user32.lib gdi32.lib winspool.lib comdlg32.lib advapi32.lib shell32.lib ole32.lib oleaut32.lib uuid.lib odbc32.lib odbccp32.lib /MANIFEST /ManifestFile:"Debug\mocap_data_client.exe.intermediate.manifest" /MANIFESTUAC:"level='asInvoker' uiAccess='false'" /DEBUG /PDB:"c:\users\rishab\documents\visual studio 2010\Projects\mocap_data_client\Debug\mocap_data_client.pdb" /SUBSYSTEM:CONSOLE /TLBID:1 /DYNAMICBASE /NXCOMPAT /IMPLIB:"c:\users\rishab\documents\visual studio 2010\Projects\mocap_data_client\Debug\mocap_data_client.lib" /MACHINE:X86 Debug\mocap_data_client.exe.embed.manifest.res
         Debug\main.obj
       Manifest:
         C:\Program Files (x86)\Microsoft SDKs\Windows\v7.0A\bin\mt.exe /nologo /verbose /out:"Debug\mocap_data_client.exe.embed.manifest" /manifest Debug\mocap_data_client.exe.intermediate.manifest
         All outputs are up-to-date.
       LinkEmbedManifest:
         All outputs are up-to-date.
         mocap_data_client.vcxproj -> c:\users\rishab\documents\visual studio 2010\Projects\mocap_data_client\Debug\mocap_data_client.exe
       FinalizeBuildStatus:
         Deleting file "Debug\mocap_data_client.unsuccessfulbuild".
         Touching "Debug\mocap_data_client.lastbuildstate".
     1>Done Building Project "c:\Users\Rishab\documents\visual studio 2010\Projects\mocap_data_client\mocap_data_client\mocap_data_client.vcxproj" (build target(s)).

Build succeeded.

Time Elapsed 00:00:00.61
