This file contains any messages produced by compilers while
running configure, to aid debugging if configure makes a mistake.

It was created by amino configure 0.20120916, which was
generated by GNU Autoconf 2.68.  Invocation command line was

  $ ./configure 

## --------- ##
## Platform. ##
## --------- ##

hostname = powerball
uname -m = i686
uname -r = 3.5.0-45-generic
uname -s = Linux
uname -v = #68~precise1-Ubuntu SMP Wed Dec 4 16:19:28 UTC 2013

/usr/bin/uname -p = unknown
/bin/uname -X     = unknown

/bin/arch              = unknown
/usr/bin/arch -k       = unknown
/usr/convex/getsysinfo = unknown
/usr/bin/hostinfo      = unknown
/bin/machine           = unknown
/usr/bin/oslevel       = unknown
/bin/universe          = unknown

PATH: /usr/lib/lightdm/lightdm
PATH: /usr/local/sbin
PATH: /usr/local/bin
PATH: /usr/sbin
PATH: /usr/bin
PATH: /sbin
PATH: /bin
PATH: /usr/games


## ----------- ##
## Core tests. ##
## ----------- ##

configure:2538: checking for a BSD-compatible install
configure:2606: result: /usr/bin/install -c
configure:2617: checking whether build environment is sane
configure:2667: result: yes
configure:2808: checking for a thread-safe mkdir -p
configure:2847: result: /bin/mkdir -p
configure:2860: checking for gawk
configure:2890: result: no
configure:2860: checking for mawk
configure:2876: found /usr/bin/mawk
configure:2887: result: mawk
configure:2898: checking whether make sets $(MAKE)
configure:2920: result: yes
configure:3011: checking whether make supports nested variables
configure:3028: result: yes
configure:3059: checking for style of include used by make
configure:3087: result: GNU
configure:3158: checking for gcc
configure:3174: found /usr/bin/gcc
configure:3185: result: gcc
configure:3414: checking for C compiler version
configure:3423: gcc --version >&5
gcc (Ubuntu/Linaro 4.6.3-1ubuntu5) 4.6.3
Copyright (C) 2011 Free Software Foundation, Inc.
This is free software; see the source for copying conditions.  There is NO
warranty; not even for MERCHANTABILITY or FITNESS FOR A PARTICULAR PURPOSE.

configure:3434: $? = 0
configure:3423: gcc -v >&5
Using built-in specs.
COLLECT_GCC=gcc
COLLECT_LTO_WRAPPER=/usr/lib/gcc/i686-linux-gnu/4.6/lto-wrapper
Target: i686-linux-gnu
Configured with: ../src/configure -v --with-pkgversion='Ubuntu/Linaro 4.6.3-1ubuntu5' --with-bugurl=file:///usr/share/doc/gcc-4.6/README.Bugs --enable-languages=c,c++,fortran,objc,obj-c++ --prefix=/usr --program-suffix=-4.6 --enable-shared --enable-linker-build-id --with-system-zlib --libexecdir=/usr/lib --without-included-gettext --enable-threads=posix --with-gxx-include-dir=/usr/include/c++/4.6 --libdir=/usr/lib --enable-nls --with-sysroot=/ --enable-clocale=gnu --enable-libstdcxx-debug --enable-libstdcxx-time=yes --enable-gnu-unique-object --enable-plugin --enable-objc-gc --enable-targets=all --disable-werror --with-arch-32=i686 --with-tune=generic --enable-checking=release --build=i686-linux-gnu --host=i686-linux-gnu --target=i686-linux-gnu
Thread model: posix
gcc version 4.6.3 (Ubuntu/Linaro 4.6.3-1ubuntu5) 
configure:3434: $? = 0
configure:3423: gcc -V >&5
gcc: error: unrecognized option '-V'
gcc: fatal error: no input files
compilation terminated.
configure:3434: $? = 4
configure:3423: gcc -qversion >&5
gcc: error: unrecognized option '-qversion'
gcc: fatal error: no input files
compilation terminated.
configure:3434: $? = 4
configure:3454: checking whether the C compiler works
configure:3476: gcc    conftest.c  >&5
configure:3480: $? = 0
configure:3528: result: yes
configure:3531: checking for C compiler default output file name
configure:3533: result: a.out
configure:3539: checking for suffix of executables
configure:3546: gcc -o conftest    conftest.c  >&5
configure:3550: $? = 0
configure:3572: result: 
configure:3594: checking whether we are cross compiling
configure:3602: gcc -o conftest    conftest.c  >&5
configure:3606: $? = 0
configure:3613: ./conftest
configure:3617: $? = 0
configure:3632: result: no
configure:3637: checking for suffix of object files
configure:3659: gcc -c   conftest.c >&5
configure:3663: $? = 0
configure:3684: result: o
configure:3688: checking whether we are using the GNU C compiler
configure:3707: gcc -c   conftest.c >&5
configure:3707: $? = 0
configure:3716: result: yes
configure:3725: checking whether gcc accepts -g
configure:3745: gcc -c -g  conftest.c >&5
configure:3745: $? = 0
configure:3786: result: yes
configure:3803: checking for gcc option to accept ISO C89
configure:3867: gcc  -c -g -O2  conftest.c >&5
configure:3867: $? = 0
configure:3880: result: none needed
configure:3902: checking dependency style of gcc
configure:4013: result: gcc3
configure:4034: checking how to run the C preprocessor
configure:4065: gcc -E  conftest.c
configure:4065: $? = 0
configure:4079: gcc -E  conftest.c
conftest.c:11:28: fatal error: ac_nonexistent.h: No such file or directory
compilation terminated.
configure:4079: $? = 1
configure: failed program was:
| /* confdefs.h */
| #define PACKAGE_NAME "amino"
| #define PACKAGE_TARNAME "amino"
| #define PACKAGE_VERSION "0.20120916"
| #define PACKAGE_STRING "amino 0.20120916"
| #define PACKAGE_BUGREPORT "ntd@gatech.edu"
| #define PACKAGE_URL ""
| #define PACKAGE "amino"
| #define VERSION "0.20120916"
| /* end confdefs.h.  */
| #include <ac_nonexistent.h>
configure:4104: result: gcc -E
configure:4124: gcc -E  conftest.c
configure:4124: $? = 0
configure:4138: gcc -E  conftest.c
conftest.c:11:28: fatal error: ac_nonexistent.h: No such file or directory
compilation terminated.
configure:4138: $? = 1
configure: failed program was:
| /* confdefs.h */
| #define PACKAGE_NAME "amino"
| #define PACKAGE_TARNAME "amino"
| #define PACKAGE_VERSION "0.20120916"
| #define PACKAGE_STRING "amino 0.20120916"
| #define PACKAGE_BUGREPORT "ntd@gatech.edu"
| #define PACKAGE_URL ""
| #define PACKAGE "amino"
| #define VERSION "0.20120916"
| /* end confdefs.h.  */
| #include <ac_nonexistent.h>
configure:4167: checking for grep that handles long lines and -e
configure:4225: result: /bin/grep
configure:4230: checking for egrep
configure:4292: result: /bin/grep -E
configure:4297: checking for ANSI C header files
configure:4317: gcc -c -g -O2  conftest.c >&5
configure:4317: $? = 0
configure:4390: gcc -o conftest -g -O2   conftest.c  >&5
configure:4390: $? = 0
configure:4390: ./conftest
configure:4390: $? = 0
configure:4401: result: yes
configure:4414: checking for sys/types.h
configure:4414: gcc -c -g -O2  conftest.c >&5
configure:4414: $? = 0
configure:4414: result: yes
configure:4414: checking for sys/stat.h
configure:4414: gcc -c -g -O2  conftest.c >&5
configure:4414: $? = 0
configure:4414: result: yes
configure:4414: checking for stdlib.h
configure:4414: gcc -c -g -O2  conftest.c >&5
configure:4414: $? = 0
configure:4414: result: yes
configure:4414: checking for string.h
configure:4414: gcc -c -g -O2  conftest.c >&5
configure:4414: $? = 0
configure:4414: result: yes
configure:4414: checking for memory.h
configure:4414: gcc -c -g -O2  conftest.c >&5
configure:4414: $? = 0
configure:4414: result: yes
configure:4414: checking for strings.h
configure:4414: gcc -c -g -O2  conftest.c >&5
configure:4414: $? = 0
configure:4414: result: yes
configure:4414: checking for inttypes.h
configure:4414: gcc -c -g -O2  conftest.c >&5
configure:4414: $? = 0
configure:4414: result: yes
configure:4414: checking for stdint.h
configure:4414: gcc -c -g -O2  conftest.c >&5
configure:4414: $? = 0
configure:4414: result: yes
configure:4414: checking for unistd.h
configure:4414: gcc -c -g -O2  conftest.c >&5
configure:4414: $? = 0
configure:4414: result: yes
configure:4427: checking minix/config.h usability
configure:4427: gcc -c -g -O2  conftest.c >&5
conftest.c:54:26: fatal error: minix/config.h: No such file or directory
compilation terminated.
configure:4427: $? = 1
configure: failed program was:
| /* confdefs.h */
| #define PACKAGE_NAME "amino"
| #define PACKAGE_TARNAME "amino"
| #define PACKAGE_VERSION "0.20120916"
| #define PACKAGE_STRING "amino 0.20120916"
| #define PACKAGE_BUGREPORT "ntd@gatech.edu"
| #define PACKAGE_URL ""
| #define PACKAGE "amino"
| #define VERSION "0.20120916"
| #define STDC_HEADERS 1
| #define HAVE_SYS_TYPES_H 1
| #define HAVE_SYS_STAT_H 1
| #define HAVE_STDLIB_H 1
| #define HAVE_STRING_H 1
| #define HAVE_MEMORY_H 1
| #define HAVE_STRINGS_H 1
| #define HAVE_INTTYPES_H 1
| #define HAVE_STDINT_H 1
| #define HAVE_UNISTD_H 1
| /* end confdefs.h.  */
| #include <stdio.h>
| #ifdef HAVE_SYS_TYPES_H
| # include <sys/types.h>
| #endif
| #ifdef HAVE_SYS_STAT_H
| # include <sys/stat.h>
| #endif
| #ifdef STDC_HEADERS
| # include <stdlib.h>
| # include <stddef.h>
| #else
| # ifdef HAVE_STDLIB_H
| #  include <stdlib.h>
| # endif
| #endif
| #ifdef HAVE_STRING_H
| # if !defined STDC_HEADERS && defined HAVE_MEMORY_H
| #  include <memory.h>
| # endif
| # include <string.h>
| #endif
| #ifdef HAVE_STRINGS_H
| # include <strings.h>
| #endif
| #ifdef HAVE_INTTYPES_H
| # include <inttypes.h>
| #endif
| #ifdef HAVE_STDINT_H
| # include <stdint.h>
| #endif
| #ifdef HAVE_UNISTD_H
| # include <unistd.h>
| #endif
| #include <minix/config.h>
configure:4427: result: no
configure:4427: checking minix/config.h presence
configure:4427: gcc -E  conftest.c
conftest.c:21:26: fatal error: minix/config.h: No such file or directory
compilation terminated.
configure:4427: $? = 1
configure: failed program was:
| /* confdefs.h */
| #define PACKAGE_NAME "amino"
| #define PACKAGE_TARNAME "amino"
| #define PACKAGE_VERSION "0.20120916"
| #define PACKAGE_STRING "amino 0.20120916"
| #define PACKAGE_BUGREPORT "ntd@gatech.edu"
| #define PACKAGE_URL ""
| #define PACKAGE "amino"
| #define VERSION "0.20120916"
| #define STDC_HEADERS 1
| #define HAVE_SYS_TYPES_H 1
| #define HAVE_SYS_STAT_H 1
| #define HAVE_STDLIB_H 1
| #define HAVE_STRING_H 1
| #define HAVE_MEMORY_H 1
| #define HAVE_STRINGS_H 1
| #define HAVE_INTTYPES_H 1
| #define HAVE_STDINT_H 1
| #define HAVE_UNISTD_H 1
| /* end confdefs.h.  */
| #include <minix/config.h>
configure:4427: result: no
configure:4427: checking for minix/config.h
configure:4427: result: no
configure:4448: checking whether it is safe to define __EXTENSIONS__
configure:4466: gcc -c -g -O2  conftest.c >&5
configure:4466: $? = 0
configure:4473: result: yes
configure:4487: checking for gcc option to accept ISO C99
configure:4636: gcc  -c -g -O2  conftest.c >&5
conftest.c:76:29: error: expected ';', ',' or ')' before 'text'
conftest.c: In function 'main':
conftest.c:130:18: error: expected '=', ',', ';', 'asm' or '__attribute__' before 'newvar'
conftest.c:130:18: error: 'newvar' undeclared (first use in this function)
conftest.c:130:18: note: each undeclared identifier is reported only once for each function it appears in
conftest.c:140:3: error: 'for' loop initial declarations are only allowed in C99 mode
conftest.c:140:3: note: use option -std=c99 or -std=gnu99 to compile your code
configure:4636: $? = 1
configure: failed program was:
| /* confdefs.h */
| #define PACKAGE_NAME "amino"
| #define PACKAGE_TARNAME "amino"
| #define PACKAGE_VERSION "0.20120916"
| #define PACKAGE_STRING "amino 0.20120916"
| #define PACKAGE_BUGREPORT "ntd@gatech.edu"
| #define PACKAGE_URL ""
| #define PACKAGE "amino"
| #define VERSION "0.20120916"
| #define STDC_HEADERS 1
| #define HAVE_SYS_TYPES_H 1
| #define HAVE_SYS_STAT_H 1
| #define HAVE_STDLIB_H 1
| #define HAVE_STRING_H 1
| #define HAVE_MEMORY_H 1
| #define HAVE_STRINGS_H 1
| #define HAVE_INTTYPES_H 1
| #define HAVE_STDINT_H 1
| #define HAVE_UNISTD_H 1
| #define __EXTENSIONS__ 1
| #define _ALL_SOURCE 1
| #define _GNU_SOURCE 1
| #define _POSIX_PTHREAD_SEMANTICS 1
| #define _TANDEM_SOURCE 1
| /* end confdefs.h.  */
| #include <stdarg.h>
| #include <stdbool.h>
| #include <stdlib.h>
| #include <wchar.h>
| #include <stdio.h>
| 
| // Check varargs macros.  These examples are taken from C99 6.10.3.5.
| #define debug(...) fprintf (stderr, __VA_ARGS__)
| #define showlist(...) puts (#__VA_ARGS__)
| #define report(test,...) ((test) ? puts (#test) : printf (__VA_ARGS__))
| static void
| test_varargs_macros (void)
| {
|   int x = 1234;
|   int y = 5678;
|   debug ("Flag");
|   debug ("X = %d\n", x);
|   showlist (The first, second, and third items.);
|   report (x>y, "x is %d but y is %d", x, y);
| }
| 
| // Check long long types.
| #define BIG64 18446744073709551615ull
| #define BIG32 4294967295ul
| #define BIG_OK (BIG64 / BIG32 == 4294967297ull && BIG64 % BIG32 == 0)
| #if !BIG_OK
|   your preprocessor is broken;
| #endif
| #if BIG_OK
| #else
|   your preprocessor is broken;
| #endif
| static long long int bignum = -9223372036854775807LL;
| static unsigned long long int ubignum = BIG64;
| 
| struct incomplete_array
| {
|   int datasize;
|   double data[];
| };
| 
| struct named_init {
|   int number;
|   const wchar_t *name;
|   double average;
| };
| 
| typedef const char *ccp;
| 
| static inline int
| test_restrict (ccp restrict text)
| {
|   // See if C++-style comments work.
|   // Iterate through items via the restricted pointer.
|   // Also check for declarations in for loops.
|   for (unsigned int i = 0; *(text+i) != '\0'; ++i)
|     continue;
|   return 0;
| }
| 
| // Check varargs and va_copy.
| static void
| test_varargs (const char *format, ...)
| {
|   va_list args;
|   va_start (args, format);
|   va_list args_copy;
|   va_copy (args_copy, args);
| 
|   const char *str;
|   int number;
|   float fnumber;
| 
|   while (*format)
|     {
|       switch (*format++)
| 	{
| 	case 's': // string
| 	  str = va_arg (args_copy, const char *);
| 	  break;
| 	case 'd': // int
| 	  number = va_arg (args_copy, int);
| 	  break;
| 	case 'f': // float
| 	  fnumber = va_arg (args_copy, double);
| 	  break;
| 	default:
| 	  break;
| 	}
|     }
|   va_end (args_copy);
|   va_end (args);
| }
| 
| int
| main ()
| {
| 
|   // Check bool.
|   _Bool success = false;
| 
|   // Check restrict.
|   if (test_restrict ("String literal") == 0)
|     success = true;
|   char *restrict newvar = "Another string";
| 
|   // Check varargs.
|   test_varargs ("s, d' f .", "string", 65, 34.234);
|   test_varargs_macros ();
| 
|   // Check flexible array members.
|   struct incomplete_array *ia =
|     malloc (sizeof (struct incomplete_array) + (sizeof (double) * 10));
|   ia->datasize = 10;
|   for (int i = 0; i < ia->datasize; ++i)
|     ia->data[i] = i * 1.234;
| 
|   // Check named initializers.
|   struct named_init ni = {
|     .number = 34,
|     .name = L"Test wide string",
|     .average = 543.34343,
|   };
| 
|   ni.number = 58;
| 
|   int dynamic_array[ni.number];
|   dynamic_array[ni.number - 1] = 543;
| 
|   // work around unused variable warnings
|   return (!success || bignum == 0LL || ubignum == 0uLL || newvar[0] == 'x'
| 	  || dynamic_array[ni.number - 1] != 543);
| 
|   ;
|   return 0;
| }
configure:4636: gcc -std=gnu99 -c -g -O2  conftest.c >&5
configure:4636: $? = 0
configure:4656: result: -std=gnu99
configure:4722: checking for g++
configure:4738: found /usr/bin/g++
configure:4749: result: g++
configure:4776: checking for C++ compiler version
configure:4785: g++ --version >&5
g++ (Ubuntu/Linaro 4.6.3-1ubuntu5) 4.6.3
Copyright (C) 2011 Free Software Foundation, Inc.
This is free software; see the source for copying conditions.  There is NO
warranty; not even for MERCHANTABILITY or FITNESS FOR A PARTICULAR PURPOSE.

configure:4796: $? = 0
configure:4785: g++ -v >&5
Using built-in specs.
COLLECT_GCC=g++
COLLECT_LTO_WRAPPER=/usr/lib/gcc/i686-linux-gnu/4.6/lto-wrapper
Target: i686-linux-gnu
Configured with: ../src/configure -v --with-pkgversion='Ubuntu/Linaro 4.6.3-1ubuntu5' --with-bugurl=file:///usr/share/doc/gcc-4.6/README.Bugs --enable-languages=c,c++,fortran,objc,obj-c++ --prefix=/usr --program-suffix=-4.6 --enable-shared --enable-linker-build-id --with-system-zlib --libexecdir=/usr/lib --without-included-gettext --enable-threads=posix --with-gxx-include-dir=/usr/include/c++/4.6 --libdir=/usr/lib --enable-nls --with-sysroot=/ --enable-clocale=gnu --enable-libstdcxx-debug --enable-libstdcxx-time=yes --enable-gnu-unique-object --enable-plugin --enable-objc-gc --enable-targets=all --disable-werror --with-arch-32=i686 --with-tune=generic --enable-checking=release --build=i686-linux-gnu --host=i686-linux-gnu --target=i686-linux-gnu
Thread model: posix
gcc version 4.6.3 (Ubuntu/Linaro 4.6.3-1ubuntu5) 
configure:4796: $? = 0
configure:4785: g++ -V >&5
g++: error: unrecognized option '-V'
g++: fatal error: no input files
compilation terminated.
configure:4796: $? = 4
configure:4785: g++ -qversion >&5
g++: error: unrecognized option '-qversion'
g++: fatal error: no input files
compilation terminated.
configure:4796: $? = 4
configure:4800: checking whether we are using the GNU C++ compiler
configure:4819: g++ -c   conftest.cpp >&5
configure:4819: $? = 0
configure:4828: result: yes
configure:4837: checking whether g++ accepts -g
configure:4857: g++ -c -g  conftest.cpp >&5
configure:4857: $? = 0
configure:4898: result: yes
configure:4923: checking dependency style of g++
configure:5034: result: gcc3
configure:5050: checking whether gcc -std=gnu99 and cc understand -c and -o together
configure:5081: gcc -std=gnu99 -c conftest.c -o conftest2.o >&5
configure:5085: $? = 0
configure:5091: gcc -std=gnu99 -c conftest.c -o conftest2.o >&5
configure:5095: $? = 0
configure:5106: cc -c conftest.c >&5
configure:5110: $? = 0
configure:5118: cc -c conftest.c -o conftest2.o >&5
configure:5122: $? = 0
configure:5128: cc -c conftest.c -o conftest2.o >&5
configure:5132: $? = 0
configure:5150: result: yes
configure:5228: checking for gfortran
configure:5244: found /usr/bin/gfortran
configure:5255: result: gfortran
configure:5281: checking for Fortran compiler version
configure:5290: gfortran --version >&5
GNU Fortran (Ubuntu/Linaro 4.6.3-1ubuntu5) 4.6.3
Copyright (C) 2011 Free Software Foundation, Inc.

GNU Fortran comes with NO WARRANTY, to the extent permitted by law.
You may redistribute copies of GNU Fortran
under the terms of the GNU General Public License.
For more information about these matters, see the file named COPYING

configure:5301: $? = 0
configure:5290: gfortran -v >&5
Using built-in specs.
COLLECT_GCC=gfortran
COLLECT_LTO_WRAPPER=/usr/lib/gcc/i686-linux-gnu/4.6/lto-wrapper
Target: i686-linux-gnu
Configured with: ../src/configure -v --with-pkgversion='Ubuntu/Linaro 4.6.3-1ubuntu5' --with-bugurl=file:///usr/share/doc/gcc-4.6/README.Bugs --enable-languages=c,c++,fortran,objc,obj-c++ --prefix=/usr --program-suffix=-4.6 --enable-shared --enable-linker-build-id --with-system-zlib --libexecdir=/usr/lib --without-included-gettext --enable-threads=posix --with-gxx-include-dir=/usr/include/c++/4.6 --libdir=/usr/lib --enable-nls --with-sysroot=/ --enable-clocale=gnu --enable-libstdcxx-debug --enable-libstdcxx-time=yes --enable-gnu-unique-object --enable-plugin --enable-objc-gc --enable-targets=all --disable-werror --with-arch-32=i686 --with-tune=generic --enable-checking=release --build=i686-linux-gnu --host=i686-linux-gnu --target=i686-linux-gnu
Thread model: posix
gcc version 4.6.3 (Ubuntu/Linaro 4.6.3-1ubuntu5) 
configure:5301: $? = 0
configure:5290: gfortran -V >&5
gfortran: error: unrecognized option '-V'
gfortran: fatal error: no input files
compilation terminated.
configure:5301: $? = 4
configure:5290: gfortran -qversion >&5
gfortran: error: unrecognized option '-qversion'
gfortran: fatal error: no input files
compilation terminated.
configure:5301: $? = 4
configure:5310: checking whether we are using the GNU Fortran compiler
configure:5323: gfortran -c   conftest.F >&5
configure:5323: $? = 0
configure:5332: result: yes
configure:5338: checking whether gfortran accepts -g
configure:5349: gfortran -c -g  conftest.f >&5
configure:5349: $? = 0
configure:5357: result: yes
configure:5410: checking build system type
configure:5424: result: i686-pc-linux-gnu
configure:5444: checking host system type
configure:5457: result: i686-pc-linux-gnu
configure:5498: checking how to print strings
configure:5525: result: printf
configure:5546: checking for a sed that does not truncate output
configure:5610: result: /bin/sed
configure:5628: checking for fgrep
configure:5690: result: /bin/grep -F
configure:5725: checking for ld used by gcc -std=gnu99
configure:5792: result: /usr/bin/ld
configure:5799: checking if the linker (/usr/bin/ld) is GNU ld
configure:5814: result: yes
configure:5826: checking for BSD- or MS-compatible name lister (nm)
configure:5875: result: /usr/bin/nm -B
configure:6005: checking the name lister (/usr/bin/nm -B) interface
configure:6012: gcc -std=gnu99 -c -g -O2  conftest.c >&5
configure:6015: /usr/bin/nm -B "conftest.o"
configure:6018: output
00000000 B some_variable
configure:6025: result: BSD nm
configure:6028: checking whether ln -s works
configure:6032: result: yes
configure:6040: checking the maximum length of command line arguments
configure:6170: result: 1572864
configure:6187: checking whether the shell understands some XSI constructs
configure:6197: result: yes
configure:6201: checking whether the shell understands "+="
configure:6207: result: yes
configure:6242: checking how to convert i686-pc-linux-gnu file names to i686-pc-linux-gnu format
configure:6282: result: func_convert_file_noop
configure:6289: checking how to convert i686-pc-linux-gnu file names to toolchain format
configure:6309: result: func_convert_file_noop
configure:6316: checking for /usr/bin/ld option to reload object files
configure:6323: result: -r
configure:6397: checking for objdump
configure:6413: found /usr/bin/objdump
configure:6424: result: objdump
configure:6456: checking how to recognize dependent libraries
configure:6658: result: pass_all
configure:6743: checking for dlltool
configure:6773: result: no
configure:6803: checking how to associate runtime and link libraries
configure:6830: result: printf %s\n
configure:6890: checking for ar
configure:6906: found /usr/bin/ar
configure:6917: result: ar
configure:6954: checking for archiver @FILE support
configure:6971: gcc -std=gnu99 -c -g -O2  conftest.c >&5
configure:6971: $? = 0
configure:6974: ar cru libconftest.a @conftest.lst >&5
configure:6977: $? = 0
configure:6982: ar cru libconftest.a @conftest.lst >&5
ar: conftest.o: No such file or directory
configure:6985: $? = 1
configure:6997: result: @
configure:7055: checking for strip
configure:7071: found /usr/bin/strip
configure:7082: result: strip
configure:7154: checking for ranlib
configure:7170: found /usr/bin/ranlib
configure:7181: result: ranlib
configure:7283: checking command to parse /usr/bin/nm -B output from gcc -std=gnu99 object
configure:7403: gcc -std=gnu99 -c -g -O2  conftest.c >&5
configure:7406: $? = 0
configure:7410: /usr/bin/nm -B conftest.o \| sed -n -e 's/^.*[ ]\([ABCDGIRSTW][ABCDGIRSTW]*\)[ ][ ]*\([_A-Za-z][_A-Za-z0-9]*\)$/\1 \2 \2/p' | sed '/ __gnu_lto/d' \> conftest.nm
configure:7413: $? = 0
configure:7479: gcc -std=gnu99 -o conftest -g -O2   conftest.c conftstm.o >&5
configure:7482: $? = 0
configure:7520: result: ok
configure:7557: checking for sysroot
configure:7587: result: no
configure:7843: checking for mt
configure:7859: found /bin/mt
configure:7870: result: mt
configure:7893: checking if mt is a manifest tool
configure:7899: mt '-?'
configure:7907: result: no
configure:8546: checking for dlfcn.h
configure:8546: gcc -std=gnu99 -c -g -O2  conftest.c >&5
configure:8546: $? = 0
configure:8546: result: yes
configure:8764: checking for objdir
configure:8779: result: .libs
configure:9050: checking if gcc -std=gnu99 supports -fno-rtti -fno-exceptions
configure:9068: gcc -std=gnu99 -c -g -O2  -fno-rtti -fno-exceptions conftest.c >&5
cc1: warning: command line option '-fno-rtti' is valid for C++/ObjC++ but not for C [enabled by default]
configure:9072: $? = 0
configure:9085: result: no
configure:9412: checking for gcc -std=gnu99 option to produce PIC
configure:9419: result: -fPIC -DPIC
configure:9427: checking if gcc -std=gnu99 PIC flag -fPIC -DPIC works
configure:9445: gcc -std=gnu99 -c -g -O2  -fPIC -DPIC -DPIC conftest.c >&5
configure:9449: $? = 0
configure:9462: result: yes
configure:9491: checking if gcc -std=gnu99 static flag -static works
configure:9519: result: yes
configure:9534: checking if gcc -std=gnu99 supports -c -o file.o
configure:9555: gcc -std=gnu99 -c -g -O2  -o out/conftest2.o conftest.c >&5
configure:9559: $? = 0
configure:9581: result: yes
configure:9589: checking if gcc -std=gnu99 supports -c -o file.o
configure:9636: result: yes
configure:9669: checking whether the gcc -std=gnu99 linker (/usr/bin/ld) supports shared libraries
configure:10826: result: yes
configure:10863: checking whether -lc should be explicitly linked in
configure:10871: gcc -std=gnu99 -c -g -O2  conftest.c >&5
configure:10874: $? = 0
configure:10889: gcc -std=gnu99 -shared  -fPIC -DPIC conftest.o  -v -Wl,-soname -Wl,conftest -o conftest 2\>\&1 \| /bin/grep  -lc  \>/dev/null 2\>\&1
configure:10892: $? = 0
configure:10906: result: no
configure:11066: checking dynamic linker characteristics
configure:11577: gcc -std=gnu99 -o conftest -g -O2   -Wl,-rpath -Wl,/foo conftest.c  >&5
configure:11577: $? = 0
configure:11811: result: GNU/Linux ld.so
configure:11918: checking how to hardcode library paths into programs
configure:11943: result: immediate
configure:12483: checking whether stripping libraries is possible
configure:12488: result: yes
configure:12523: checking if libtool supports shared libraries
configure:12525: result: yes
configure:12528: checking whether to build shared libraries
configure:12549: result: yes
configure:12552: checking whether to build static libraries
configure:12556: result: yes
configure:12579: checking how to run the C++ preprocessor
configure:12606: g++ -E  conftest.cpp
configure:12606: $? = 0
configure:12620: g++ -E  conftest.cpp
conftest.cpp:28:28: fatal error: ac_nonexistent.h: No such file or directory
compilation terminated.
configure:12620: $? = 1
configure: failed program was:
| /* confdefs.h */
| #define PACKAGE_NAME "amino"
| #define PACKAGE_TARNAME "amino"
| #define PACKAGE_VERSION "0.20120916"
| #define PACKAGE_STRING "amino 0.20120916"
| #define PACKAGE_BUGREPORT "ntd@gatech.edu"
| #define PACKAGE_URL ""
| #define PACKAGE "amino"
| #define VERSION "0.20120916"
| #define STDC_HEADERS 1
| #define HAVE_SYS_TYPES_H 1
| #define HAVE_SYS_STAT_H 1
| #define HAVE_STDLIB_H 1
| #define HAVE_STRING_H 1
| #define HAVE_MEMORY_H 1
| #define HAVE_STRINGS_H 1
| #define HAVE_INTTYPES_H 1
| #define HAVE_STDINT_H 1
| #define HAVE_UNISTD_H 1
| #define __EXTENSIONS__ 1
| #define _ALL_SOURCE 1
| #define _GNU_SOURCE 1
| #define _POSIX_PTHREAD_SEMANTICS 1
| #define _TANDEM_SOURCE 1
| #define HAVE_DLFCN_H 1
| #define LT_OBJDIR ".libs/"
| /* end confdefs.h.  */
| #include <ac_nonexistent.h>
configure:12645: result: g++ -E
configure:12665: g++ -E  conftest.cpp
configure:12665: $? = 0
configure:12679: g++ -E  conftest.cpp
conftest.cpp:28:28: fatal error: ac_nonexistent.h: No such file or directory
compilation terminated.
configure:12679: $? = 1
configure: failed program was:
| /* confdefs.h */
| #define PACKAGE_NAME "amino"
| #define PACKAGE_TARNAME "amino"
| #define PACKAGE_VERSION "0.20120916"
| #define PACKAGE_STRING "amino 0.20120916"
| #define PACKAGE_BUGREPORT "ntd@gatech.edu"
| #define PACKAGE_URL ""
| #define PACKAGE "amino"
| #define VERSION "0.20120916"
| #define STDC_HEADERS 1
| #define HAVE_SYS_TYPES_H 1
| #define HAVE_SYS_STAT_H 1
| #define HAVE_STDLIB_H 1
| #define HAVE_STRING_H 1
| #define HAVE_MEMORY_H 1
| #define HAVE_STRINGS_H 1
| #define HAVE_INTTYPES_H 1
| #define HAVE_STDINT_H 1
| #define HAVE_UNISTD_H 1
| #define __EXTENSIONS__ 1
| #define _ALL_SOURCE 1
| #define _GNU_SOURCE 1
| #define _POSIX_PTHREAD_SEMANTICS 1
| #define _TANDEM_SOURCE 1
| #define HAVE_DLFCN_H 1
| #define LT_OBJDIR ".libs/"
| /* end confdefs.h.  */
| #include <ac_nonexistent.h>
configure:12848: checking for ld used by g++
configure:12915: result: /usr/bin/ld
configure:12922: checking if the linker (/usr/bin/ld) is GNU ld
configure:12937: result: yes
configure:12992: checking whether the g++ linker (/usr/bin/ld) supports shared libraries
configure:13997: result: yes
configure:14033: g++ -c -g -O2  conftest.cpp >&5
configure:14036: $? = 0
configure:14556: checking for g++ option to produce PIC
configure:14563: result: -fPIC -DPIC
configure:14571: checking if g++ PIC flag -fPIC -DPIC works
configure:14589: g++ -c -g -O2  -fPIC -DPIC -DPIC conftest.cpp >&5
configure:14593: $? = 0
configure:14606: result: yes
configure:14629: checking if g++ static flag -static works
configure:14657: result: yes
configure:14669: checking if g++ supports -c -o file.o
configure:14690: g++ -c -g -O2  -o out/conftest2.o conftest.cpp >&5
configure:14694: $? = 0
configure:14716: result: yes
configure:14721: checking if g++ supports -c -o file.o
configure:14768: result: yes
configure:14798: checking whether the g++ linker (/usr/bin/ld) supports shared libraries
configure:14837: result: yes
configure:14978: checking dynamic linker characteristics
configure:15657: result: GNU/Linux ld.so
configure:15710: checking how to hardcode library paths into programs
configure:15735: result: immediate
configure:15888: checking if libtool supports shared libraries
configure:15890: result: yes
configure:15893: checking whether to build shared libraries
configure:15913: result: yes
configure:15916: checking whether to build static libraries
configure:15920: result: yes
configure:15954: gfortran -c -g -O2  conftest.f >&5
configure:15957: $? = 0
configure:16386: checking for gfortran option to produce PIC
configure:16393: result: -fPIC
configure:16401: checking if gfortran PIC flag -fPIC works
configure:16419: gfortran -c -g -O2 -fPIC  conftest.f >&5
configure:16423: $? = 0
configure:16436: result: yes
configure:16459: checking if gfortran static flag -static works
configure:16487: result: yes
configure:16499: checking if gfortran supports -c -o file.o
configure:16520: gfortran -c -g -O2 -o out/conftest2.o  conftest.f >&5
configure:16524: $? = 0
configure:16546: result: yes
configure:16551: checking if gfortran supports -c -o file.o
configure:16598: result: yes
configure:16628: checking whether the gfortran linker (/usr/bin/ld) supports shared libraries
configure:17735: result: yes
configure:17876: checking dynamic linker characteristics
configure:18549: result: GNU/Linux ld.so
configure:18602: checking how to hardcode library paths into programs
configure:18627: result: immediate
configure:18681: checking for maxima
configure:18697: found /usr/bin/maxima
configure:18708: result: maxima
configure:18723: checking cblas.h usability
configure:18723: gcc -std=gnu99 -c -g -O2  conftest.c >&5
configure:18723: $? = 0
configure:18723: result: yes
configure:18723: checking cblas.h presence
configure:18723: gcc -E  conftest.c
configure:18723: $? = 0
configure:18723: result: yes
configure:18723: checking for cblas.h
configure:18723: result: yes
configure:18735: checking for library containing clock_gettime
configure:18766: gcc -std=gnu99 -o conftest -g -O2   conftest.c  >&5
/tmp/ccnUU9cC.o: In function `main':
/home/bryant/rpi_robotics_work/gatech_powerball_port/amino/conftest.c:40: undefined reference to `clock_gettime'
collect2: ld returned 1 exit status
configure:18766: $? = 1
configure: failed program was:
| /* confdefs.h */
| #define PACKAGE_NAME "amino"
| #define PACKAGE_TARNAME "amino"
| #define PACKAGE_VERSION "0.20120916"
| #define PACKAGE_STRING "amino 0.20120916"
| #define PACKAGE_BUGREPORT "ntd@gatech.edu"
| #define PACKAGE_URL ""
| #define PACKAGE "amino"
| #define VERSION "0.20120916"
| #define STDC_HEADERS 1
| #define HAVE_SYS_TYPES_H 1
| #define HAVE_SYS_STAT_H 1
| #define HAVE_STDLIB_H 1
| #define HAVE_STRING_H 1
| #define HAVE_MEMORY_H 1
| #define HAVE_STRINGS_H 1
| #define HAVE_INTTYPES_H 1
| #define HAVE_STDINT_H 1
| #define HAVE_UNISTD_H 1
| #define __EXTENSIONS__ 1
| #define _ALL_SOURCE 1
| #define _GNU_SOURCE 1
| #define _POSIX_PTHREAD_SEMANTICS 1
| #define _TANDEM_SOURCE 1
| #define HAVE_DLFCN_H 1
| #define LT_OBJDIR ".libs/"
| #define HAVE_CBLAS_H 1
| /* end confdefs.h.  */
| 
| /* Override any GCC internal prototype to avoid an error.
|    Use char because int might match the return type of a GCC
|    builtin and then its argument prototype would still apply.  */
| #ifdef __cplusplus
| extern "C"
| #endif
| char clock_gettime ();
| int
| main ()
| {
| return clock_gettime ();
|   ;
|   return 0;
| }
configure:18766: gcc -std=gnu99 -o conftest -g -O2   conftest.c -lrt   >&5
configure:18766: $? = 0
configure:18783: result: -lrt
configure:18791: checking for sqrt in -lm
configure:18816: gcc -std=gnu99 -o conftest -g -O2   conftest.c -lm  -lrt  >&5
conftest.c:36:6: warning: conflicting types for built-in function 'sqrt' [enabled by default]
configure:18816: $? = 0
configure:18825: result: yes
configure:18838: checking for sincos
configure:18838: gcc -std=gnu99 -o conftest -g -O2   conftest.c -lm -lrt  >&5
conftest.c:53:6: warning: conflicting types for built-in function 'sincos' [enabled by default]
configure:18838: $? = 0
configure:18838: result: yes
configure:18850: checking for thread local storage (TLS) class
configure:18878: gcc -std=gnu99 -c -g -O2  conftest.c >&5
configure:18878: $? = 0
configure:18890: result: __thread
configure:19006: checking for doxygen
configure:19024: found /usr/bin/doxygen
configure:19036: result: /usr/bin/doxygen
configure:19112: checking for perl
configure:19130: found /usr/bin/perl
configure:19142: result: /usr/bin/perl
configure:20744: checking CFLAGS for maximum warnings
configure:20764: gcc -std=gnu99 -c -g -O2 -warn all  -warn all  conftest.c >&5
gcc: error: all: No such file or directory
gcc: error: all: No such file or directory
gcc: error: unrecognized option '-warn'
gcc: error: unrecognized option '-warn'
configure:20764: $? = 1
configure: failed program was:
| /* confdefs.h */
| #define PACKAGE_NAME "amino"
| #define PACKAGE_TARNAME "amino"
| #define PACKAGE_VERSION "0.20120916"
| #define PACKAGE_STRING "amino 0.20120916"
| #define PACKAGE_BUGREPORT "ntd@gatech.edu"
| #define PACKAGE_URL ""
| #define PACKAGE "amino"
| #define VERSION "0.20120916"
| #define STDC_HEADERS 1
| #define HAVE_SYS_TYPES_H 1
| #define HAVE_SYS_STAT_H 1
| #define HAVE_STDLIB_H 1
| #define HAVE_STRING_H 1
| #define HAVE_MEMORY_H 1
| #define HAVE_STRINGS_H 1
| #define HAVE_INTTYPES_H 1
| #define HAVE_STDINT_H 1
| #define HAVE_UNISTD_H 1
| #define __EXTENSIONS__ 1
| #define _ALL_SOURCE 1
| #define _GNU_SOURCE 1
| #define _POSIX_PTHREAD_SEMANTICS 1
| #define _TANDEM_SOURCE 1
| #define HAVE_DLFCN_H 1
| #define LT_OBJDIR ".libs/"
| #define HAVE_CBLAS_H 1
| #define HAVE_LIBM 1
| #define HAVE_SINCOS 1
| #define TLS __thread
| /* end confdefs.h.  */
| 
| int
| main ()
| {
| 
|   ;
|   return 0;
| }
configure:20764: gcc -std=gnu99 -c -g -O2 -pedantic  -Wall  conftest.c >&5
configure:20764: $? = 0
configure:20772: result: -Wall
configure:20787: : CFLAGS="$CFLAGS $ac_cv_cflags_warn_all"
configure:20790: $? = 0
configure:20831: checking whether C compiler accepts -Wextra
configure:20850: gcc -std=gnu99 -c   -Wextra  conftest.c >&5
configure:20850: $? = 0
configure:20858: result: yes
configure:20877: checking whether C compiler accepts -Wconversion
configure:20896: gcc -std=gnu99 -c   -Wconversion  conftest.c >&5
configure:20896: $? = 0
configure:20904: result: yes
configure:20923: checking whether C compiler accepts -Wpointer-arith
configure:20942: gcc -std=gnu99 -c   -Wpointer-arith  conftest.c >&5
configure:20942: $? = 0
configure:20950: result: yes
configure:20969: checking whether C compiler accepts -Wfloat-equal
configure:20988: gcc -std=gnu99 -c   -Wfloat-equal  conftest.c >&5
configure:20988: $? = 0
configure:20996: result: yes
configure:21015: checking whether C compiler accepts -Wshadow
configure:21034: gcc -std=gnu99 -c   -Wshadow  conftest.c >&5
configure:21034: $? = 0
configure:21042: result: yes
configure:21061: checking whether C compiler accepts -Wwrite-strings
configure:21080: gcc -std=gnu99 -c   -Wwrite-strings  conftest.c >&5
configure:21080: $? = 0
configure:21088: result: yes
configure:21107: checking whether C compiler accepts -Wc++-compat
configure:21126: gcc -std=gnu99 -c   -Wc++-compat  conftest.c >&5
configure:21126: $? = 0
configure:21134: result: yes
configure:21160: checking whether C++ compiler accepts -Wextra
configure:21179: g++ -c   -Wextra  conftest.cpp >&5
configure:21179: $? = 0
configure:21187: result: yes
configure:21206: checking whether C++ compiler accepts -Wconversion
configure:21225: g++ -c   -Wconversion  conftest.cpp >&5
configure:21225: $? = 0
configure:21233: result: yes
configure:21252: checking whether C++ compiler accepts -Wpointer-arith
configure:21271: g++ -c   -Wpointer-arith  conftest.cpp >&5
configure:21271: $? = 0
configure:21279: result: yes
configure:21298: checking whether C++ compiler accepts -Wfloat-equal
configure:21317: g++ -c   -Wfloat-equal  conftest.cpp >&5
configure:21317: $? = 0
configure:21325: result: yes
configure:21344: checking whether C++ compiler accepts -Wshadow
configure:21363: g++ -c   -Wshadow  conftest.cpp >&5
configure:21363: $? = 0
configure:21371: result: yes
configure:21390: checking whether C++ compiler accepts -Wwrite-strings
configure:21409: g++ -c   -Wwrite-strings  conftest.cpp >&5
configure:21409: $? = 0
configure:21417: result: yes
configure:21442: checking whether Fortran compiler accepts -fimplicit-none
configure:21455: gfortran -c   -fimplicit-none  conftest.f >&5
configure:21455: $? = 0
configure:21463: result: yes
configure:21482: checking whether Fortran compiler accepts -ffree-line-length-none
configure:21495: gfortran -c   -ffree-line-length-none  conftest.f >&5
configure:21495: $? = 0
configure:21503: result: yes
configure:21522: checking whether Fortran compiler accepts -Wall
configure:21535: gfortran -c   -Wall  conftest.f >&5
configure:21535: $? = 0
configure:21543: result: yes
configure:21562: checking whether Fortran compiler accepts -pedantic
configure:21575: gfortran -c   -pedantic  conftest.f >&5
configure:21575: $? = 0
configure:21583: result: yes
configure:21602: checking whether Fortran compiler accepts -Wextra
configure:21615: gfortran -c   -Wextra  conftest.f >&5
configure:21615: $? = 0
configure:21623: result: yes
configure:21642: checking whether Fortran compiler accepts -Wconversion
configure:21655: gfortran -c   -Wconversion  conftest.f >&5
configure:21655: $? = 0
configure:21663: result: yes
configure:21682: checking whether Fortran compiler accepts -Wconversion-extra
configure:21695: gfortran -c   -Wconversion-extra  conftest.f >&5
configure:21695: $? = 0
configure:21703: result: yes
configure:21722: checking whether Fortran compiler accepts -Wshadow
configure:21735: gfortran -c   -Wshadow  conftest.f >&5
configure:21735: $? = 0
configure:21743: result: yes
configure:21762: checking whether Fortran compiler accepts -Wimplicit-interface
configure:21775: gfortran -c   -Wimplicit-interface  conftest.f >&5
configure:21775: $? = 0
configure:21783: result: yes
configure:21802: checking whether Fortran compiler accepts -Wimplicit-procedure
configure:21815: gfortran -c   -Wimplicit-procedure  conftest.f >&5
configure:21815: $? = 0
configure:21823: result: yes
configure:21842: checking whether Fortran compiler accepts -Wunderflow
configure:21855: gfortran -c   -Wunderflow  conftest.f >&5
configure:21855: $? = 0
configure:21863: result: yes
configure:21882: checking whether Fortran compiler accepts -Warray-temporaries
configure:21895: gfortran -c   -Warray-temporaries  conftest.f >&5
configure:21895: $? = 0
configure:21903: result: yes
configure:21922: checking whether Fortran compiler accepts -Wtabs
configure:21935: gfortran -c   -Wtabs  conftest.f >&5
configure:21935: $? = 0
configure:21943: result: yes
configure:21962: checking whether Fortran compiler accepts -Wunused-parameter
configure:21975: gfortran -c   -Wunused-parameter  conftest.f >&5
configure:21975: $? = 0
configure:21983: result: yes
configure:22002: checking whether Fortran compiler accepts -Wintrinsic-shadow
configure:22015: gfortran -c   -Wintrinsic-shadow  conftest.f >&5
configure:22015: $? = 0
configure:22023: result: yes
configure:22195: checking for java
configure:22225: result: no
configure:22195: checking for kaffe
configure:22225: result: no
configure:22239: checking for javac
configure:22269: result: no
configure:22239: checking for gcj
configure:22269: result: no
configure:22239: checking for jikes
configure:22269: result: no
configure:22239: checking for guavac
configure:22269: result: no
configure:22283: checking for javah
configure:22313: result: no
configure:22327: checking for jar
configure:22357: result: no
configure:22878: creating ./config.status

## ---------------------- ##
## Running config.status. ##
## ---------------------- ##

This file was extended by amino config.status 0.20120916, which was
generated by GNU Autoconf 2.68.  Invocation command line was

  CONFIG_FILES    = 
  CONFIG_HEADERS  = 
  CONFIG_LINKS    = 
  CONFIG_COMMANDS = 
  $ ./config.status 

on powerball

config.status:1277: creating Makefile
config.status:1277: creating config.h
config.status:1458: config.h is unchanged
config.status:1506: executing depfiles commands
config.status:1506: executing libtool commands
configure:25622: CONFIGURATION SUMMARY
configure:25624: =====================
configure:25626: PREFIX:          /usr/local
configure:25628: BUILD JAVA LIB:  no

## ---------------- ##
## Cache variables. ##
## ---------------- ##

ac_cv_build=i686-pc-linux-gnu
ac_cv_c_compiler_gnu=yes
ac_cv_cflags_warn_all=-Wall
ac_cv_cxx_compiler_gnu=yes
ac_cv_env_CCC_set=
ac_cv_env_CCC_value=
ac_cv_env_CC_set=
ac_cv_env_CC_value=
ac_cv_env_CFLAGS_set=
ac_cv_env_CFLAGS_value=
ac_cv_env_CPPFLAGS_set=
ac_cv_env_CPPFLAGS_value=
ac_cv_env_CPP_set=
ac_cv_env_CPP_value=
ac_cv_env_CXXCPP_set=
ac_cv_env_CXXCPP_value=
ac_cv_env_CXXFLAGS_set=
ac_cv_env_CXXFLAGS_value=
ac_cv_env_CXX_set=
ac_cv_env_CXX_value=
ac_cv_env_DOXYGEN_PAPER_SIZE_set=
ac_cv_env_DOXYGEN_PAPER_SIZE_value=
ac_cv_env_FCFLAGS_set=
ac_cv_env_FCFLAGS_value=
ac_cv_env_FC_set=
ac_cv_env_FC_value=
ac_cv_env_LDFLAGS_set=
ac_cv_env_LDFLAGS_value=
ac_cv_env_LIBS_set=
ac_cv_env_LIBS_value=
ac_cv_env_build_alias_set=
ac_cv_env_build_alias_value=
ac_cv_env_host_alias_set=
ac_cv_env_host_alias_value=
ac_cv_env_target_alias_set=
ac_cv_env_target_alias_value=
ac_cv_fc_compiler_gnu=yes
ac_cv_func_sincos=yes
ac_cv_header_cblas_h=yes
ac_cv_header_dlfcn_h=yes
ac_cv_header_inttypes_h=yes
ac_cv_header_memory_h=yes
ac_cv_header_minix_config_h=no
ac_cv_header_stdc=yes
ac_cv_header_stdint_h=yes
ac_cv_header_stdlib_h=yes
ac_cv_header_string_h=yes
ac_cv_header_strings_h=yes
ac_cv_header_sys_stat_h=yes
ac_cv_header_sys_types_h=yes
ac_cv_header_unistd_h=yes
ac_cv_host=i686-pc-linux-gnu
ac_cv_lib_m_sqrt=yes
ac_cv_objext=o
ac_cv_path_EGREP='/bin/grep -E'
ac_cv_path_FGREP='/bin/grep -F'
ac_cv_path_GREP=/bin/grep
ac_cv_path_SED=/bin/sed
ac_cv_path_ac_pt_DX_DOXYGEN=/usr/bin/doxygen
ac_cv_path_ac_pt_DX_PERL=/usr/bin/perl
ac_cv_path_install='/usr/bin/install -c'
ac_cv_path_mkdir=/bin/mkdir
ac_cv_prog_AWK=mawk
ac_cv_prog_CPP='gcc -E'
ac_cv_prog_CXXCPP='g++ -E'
ac_cv_prog_MAXIMA=maxima
ac_cv_prog_ac_ct_AR=ar
ac_cv_prog_ac_ct_CC=gcc
ac_cv_prog_ac_ct_CXX=g++
ac_cv_prog_ac_ct_FC=gfortran
ac_cv_prog_ac_ct_MANIFEST_TOOL=mt
ac_cv_prog_ac_ct_OBJDUMP=objdump
ac_cv_prog_ac_ct_RANLIB=ranlib
ac_cv_prog_ac_ct_STRIP=strip
ac_cv_prog_cc_c89=
ac_cv_prog_cc_c99=-std=gnu99
ac_cv_prog_cc_g=yes
ac_cv_prog_cc_gcc_c_o=yes
ac_cv_prog_cxx_g=yes
ac_cv_prog_fc_g=yes
ac_cv_prog_make_make_set=yes
ac_cv_safe_to_define___extensions__=yes
ac_cv_search_clock_gettime=-lrt
ac_cv_tls=__thread
am_cv_CC_dependencies_compiler_type=gcc3
am_cv_CXX_dependencies_compiler_type=gcc3
am_cv_make_support_nested_variables=yes
ax_cv_check_cflags___Wconversion=yes
ax_cv_check_cflags___Wcpp_compat=yes
ax_cv_check_cflags___Wextra=yes
ax_cv_check_cflags___Wfloat_equal=yes
ax_cv_check_cflags___Wpointer_arith=yes
ax_cv_check_cflags___Wshadow=yes
ax_cv_check_cflags___Wwrite_strings=yes
ax_cv_check_cxxflags___Wconversion=yes
ax_cv_check_cxxflags___Wextra=yes
ax_cv_check_cxxflags___Wfloat_equal=yes
ax_cv_check_cxxflags___Wpointer_arith=yes
ax_cv_check_cxxflags___Wshadow=yes
ax_cv_check_cxxflags___Wwrite_strings=yes
ax_cv_check_fcflags___Wall=yes
ax_cv_check_fcflags___Warray_temporaries=yes
ax_cv_check_fcflags___Wconversion=yes
ax_cv_check_fcflags___Wconversion_extra=yes
ax_cv_check_fcflags___Wextra=yes
ax_cv_check_fcflags___Wimplicit_interface=yes
ax_cv_check_fcflags___Wimplicit_procedure=yes
ax_cv_check_fcflags___Wintrinsic_shadow=yes
ax_cv_check_fcflags___Wshadow=yes
ax_cv_check_fcflags___Wtabs=yes
ax_cv_check_fcflags___Wunderflow=yes
ax_cv_check_fcflags___Wunused_parameter=yes
ax_cv_check_fcflags___ffree_line_length_none=yes
ax_cv_check_fcflags___fimplicit_none=yes
ax_cv_check_fcflags___pedantic=yes
lt_cv_ar_at_file=@
lt_cv_archive_cmds_need_lc=no
lt_cv_deplibs_check_method=pass_all
lt_cv_file_magic_cmd='$MAGIC_CMD'
lt_cv_file_magic_test_file=
lt_cv_ld_reload_flag=-r
lt_cv_nm_interface='BSD nm'
lt_cv_objdir=.libs
lt_cv_path_LD=/usr/bin/ld
lt_cv_path_LDCXX=/usr/bin/ld
lt_cv_path_NM='/usr/bin/nm -B'
lt_cv_path_mainfest_tool=no
lt_cv_prog_compiler_c_o=yes
lt_cv_prog_compiler_c_o_CXX=yes
lt_cv_prog_compiler_c_o_FC=yes
lt_cv_prog_compiler_pic='-fPIC -DPIC'
lt_cv_prog_compiler_pic_CXX='-fPIC -DPIC'
lt_cv_prog_compiler_pic_FC=-fPIC
lt_cv_prog_compiler_pic_works=yes
lt_cv_prog_compiler_pic_works_CXX=yes
lt_cv_prog_compiler_pic_works_FC=yes
lt_cv_prog_compiler_rtti_exceptions=no
lt_cv_prog_compiler_static_works=yes
lt_cv_prog_compiler_static_works_CXX=yes
lt_cv_prog_compiler_static_works_FC=yes
lt_cv_prog_gnu_ld=yes
lt_cv_prog_gnu_ldcxx=yes
lt_cv_sharedlib_from_linklib_cmd='printf %s\n'
lt_cv_shlibpath_overrides_runpath=no
lt_cv_sys_global_symbol_pipe='sed -n -e '\''s/^.*[	 ]\([ABCDGIRSTW][ABCDGIRSTW]*\)[	 ][	 ]*\([_A-Za-z][_A-Za-z0-9]*\)$/\1 \2 \2/p'\'' | sed '\''/ __gnu_lto/d'\'''
lt_cv_sys_global_symbol_to_c_name_address='sed -n -e '\''s/^: \([^ ]*\)[ ]*$/  {\"\1\", (void *) 0},/p'\'' -e '\''s/^[ABCDGIRSTW]* \([^ ]*\) \([^ ]*\)$/  {"\2", (void *) \&\2},/p'\'''
lt_cv_sys_global_symbol_to_c_name_address_lib_prefix='sed -n -e '\''s/^: \([^ ]*\)[ ]*$/  {\"\1\", (void *) 0},/p'\'' -e '\''s/^[ABCDGIRSTW]* \([^ ]*\) \(lib[^ ]*\)$/  {"\2", (void *) \&\2},/p'\'' -e '\''s/^[ABCDGIRSTW]* \([^ ]*\) \([^ ]*\)$/  {"lib\2", (void *) \&\2},/p'\'''
lt_cv_sys_global_symbol_to_cdecl='sed -n -e '\''s/^T .* \(.*\)$/extern int \1();/p'\'' -e '\''s/^[ABCDGIRSTW]* .* \(.*\)$/extern char \1;/p'\'''
lt_cv_sys_max_cmd_len=1572864
lt_cv_to_host_file_cmd=func_convert_file_noop
lt_cv_to_tool_file_cmd=func_convert_file_noop

## ----------------- ##
## Output variables. ##
## ----------------- ##

ACLOCAL='${SHELL} /home/bryant/rpi_robotics_work/gatech_powerball_port/amino/missing --run aclocal-1.11'
AMDEPBACKSLASH='\'
AMDEP_FALSE='#'
AMDEP_TRUE=''
AMTAR='$${TAR-tar}'
AM_BACKSLASH='\'
AM_DEFAULT_V='$(AM_DEFAULT_VERBOSITY)'
AM_DEFAULT_VERBOSITY='1'
AM_V='$(V)'
AR='ar'
AUTOCONF='${SHELL} /home/bryant/rpi_robotics_work/gatech_powerball_port/amino/missing --run autoconf'
AUTOHEADER='${SHELL} /home/bryant/rpi_robotics_work/gatech_powerball_port/amino/missing --run autoheader'
AUTOMAKE='${SHELL} /home/bryant/rpi_robotics_work/gatech_powerball_port/amino/missing --run automake-1.11'
AWK='mawk'
CC='gcc -std=gnu99'
CCDEPMODE='depmode=gcc3'
CFLAGS='-Wc++-compat -Wwrite-strings -Wshadow -Wfloat-equal -Wpointer-arith -Wconversion -Wextra -g -O2 -Wall'
CPP='gcc -E'
CPPFLAGS=''
CXX='g++'
CXXCPP='g++ -E'
CXXDEPMODE='depmode=gcc3'
CXXFLAGS='-Wwrite-strings -Wshadow -Wfloat-equal -Wpointer-arith -Wconversion -Wextra -g -O2'
CYGPATH_W='echo'
DEFS='-DHAVE_CONFIG_H'
DEPDIR='.deps'
DLLTOOL='false'
DOXYGEN_PAPER_SIZE=''
DSYMUTIL=''
DUMPBIN=''
DX_COND_chi_FALSE=''
DX_COND_chi_TRUE='#'
DX_COND_chm_FALSE=''
DX_COND_chm_TRUE='#'
DX_COND_doc_FALSE='#'
DX_COND_doc_TRUE=''
DX_COND_dot_FALSE=''
DX_COND_dot_TRUE='#'
DX_COND_html_FALSE='#'
DX_COND_html_TRUE=''
DX_COND_latex_FALSE=''
DX_COND_latex_TRUE='#'
DX_COND_man_FALSE=''
DX_COND_man_TRUE='#'
DX_COND_pdf_FALSE=''
DX_COND_pdf_TRUE='#'
DX_COND_ps_FALSE=''
DX_COND_ps_TRUE='#'
DX_COND_rtf_FALSE=''
DX_COND_rtf_TRUE='#'
DX_COND_xml_FALSE=''
DX_COND_xml_TRUE='#'
DX_CONFIG='Doxyfile'
DX_DOCDIR='doxygen-doc'
DX_DOT=''
DX_DOXYGEN='/usr/bin/doxygen'
DX_DVIPS=''
DX_EGREP=''
DX_ENV=' SRCDIR='\''.'\'' PROJECT='\''amino'\'' DOCDIR='\''doxygen-doc'\'' VERSION='\''0.20120916'\'' PERL_PATH='\''/usr/bin/perl'\'' HAVE_DOT='\''NO'\'' GENERATE_MAN='\''NO'\'' GENERATE_RTF='\''NO'\'' GENERATE_XML='\''NO'\'' GENERATE_HTMLHELP='\''NO'\'' GENERATE_CHI='\''NO'\'' GENERATE_HTML='\''YES'\'' GENERATE_LATEX='\''NO'\'''
DX_FLAG_chi='0'
DX_FLAG_chm='0'
DX_FLAG_doc='1'
DX_FLAG_dot='0'
DX_FLAG_html='1'
DX_FLAG_man='0'
DX_FLAG_pdf='0'
DX_FLAG_ps='0'
DX_FLAG_rtf='0'
DX_FLAG_xml='0'
DX_HHC=''
DX_LATEX=''
DX_MAKEINDEX=''
DX_PDFLATEX=''
DX_PERL='/usr/bin/perl'
DX_PROJECT='amino'
ECHO_C=''
ECHO_N='-n'
ECHO_T=''
EGREP='/bin/grep -E'
EXEEXT=''
FC='gfortran'
FCFLAGS='-Wintrinsic-shadow -Wunused-parameter -Wtabs -Warray-temporaries -Wunderflow -Wimplicit-procedure -Wimplicit-interface -Wshadow -Wconversion-extra -Wconversion -Wextra -pedantic -Wall -ffree-line-length-none -fimplicit-none -g -O2'
FGREP='/bin/grep -F'
GREP='/bin/grep'
HAVE_JAVAC_FALSE=''
HAVE_JAVAC_TRUE='#'
INSTALL_DATA='${INSTALL} -m 644'
INSTALL_PROGRAM='${INSTALL}'
INSTALL_SCRIPT='${INSTALL}'
INSTALL_STRIP_PROGRAM='$(install_sh) -c -s'
JAR=''
JAVA=''
JAVAC=''
JAVAH=''
JNICPPFLAGS=''
LD='/usr/bin/ld'
LDFLAGS=''
LIBOBJS=''
LIBS='-lm -lrt '
LIBTOOL='$(SHELL) $(top_builddir)/libtool'
LIPO=''
LN_S='ln -s'
LTLIBOBJS=''
MAKEINFO='${SHELL} /home/bryant/rpi_robotics_work/gatech_powerball_port/amino/missing --run makeinfo'
MANIFEST_TOOL=':'
MAXIMA='maxima'
MKDIR_P='/bin/mkdir -p'
NM='/usr/bin/nm -B'
NMEDIT=''
OBJDUMP='objdump'
OBJEXT='o'
OTOOL64=''
OTOOL=''
PACKAGE='amino'
PACKAGE_BUGREPORT='ntd@gatech.edu'
PACKAGE_NAME='amino'
PACKAGE_STRING='amino 0.20120916'
PACKAGE_TARNAME='amino'
PACKAGE_URL=''
PACKAGE_VERSION='0.20120916'
PATH_SEPARATOR=':'
RANLIB='ranlib'
SED='/bin/sed'
SET_MAKE=''
SHELL='/bin/bash'
STRIP='strip'
VERSION='0.20120916'
_ACJNI_JAVAC=''
ac_ct_AR='ar'
ac_ct_CC='gcc'
ac_ct_CXX='g++'
ac_ct_DUMPBIN=''
ac_ct_FC='gfortran'
am__EXEEXT_FALSE=''
am__EXEEXT_TRUE='#'
am__fastdepCC_FALSE='#'
am__fastdepCC_TRUE=''
am__fastdepCXX_FALSE='#'
am__fastdepCXX_TRUE=''
am__include='include'
am__isrc=''
am__leading_dot='.'
am__nodep='_no'
am__quote=''
am__tar='$${TAR-tar} chof - "$$tardir"'
am__untar='$${TAR-tar} xf -'
bindir='${exec_prefix}/bin'
build='i686-pc-linux-gnu'
build_alias=''
build_cpu='i686'
build_os='linux-gnu'
build_vendor='pc'
datadir='${datarootdir}'
datarootdir='${prefix}/share'
docdir='${datarootdir}/doc/${PACKAGE_TARNAME}'
dvidir='${docdir}'
exec_prefix='${prefix}'
host='i686-pc-linux-gnu'
host_alias=''
host_cpu='i686'
host_os='linux-gnu'
host_vendor='pc'
htmldir='${docdir}'
includedir='${prefix}/include'
infodir='${datarootdir}/info'
install_sh='${SHELL} /home/bryant/rpi_robotics_work/gatech_powerball_port/amino/install-sh'
libdir='${exec_prefix}/lib'
libexecdir='${exec_prefix}/libexec'
localedir='${datarootdir}/locale'
localstatedir='${prefix}/var'
mandir='${datarootdir}/man'
mkdir_p='/bin/mkdir -p'
oldincludedir='/usr/include'
pdfdir='${docdir}'
prefix='/usr/local'
program_transform_name='s,x,x,'
psdir='${docdir}'
sbindir='${exec_prefix}/sbin'
sharedstatedir='${prefix}/com'
sysconfdir='${prefix}/etc'
target_alias=''

## ----------- ##
## confdefs.h. ##
## ----------- ##

/* confdefs.h */
#define PACKAGE_NAME "amino"
#define PACKAGE_TARNAME "amino"
#define PACKAGE_VERSION "0.20120916"
#define PACKAGE_STRING "amino 0.20120916"
#define PACKAGE_BUGREPORT "ntd@gatech.edu"
#define PACKAGE_URL ""
#define PACKAGE "amino"
#define VERSION "0.20120916"
#define STDC_HEADERS 1
#define HAVE_SYS_TYPES_H 1
#define HAVE_SYS_STAT_H 1
#define HAVE_STDLIB_H 1
#define HAVE_STRING_H 1
#define HAVE_MEMORY_H 1
#define HAVE_STRINGS_H 1
#define HAVE_INTTYPES_H 1
#define HAVE_STDINT_H 1
#define HAVE_UNISTD_H 1
#define __EXTENSIONS__ 1
#define _ALL_SOURCE 1
#define _GNU_SOURCE 1
#define _POSIX_PTHREAD_SEMANTICS 1
#define _TANDEM_SOURCE 1
#define HAVE_DLFCN_H 1
#define LT_OBJDIR ".libs/"
#define HAVE_CBLAS_H 1
#define HAVE_LIBM 1
#define HAVE_SINCOS 1
#define TLS __thread

configure: exit 0
